<?xml version="1.0" encoding="UTF-8"?>
<testsuite name="dev.devrunner.crawler.task.job.contentGenerator.contentGenerator.ContentGenerateFacadeTest" tests="4" skipped="4" failures="0" errors="0" timestamp="2025-11-11T06:11:58" hostname="dankim0124ui-MacBookPro.local" time="0.008">
  <properties/>
  <testcase name="testMetaJobGenerationMultiple()" classname="dev.devrunner.crawler.task.job.contentGenerator.contentGenerator.ContentGenerateFacadeTest" time="0.0">
    <skipped/>
  </testcase>
  <testcase name="testMetaJobGeneration()" classname="dev.devrunner.crawler.task.job.contentGenerator.contentGenerator.ContentGenerateFacadeTest" time="0.001">
    <skipped/>
  </testcase>
  <testcase name="testGoogleJobGenerationMultiple()" classname="dev.devrunner.crawler.task.job.contentGenerator.contentGenerator.ContentGenerateFacadeTest" time="0.004">
    <skipped/>
  </testcase>
  <testcase name="testGoogleJobGeneration()" classname="dev.devrunner.crawler.task.job.contentGenerator.contentGenerator.ContentGenerateFacadeTest" time="0.001">
    <skipped/>
  </testcase>
  <system-out><![CDATA[]]></system-out>
  <system-err><![CDATA[]]></system-err>
</testsuite>
