<?xml version="1.0" encoding="UTF-8"?>
<testsuite name="dev.devrunner.crawler.task.job.contentCrawler.parser.TikTokJobContentShortenerTest" tests="2" skipped="2" failures="0" errors="0" timestamp="2025-11-11T06:11:58" hostname="dankim0124ui-MacBookPro.local" time="0.0">
  <properties/>
  <testcase name="printMd()" classname="dev.devrunner.crawler.task.job.contentCrawler.parser.TikTokJobContentShortenerTest" time="0.0">
    <skipped/>
  </testcase>
  <testcase name="run()" classname="dev.devrunner.crawler.task.job.contentCrawler.parser.TikTokJobContentShortenerTest" time="0.0">
    <skipped/>
  </testcase>
  <system-out><![CDATA[]]></system-out>
  <system-err><![CDATA[]]></system-err>
</testsuite>
