<?xml version="1.0" encoding="UTF-8"?>
<testsuite name="dev.devrunner.service.job.impl.DefaultJobReaderTest" tests="13" skipped="0" failures="0" errors="0" timestamp="2025-11-11T06:10:35" hostname="dankim0124ui-MacBookPro.local" time="0.042">
  <properties/>
  <testcase name="getByUrl_existingUrl_returnsJob()" classname="dev.devrunner.service.job.impl.DefaultJobReaderTest" time="0.02"/>
  <testcase name="getById_nonExistingId_throwsJobNotFoundException()" classname="dev.devrunner.service.job.impl.DefaultJobReaderTest" time="0.001"/>
  <testcase name="getByIds_withExistingIds_returnsList()" classname="dev.devrunner.service.job.impl.DefaultJobReaderTest" time="0.002"/>
  <testcase name="read_existingId_returnsJobAndIncrementsViewCount()" classname="dev.devrunner.service.job.impl.DefaultJobReaderTest" time="0.002"/>
  <testcase name="getByIds_withEmptyIds_returnsEmptyList()" classname="dev.devrunner.service.job.impl.DefaultJobReaderTest" time="0.001"/>
  <testcase name="getByCompany_existingCompany_returnsList()" classname="dev.devrunner.service.job.impl.DefaultJobReaderTest" time="0.002"/>
  <testcase name="getByUrl_nonExistingUrl_throwsJobNotFoundException()" classname="dev.devrunner.service.job.impl.DefaultJobReaderTest" time="0.002"/>
  <testcase name="getById_existingId_returnsJobWithoutViewCount()" classname="dev.devrunner.service.job.impl.DefaultJobReaderTest" time="0.001"/>
  <testcase name="getAll_emptyData_returnsEmptyList()" classname="dev.devrunner.service.job.impl.DefaultJobReaderTest" time="0.001"/>
  <testcase name="read_nonExistingId_throwsJobNotFoundException()" classname="dev.devrunner.service.job.impl.DefaultJobReaderTest" time="0.002"/>
  <testcase name="getByCompany_nonExistingCompany_returnsEmptyList()" classname="dev.devrunner.service.job.impl.DefaultJobReaderTest" time="0.002"/>
  <testcase name="getAll_withData_returnsList()" classname="dev.devrunner.service.job.impl.DefaultJobReaderTest" time="0.002"/>
  <testcase name="getByIds_withPartiallyExistingIds_returnsOnlyExistingJobs()" classname="dev.devrunner.service.job.impl.DefaultJobReaderTest" time="0.001"/>
  <system-out><![CDATA[]]></system-out>
  <system-err><![CDATA[]]></system-err>
</testsuite>
