<?xml version="1.0" encoding="UTF-8"?>
<testsuite name="정상 변환 테스트" tests="4" skipped="0" failures="0" errors="0" timestamp="2025-11-11T06:10:24" hostname="dankim0124ui-MacBookPro.local" time="0.007">
  <properties/>
  <testcase name="모든 필드가 채워진 TechBlog을 TechBlogDoc으로 변환" classname="dev.devrunner.elasticsearch.mapper.TechBlogDocMapperTest$SuccessfulConversionTest" time="0.003"/>
  <testcase name="빈 TechCategory 리스트도 정상 처리" classname="dev.devrunner.elasticsearch.mapper.TechBlogDocMapperTest$SuccessfulConversionTest" time="0.001"/>
  <testcase name="TechCategory enum 리스트를 String 리스트로 변환" classname="dev.devrunner.elasticsearch.mapper.TechBlogDocMapperTest$SuccessfulConversionTest" time="0.001"/>
  <testcase name="필수 필드만 있는 TechBlog을 TechBlogDoc으로 변환 (null 처리)" classname="dev.devrunner.elasticsearch.mapper.TechBlogDocMapperTest$SuccessfulConversionTest" time="0.001"/>
  <system-out><![CDATA[]]></system-out>
  <system-err><![CDATA[]]></system-err>
</testsuite>
