<?xml version="1.0" encoding="UTF-8"?>
<testsuite name="dev.devrunner.jdbc.job.repository.JobJdbcRepositoryTest" tests="6" skipped="0" failures="0" errors="0" timestamp="2025-11-11T06:10:31" hostname="dankim0124ui-MacBookPro.local" time="0.083">
  <properties/>
  <testcase name="findById_existingId_returnsConvertedDomain()" classname="dev.devrunner.jdbc.job.repository.JobJdbcRepositoryTest" time="0.035"/>
  <testcase name="increaseLikeCount_validJobId_incrementsSuccessfully()" classname="dev.devrunner.jdbc.job.repository.JobJdbcRepositoryTest" time="0.011"/>
  <testcase name="increaseCommentCount_validJobId_incrementsSuccessfully()" classname="dev.devrunner.jdbc.job.repository.JobJdbcRepositoryTest" time="0.008"/>
  <testcase name="save_withValidDomain_returnsConvertedDomain()" classname="dev.devrunner.jdbc.job.repository.JobJdbcRepositoryTest" time="0.009"/>
  <testcase name="increaseDislikeCount_validJobId_incrementsSuccessfully()" classname="dev.devrunner.jdbc.job.repository.JobJdbcRepositoryTest" time="0.009"/>
  <testcase name="increaseViewCount_validJobId_incrementsSuccessfully()" classname="dev.devrunner.jdbc.job.repository.JobJdbcRepositoryTest" time="0.009"/>
  <system-out><![CDATA[2025-11-11T15:10:31.014+09:00  INFO 56239 --- [    Test worker] t.c.s.AnnotationConfigContextLoaderUtils : Could not detect default configuration classes for test class [dev.devrunner.jdbc.job.repository.JobJdbcRepositoryTest]: JobJdbcRepositoryTest does not declare any static, non-private, non-final, nested classes annotated with @Configuration.
2025-11-11T15:10:31.021+09:00  INFO 56239 --- [    Test worker] .b.t.c.SpringBootTestContextBootstrapper : Found @SpringBootConfiguration dev.devrunner.jdbc.TestApplication for test class dev.devrunner.jdbc.job.repository.JobJdbcRepositoryTest

  .   ____          _            __ _ _
 /\\ / ___'_ __ _ _(_)_ __  __ _ \ \ \ \
( ( )\___ | '_ | '_| | '_ \/ _` | \ \ \ \
 \\/  ___)| |_)| | | | | || (_| |  ) ) ) )
  '  |____| .__|_| |_|_| |_\__, | / / / /
 =========|_|==============|___/=/_/_/_/
 :: Spring Boot ::                (v3.2.1)

2025-11-11T15:10:31.041+09:00  INFO 56239 --- [    Test worker] d.d.j.j.r.JobJdbcRepositoryTest          : Starting JobJdbcRepositoryTest using Java 21.0.7 with PID 56239 (started by dankim0124 in /Users/dankim0124/IdeaProjects/breakin-be/breakin-be/modules/devrunner/repository-jdbc)
2025-11-11T15:10:31.041+09:00  INFO 56239 --- [    Test worker] d.d.j.j.r.JobJdbcRepositoryTest          : The following 1 profile is active: "test"
2025-11-11T15:10:31.083+09:00  INFO 56239 --- [    Test worker] .s.d.r.c.RepositoryConfigurationDelegate : Bootstrapping Spring Data JDBC repositories in DEFAULT mode.
2025-11-11T15:10:31.088+09:00  INFO 56239 --- [    Test worker] .s.d.r.c.RepositoryConfigurationDelegate : Finished Spring Data repository scanning in 5 ms. Found 9 JDBC repository interfaces.
2025-11-11T15:10:31.106+09:00 DEBUG 56239 --- [    Test worker] o.s.jdbc.datasource.DataSourceUtils      : Fetching JDBC Connection from DataSource
2025-11-11T15:10:31.106+09:00  INFO 56239 --- [    Test worker] com.zaxxer.hikari.HikariDataSource       : HikariPool-4 - Starting...
2025-11-11T15:10:31.107+09:00  INFO 56239 --- [    Test worker] com.zaxxer.hikari.pool.HikariPool        : HikariPool-4 - Added connection conn30: url=jdbc:h2:mem:testdb user=SA
2025-11-11T15:10:31.107+09:00  INFO 56239 --- [    Test worker] com.zaxxer.hikari.HikariDataSource       : HikariPool-4 - Start completed.
2025-11-11T15:10:31.107+09:00 DEBUG 56239 --- [    Test worker] o.s.jdbc.datasource.init.ScriptUtils     : Executing SQL script from class path resource [schema.sql]
2025-11-11T15:10:31.109+09:00 DEBUG 56239 --- [    Test worker] o.s.jdbc.datasource.init.ScriptUtils     : 0 returned as update count for SQL: CREATE TABLE IF NOT EXISTS examples ( example_id BIGINT AUTO_INCREMENT PRIMARY KEY, name VARCHAR(255) NOT NULL, created_at TIMESTAMP WITH TIME ZONE NOT NULL, updated_at TIMESTAMP WITH TIME ZONE NOT NULL )
2025-11-11T15:10:31.109+09:00 DEBUG 56239 --- [    Test worker] o.s.jdbc.datasource.init.ScriptUtils     : 0 returned as update count for SQL: CREATE TABLE IF NOT EXISTS users ( id BIGINT AUTO_INCREMENT PRIMARY KEY, google_id VARCHAR(255) NOT NULL UNIQUE, email VARCHAR(512) NOT NULL UNIQUE, nickname VARCHAR(100) NOT NULL UNIQUE, user_role VARCHAR(50) NOT NULL DEFAULT 'USER', email_enabled BOOLEAN DEFAULT TRUE, new_job_alerts BOOLEAN DEFAULT TRUE, reply_alerts BOOLEAN DEFAULT TRUE, like_alerts BOOLEAN DEFAULT TRUE, post_count BIGINT DEFAULT 0, comment_count BIGINT DEFAULT 0, likes_received BIGINT DEFAULT 0, like_given_count BIGINT DEFAULT 0, bookmark_count BIGINT DEFAULT 0, last_login_at TIMESTAMP WITH TIME ZONE NOT NULL, is_active BOOLEAN NOT NULL DEFAULT TRUE, is_withdrawn BOOLEAN NOT NULL DEFAULT FALSE, withdrawn_at TIMESTAMP WITH TIME ZONE, created_at TIMESTAMP WITH TIME ZONE NOT NULL, updated_at TIMESTAMP WITH TIME ZONE NOT NULL )
2025-11-11T15:10:31.109+09:00 DEBUG 56239 --- [    Test worker] o.s.jdbc.datasource.init.ScriptUtils     : 0 returned as update count for SQL: CREATE TABLE IF NOT EXISTS user_interested_companies ( user_id BIGINT NOT NULL, company_name VARCHAR(255) NOT NULL )
2025-11-11T15:10:31.109+09:00 DEBUG 56239 --- [    Test worker] o.s.jdbc.datasource.init.ScriptUtils     : 0 returned as update count for SQL: CREATE TABLE IF NOT EXISTS user_interested_locations ( user_id BIGINT NOT NULL, location_name VARCHAR(255) NOT NULL )
2025-11-11T15:10:31.109+09:00 DEBUG 56239 --- [    Test worker] o.s.jdbc.datasource.init.ScriptUtils     : 0 returned as update count for SQL: CREATE TABLE IF NOT EXISTS tech_blogs ( id BIGINT AUTO_INCREMENT PRIMARY KEY, url VARCHAR(512) NOT NULL UNIQUE, company VARCHAR(255), title VARCHAR(500) NOT NULL, one_liner VARCHAR(500), summary TEXT, summary_ko TEXT, markdown_body TEXT, thumbnail_url VARCHAR(512), original_url VARCHAR(512), view_count BIGINT NOT NULL DEFAULT 0, comment_count BIGINT NOT NULL DEFAULT 0, like_count BIGINT NOT NULL DEFAULT 0, dislike_count BIGINT NOT NULL DEFAULT 0, is_deleted BOOLEAN NOT NULL DEFAULT FALSE, created_at TIMESTAMP WITH TIME ZONE NOT NULL, updated_at TIMESTAMP WITH TIME ZONE NOT NULL )
2025-11-11T15:10:31.109+09:00 DEBUG 56239 --- [    Test worker] o.s.jdbc.datasource.init.ScriptUtils     : 0 returned as update count for SQL: CREATE TABLE IF NOT EXISTS tech_blog_tech_categories ( tech_blog_id BIGINT NOT NULL, category_name VARCHAR(100) NOT NULL )
2025-11-11T15:10:31.109+09:00 DEBUG 56239 --- [    Test worker] o.s.jdbc.datasource.init.ScriptUtils     : 0 returned as update count for SQL: CREATE TABLE IF NOT EXISTS jobs ( id BIGINT AUTO_INCREMENT PRIMARY KEY, url VARCHAR(512) NOT NULL UNIQUE, company VARCHAR(255) NOT NULL, title VARCHAR(500) NOT NULL, organization VARCHAR(255), one_line_summary VARCHAR(500), summary TEXT, min_years INT, max_years INT, experience_required BOOLEAN DEFAULT FALSE, career_level VARCHAR(50) DEFAULT 'ENTRY', employment_type VARCHAR(50) DEFAULT 'FULL_TIME', position_category VARCHAR(100), remote_policy VARCHAR(50) DEFAULT 'ONSITE', started_at TIMESTAMP, ended_at TIMESTAMP, is_open_ended BOOLEAN DEFAULT FALSE, is_closed BOOLEAN DEFAULT FALSE, position_introduction TEXT, full_description TEXT, has_assignment BOOLEAN DEFAULT FALSE, has_coding_test BOOLEAN DEFAULT FALSE, has_live_coding BOOLEAN DEFAULT FALSE, interview_count INT, interview_days INT, min_base_pay DECIMAL(15, 2), max_base_pay DECIMAL(15, 2), currency VARCHAR(10), unit VARCHAR(20), has_stock_option BOOLEAN, salary_note VARCHAR(1000), view_count BIGINT NOT NULL DEFAULT 0, comment_count BIGINT NOT NULL DEFAULT 0, like_count BIGINT NOT NULL DEFAULT 0, dislike_count BIGINT NOT NULL DEFAULT 0, is_deleted BOOLEAN NOT NULL DEFAULT FALSE, created_at TIMESTAMP WITH TIME ZONE NOT NULL, updated_at TIMESTAMP WITH TIME ZONE NOT NULL )
2025-11-11T15:10:31.109+09:00 DEBUG 56239 --- [    Test worker] o.s.jdbc.datasource.init.ScriptUtils     : 0 returned as update count for SQL: CREATE TABLE IF NOT EXISTS job_tech_categories ( job_id BIGINT NOT NULL, category_name VARCHAR(100) NOT NULL )
2025-11-11T15:10:31.109+09:00 DEBUG 56239 --- [    Test worker] o.s.jdbc.datasource.init.ScriptUtils     : 0 returned as update count for SQL: CREATE TABLE IF NOT EXISTS job_locations ( job_id BIGINT NOT NULL, location_name VARCHAR(255) NOT NULL )
2025-11-11T15:10:31.109+09:00 DEBUG 56239 --- [    Test worker] o.s.jdbc.datasource.init.ScriptUtils     : 0 returned as update count for SQL: CREATE TABLE IF NOT EXISTS job_responsibilities ( job_id BIGINT NOT NULL, responsibility VARCHAR(500) NOT NULL )
2025-11-11T15:10:31.109+09:00 DEBUG 56239 --- [    Test worker] o.s.jdbc.datasource.init.ScriptUtils     : 0 returned as update count for SQL: CREATE TABLE IF NOT EXISTS job_qualifications ( job_id BIGINT NOT NULL, qualification VARCHAR(500) NOT NULL )
2025-11-11T15:10:31.109+09:00 DEBUG 56239 --- [    Test worker] o.s.jdbc.datasource.init.ScriptUtils     : 0 returned as update count for SQL: CREATE TABLE IF NOT EXISTS job_preferred_qualifications ( job_id BIGINT NOT NULL, preferred_qualification VARCHAR(500) NOT NULL )
2025-11-11T15:10:31.109+09:00 DEBUG 56239 --- [    Test worker] o.s.jdbc.datasource.init.ScriptUtils     : 0 returned as update count for SQL: CREATE TABLE IF NOT EXISTS job_closed_checks ( id BIGINT AUTO_INCREMENT PRIMARY KEY, job_id BIGINT NOT NULL, url VARCHAR(2048) NOT NULL, closed BOOLEAN NOT NULL, closed_reason VARCHAR(300), explanation TEXT, checked_at TIMESTAMP WITH TIME ZONE NOT NULL )
2025-11-11T15:10:31.110+09:00 DEBUG 56239 --- [    Test worker] o.s.jdbc.datasource.init.ScriptUtils     : 0 returned as update count for SQL: CREATE TABLE IF NOT EXISTS community_posts ( id BIGINT AUTO_INCREMENT PRIMARY KEY, user_id BIGINT NOT NULL, category VARCHAR(100) NOT NULL, title VARCHAR(500) NOT NULL, markdown_body TEXT NOT NULL, company VARCHAR(255), location VARCHAR(255), job_id BIGINT, comment_id BIGINT, view_count BIGINT NOT NULL DEFAULT 0, comment_count BIGINT NOT NULL DEFAULT 0, like_count BIGINT NOT NULL DEFAULT 0, dislike_count BIGINT NOT NULL DEFAULT 0, is_deleted BOOLEAN NOT NULL DEFAULT FALSE, created_at TIMESTAMP WITH TIME ZONE NOT NULL, updated_at TIMESTAMP WITH TIME ZONE NOT NULL )
2025-11-11T15:10:31.110+09:00 DEBUG 56239 --- [    Test worker] o.s.jdbc.datasource.init.ScriptUtils     : 0 returned as update count for SQL: CREATE TABLE IF NOT EXISTS comments ( id BIGINT AUTO_INCREMENT PRIMARY KEY, user_id BIGINT NOT NULL, content TEXT NOT NULL, target_type VARCHAR(50) NOT NULL, target_id BIGINT NOT NULL, parent_id BIGINT, comment_order INT NOT NULL DEFAULT 0, level INT NOT NULL DEFAULT 0, sort_number INT NOT NULL DEFAULT 0, child_count INT NOT NULL DEFAULT 0, is_hidden BOOLEAN NOT NULL DEFAULT FALSE, created_at TIMESTAMP WITH TIME ZONE NOT NULL, updated_at TIMESTAMP WITH TIME ZONE NOT NULL )
2025-11-11T15:10:31.110+09:00 DEBUG 56239 --- [    Test worker] o.s.jdbc.datasource.init.ScriptUtils     : 0 returned as update count for SQL: CREATE TABLE IF NOT EXISTS reactions ( id BIGINT AUTO_INCREMENT PRIMARY KEY, user_id BIGINT NOT NULL, target_type VARCHAR(50) NOT NULL, target_id BIGINT NOT NULL, reaction_type VARCHAR(20) NOT NULL, created_at TIMESTAMP WITH TIME ZONE NOT NULL, updated_at TIMESTAMP WITH TIME ZONE NOT NULL )
2025-11-11T15:10:31.110+09:00 DEBUG 56239 --- [    Test worker] o.s.jdbc.datasource.init.ScriptUtils     : 0 returned as update count for SQL: CREATE TABLE IF NOT EXISTS bookmarks ( id BIGINT AUTO_INCREMENT PRIMARY KEY, user_id BIGINT NOT NULL, target_type VARCHAR(50) NOT NULL, target_id BIGINT NOT NULL, created_at TIMESTAMP WITH TIME ZONE NOT NULL, updated_at TIMESTAMP WITH TIME ZONE NOT NULL )
2025-11-11T15:10:31.110+09:00 DEBUG 56239 --- [    Test worker] o.s.jdbc.datasource.init.ScriptUtils     : 0 returned as update count for SQL: CREATE TABLE IF NOT EXISTS crawl_theirstack_jobs ( id BIGINT AUTO_INCREMENT PRIMARY KEY, their_stack_job_id BIGINT NOT NULL, raw_data TEXT NOT NULL, company VARCHAR(100), url TEXT, title TEXT, location TEXT, seniority VARCHAR(50), date_posted TIMESTAMP, description TEXT, status VARCHAR(20) NOT NULL, job_id BIGINT, error_message TEXT, created_at TIMESTAMP NOT NULL DEFAULT CURRENT_TIMESTAMP, updated_at TIMESTAMP, CONSTRAINT uk_theirstack_job_id UNIQUE (their_stack_job_id) )
2025-11-11T15:10:31.110+09:00 DEBUG 56239 --- [    Test worker] o.s.jdbc.datasource.init.ScriptUtils     : 0 returned as update count for SQL: CREATE INDEX IF NOT EXISTS idx_crawl_theirstack_jobs_status ON crawl_theirstack_jobs (status)
2025-11-11T15:10:31.110+09:00 DEBUG 56239 --- [    Test worker] o.s.jdbc.datasource.init.ScriptUtils     : 0 returned as update count for SQL: CREATE INDEX IF NOT EXISTS idx_crawl_theirstack_jobs_company ON crawl_theirstack_jobs (company)
2025-11-11T15:10:31.110+09:00 DEBUG 56239 --- [    Test worker] o.s.jdbc.datasource.init.ScriptUtils     : 0 returned as update count for SQL: CREATE INDEX IF NOT EXISTS idx_crawl_theirstack_jobs_date_posted ON crawl_theirstack_jobs (date_posted DESC)
2025-11-11T15:10:31.110+09:00 DEBUG 56239 --- [    Test worker] o.s.jdbc.datasource.init.ScriptUtils     : 0 returned as update count for SQL: CREATE INDEX IF NOT EXISTS idx_crawl_theirstack_jobs_created_at ON crawl_theirstack_jobs (created_at DESC)
2025-11-11T15:10:31.110+09:00 DEBUG 56239 --- [    Test worker] o.s.jdbc.datasource.init.ScriptUtils     : Executed SQL script from class path resource [schema.sql] in 3 ms.
2025-11-11T15:10:31.110+09:00 DEBUG 56239 --- [    Test worker] o.s.jdbc.datasource.DataSourceUtils      : Fetching JDBC Connection from DataSource
2025-11-11T15:10:31.110+09:00 DEBUG 56239 --- [    Test worker] o.s.jdbc.datasource.init.ScriptUtils     : Executing SQL script from URL [jar:file:/Users/dankim0124/IdeaProjects/breakin-be/breakin-be/modules/schema/build/libs/schema-1.0-SNAPSHOT.jar!/data.sql]
2025-11-11T15:10:31.111+09:00 DEBUG 56239 --- [    Test worker] o.s.jdbc.datasource.init.ScriptUtils     : 3 returned as update count for SQL: INSERT INTO examples (name, created_at, updated_at) VALUES ('First Example', CURRENT_TIMESTAMP, CURRENT_TIMESTAMP), ('Second Example', CURRENT_TIMESTAMP, CURRENT_TIMESTAMP), ('Third Example', CURRENT_TIMESTAMP, CURRENT_TIMESTAMP)
2025-11-11T15:10:31.111+09:00 DEBUG 56239 --- [    Test worker] o.s.jdbc.datasource.init.ScriptUtils     : Executed SQL script from URL [jar:file:/Users/dankim0124/IdeaProjects/breakin-be/breakin-be/modules/schema/build/libs/schema-1.0-SNAPSHOT.jar!/data.sql] in 1 ms.
2025-11-11T15:10:31.114+09:00 DEBUG 56239 --- [    Test worker] o.s.jdbc.datasource.DataSourceUtils      : Fetching JDBC Connection from DataSource
2025-11-11T15:10:31.133+09:00 DEBUG 56239 --- [    Test worker] o.s.d.j.r.s.JdbcQueryLookupStrategy      : Using the queryLookupStrategy CREATE_IF_NOT_FOUND
2025-11-11T15:10:31.139+09:00 DEBUG 56239 --- [    Test worker] o.s.d.j.r.s.JdbcQueryLookupStrategy      : Using the queryLookupStrategy CREATE_IF_NOT_FOUND
2025-11-11T15:10:31.142+09:00 DEBUG 56239 --- [    Test worker] o.s.d.j.r.s.JdbcQueryLookupStrategy      : Using the queryLookupStrategy CREATE_IF_NOT_FOUND
2025-11-11T15:10:31.144+09:00 DEBUG 56239 --- [    Test worker] o.s.d.j.r.s.JdbcQueryLookupStrategy      : Using the queryLookupStrategy CREATE_IF_NOT_FOUND
2025-11-11T15:10:31.147+09:00 DEBUG 56239 --- [    Test worker] o.s.d.j.r.s.JdbcQueryLookupStrategy      : Using the queryLookupStrategy CREATE_IF_NOT_FOUND
2025-11-11T15:10:31.150+09:00 DEBUG 56239 --- [    Test worker] o.s.d.j.r.s.JdbcQueryLookupStrategy      : Using the queryLookupStrategy CREATE_IF_NOT_FOUND
2025-11-11T15:10:31.151+09:00 DEBUG 56239 --- [    Test worker] o.s.d.j.r.s.JdbcQueryLookupStrategy      : Using the queryLookupStrategy CREATE_IF_NOT_FOUND
2025-11-11T15:10:31.152+09:00 DEBUG 56239 --- [    Test worker] o.s.d.j.r.s.JdbcQueryLookupStrategy      : Using the queryLookupStrategy CREATE_IF_NOT_FOUND
2025-11-11T15:10:31.153+09:00 DEBUG 56239 --- [    Test worker] o.s.d.j.r.s.JdbcQueryLookupStrategy      : Using the queryLookupStrategy CREATE_IF_NOT_FOUND
2025-11-11T15:10:31.156+09:00  INFO 56239 --- [    Test worker] d.d.j.j.r.JobJdbcRepositoryTest          : Started JobJdbcRepositoryTest in 0.133 seconds (process running for 4.659)
2025-11-11T15:10:31.158+09:00 DEBUG 56239 --- [    Test worker] o.s.jdbc.support.JdbcTransactionManager  : Creating new transaction with name [dev.devrunner.jdbc.job.repository.JobJdbcRepositoryTest.findById_existingId_returnsConvertedDomain]: PROPAGATION_REQUIRED,ISOLATION_DEFAULT
2025-11-11T15:10:31.158+09:00 DEBUG 56239 --- [    Test worker] o.s.jdbc.support.JdbcTransactionManager  : Acquired Connection [HikariProxyConnection@747827348 wrapping conn30: url=jdbc:h2:mem:testdb user=SA] for JDBC transaction
2025-11-11T15:10:31.158+09:00 DEBUG 56239 --- [    Test worker] o.s.jdbc.support.JdbcTransactionManager  : Switching JDBC Connection [HikariProxyConnection@747827348 wrapping conn30: url=jdbc:h2:mem:testdb user=SA] to manual commit
2025-11-11T15:10:31.160+09:00 DEBUG 56239 --- [    Test worker] o.s.jdbc.support.JdbcTransactionManager  : Participating in existing transaction
2025-11-11T15:10:31.169+09:00 DEBUG 56239 --- [    Test worker] o.s.jdbc.core.JdbcTemplate               : Executing SQL update and returning generated keys
2025-11-11T15:10:31.169+09:00 DEBUG 56239 --- [    Test worker] o.s.jdbc.core.JdbcTemplate               : Executing prepared SQL statement [INSERT INTO "jobs" ("CAREER_LEVEL", "COMMENT_COUNT", "COMPANY", "CREATED_AT", "CURRENCY", "DISLIKE_COUNT", "EMPLOYMENT_TYPE", "ENDED_AT", "experience_required", "FULL_DESCRIPTION", "HAS_ASSIGNMENT", "HAS_CODING_TEST", "HAS_LIVE_CODING", "HAS_STOCK_OPTION", "INTERVIEW_COUNT", "INTERVIEW_DAYS", "IS_CLOSED", "IS_DELETED", "IS_OPEN_ENDED", "LIKE_COUNT", "MAX_BASE_PAY", "MAX_YEARS", "MIN_BASE_PAY", "MIN_YEARS", "ONE_LINE_SUMMARY", "ORGANIZATION", "POSITION_CATEGORY", "POSITION_INTRODUCTION", "REMOTE_POLICY", "SALARY_NOTE", "STARTED_AT", "SUMMARY", "TITLE", "UNIT", "UPDATED_AT", "URL", "VIEW_COUNT") VALUES (?, ?, ?, ?, ?, ?, ?, ?, ?, ?, ?, ?, ?, ?, ?, ?, ?, ?, ?, ?, ?, ?, ?, ?, ?, ?, ?, ?, ?, ?, ?, ?, ?, ?, ?, ?, ?)]
2025-11-11T15:10:31.174+09:00 DEBUG 56239 --- [    Test worker] o.s.jdbc.core.JdbcTemplate               : Executing SQL batch update [INSERT INTO "job_tech_categories" ("category_name", "job_id") VALUES (?, ?)]
2025-11-11T15:10:31.174+09:00 DEBUG 56239 --- [    Test worker] o.s.jdbc.core.JdbcTemplate               : Executing prepared SQL statement [INSERT INTO "job_tech_categories" ("category_name", "job_id") VALUES (?, ?)]
2025-11-11T15:10:31.174+09:00 DEBUG 56239 --- [    Test worker] o.s.jdbc.support.JdbcUtils               : JDBC driver supports batch updates
2025-11-11T15:10:31.176+09:00 DEBUG 56239 --- [    Test worker] o.s.jdbc.core.JdbcTemplate               : Executing SQL batch update [INSERT INTO "job_locations" ("job_id", "location_name") VALUES (?, ?)]
2025-11-11T15:10:31.176+09:00 DEBUG 56239 --- [    Test worker] o.s.jdbc.core.JdbcTemplate               : Executing prepared SQL statement [INSERT INTO "job_locations" ("job_id", "location_name") VALUES (?, ?)]
2025-11-11T15:10:31.176+09:00 DEBUG 56239 --- [    Test worker] o.s.jdbc.support.JdbcUtils               : JDBC driver supports batch updates
2025-11-11T15:10:31.177+09:00 DEBUG 56239 --- [    Test worker] o.s.jdbc.support.JdbcTransactionManager  : Participating in existing transaction
2025-11-11T15:10:31.179+09:00 DEBUG 56239 --- [    Test worker] o.s.jdbc.core.JdbcTemplate               : Executing prepared SQL query
2025-11-11T15:10:31.179+09:00 DEBUG 56239 --- [    Test worker] o.s.jdbc.core.JdbcTemplate               : Executing prepared SQL statement [SELECT "jobs"."ID" AS "ID", "jobs"."URL" AS "URL", "jobs"."TITLE" AS "TITLE", "jobs"."COMPANY" AS "COMPANY", "jobs"."ENDED_AT" AS "ENDED_AT", "jobs"."SUMMARY" AS "SUMMARY", "jobs"."IS_CLOSED" AS "IS_CLOSED", "jobs"."CREATED_AT" AS "CREATED_AT", "jobs"."IS_DELETED" AS "IS_DELETED", "jobs"."UPDATED_AT" AS "UPDATED_AT", "jobs"."STARTED_AT" AS "STARTED_AT", "jobs"."IS_OPEN_ENDED" AS "IS_OPEN_ENDED", "jobs"."REMOTE_POLICY" AS "REMOTE_POLICY", "jobs"."ORGANIZATION" AS "ORGANIZATION", "jobs"."EMPLOYMENT_TYPE" AS "EMPLOYMENT_TYPE", "jobs"."ONE_LINE_SUMMARY" AS "ONE_LINE_SUMMARY", "jobs"."FULL_DESCRIPTION" AS "FULL_DESCRIPTION", "jobs"."POSITION_CATEGORY" AS "POSITION_CATEGORY", "jobs"."POSITION_INTRODUCTION" AS "POSITION_INTRODUCTION", "jobs"."experience_required" AS "experience_required", "jobs"."MIN_YEARS" AS "MIN_YEARS", "jobs"."MAX_YEARS" AS "MAX_YEARS", "jobs"."VIEW_COUNT" AS "VIEW_COUNT", "jobs"."LIKE_COUNT" AS "LIKE_COUNT", "jobs"."CAREER_LEVEL" AS "CAREER_LEVEL", "jobs"."COMMENT_COUNT" AS "COMMENT_COUNT", "jobs"."DISLIKE_COUNT" AS "DISLIKE_COUNT", "jobs"."UNIT" AS "UNIT", "jobs"."CURRENCY" AS "CURRENCY", "jobs"."SALARY_NOTE" AS "SALARY_NOTE", "jobs"."MAX_BASE_PAY" AS "MAX_BASE_PAY", "jobs"."MIN_BASE_PAY" AS "MIN_BASE_PAY", "jobs"."HAS_STOCK_OPTION" AS "HAS_STOCK_OPTION", "jobs"."HAS_CODING_TEST" AS "HAS_CODING_TEST", "jobs"."INTERVIEW_DAYS" AS "INTERVIEW_DAYS", "jobs"."HAS_ASSIGNMENT" AS "HAS_ASSIGNMENT", "jobs"."HAS_LIVE_CODING" AS "HAS_LIVE_CODING", "jobs"."INTERVIEW_COUNT" AS "INTERVIEW_COUNT" FROM "jobs" WHERE "jobs"."ID" = ?]
2025-11-11T15:10:31.185+09:00 DEBUG 56239 --- [    Test worker] o.s.jdbc.core.JdbcTemplate               : Executing prepared SQL query
2025-11-11T15:10:31.185+09:00 DEBUG 56239 --- [    Test worker] o.s.jdbc.core.JdbcTemplate               : Executing prepared SQL statement [SELECT "job_tech_categories"."category_name" AS "category_name" FROM "job_tech_categories" WHERE "job_tech_categories"."job_id" = ?]
2025-11-11T15:10:31.187+09:00 DEBUG 56239 --- [    Test worker] o.s.jdbc.core.JdbcTemplate               : Executing prepared SQL query
2025-11-11T15:10:31.187+09:00 DEBUG 56239 --- [    Test worker] o.s.jdbc.core.JdbcTemplate               : Executing prepared SQL statement [SELECT "job_locations"."location_name" AS "location_name" FROM "job_locations" WHERE "job_locations"."job_id" = ?]
2025-11-11T15:10:31.188+09:00 DEBUG 56239 --- [    Test worker] o.s.jdbc.core.JdbcTemplate               : Executing prepared SQL query
2025-11-11T15:10:31.188+09:00 DEBUG 56239 --- [    Test worker] o.s.jdbc.core.JdbcTemplate               : Executing prepared SQL statement [SELECT "job_responsibilities"."responsibility" AS "responsibility" FROM "job_responsibilities" WHERE "job_responsibilities"."job_id" = ?]
2025-11-11T15:10:31.188+09:00 DEBUG 56239 --- [    Test worker] o.s.jdbc.core.JdbcTemplate               : Executing prepared SQL query
2025-11-11T15:10:31.188+09:00 DEBUG 56239 --- [    Test worker] o.s.jdbc.core.JdbcTemplate               : Executing prepared SQL statement [SELECT "job_qualifications"."qualification" AS "qualification" FROM "job_qualifications" WHERE "job_qualifications"."job_id" = ?]
2025-11-11T15:10:31.188+09:00 DEBUG 56239 --- [    Test worker] o.s.jdbc.core.JdbcTemplate               : Executing prepared SQL query
2025-11-11T15:10:31.189+09:00 DEBUG 56239 --- [    Test worker] o.s.jdbc.core.JdbcTemplate               : Executing prepared SQL statement [SELECT "job_preferred_qualifications"."preferred_qualification" AS "preferred_qualification" FROM "job_preferred_qualifications" WHERE "job_preferred_qualifications"."job_id" = ?]
2025-11-11T15:10:31.192+09:00 DEBUG 56239 --- [    Test worker] o.s.jdbc.support.JdbcTransactionManager  : Initiating transaction rollback
2025-11-11T15:10:31.192+09:00 DEBUG 56239 --- [    Test worker] o.s.jdbc.support.JdbcTransactionManager  : Rolling back JDBC transaction on Connection [HikariProxyConnection@747827348 wrapping conn30: url=jdbc:h2:mem:testdb user=SA]
2025-11-11T15:10:31.192+09:00 DEBUG 56239 --- [    Test worker] o.s.jdbc.support.JdbcTransactionManager  : Releasing JDBC Connection [HikariProxyConnection@747827348 wrapping conn30: url=jdbc:h2:mem:testdb user=SA] after transaction
2025-11-11T15:10:31.192+09:00 DEBUG 56239 --- [    Test worker] o.s.jdbc.support.JdbcTransactionManager  : Creating new transaction with name [dev.devrunner.jdbc.job.repository.JobJdbcRepositoryTest.increaseLikeCount_validJobId_incrementsSuccessfully]: PROPAGATION_REQUIRED,ISOLATION_DEFAULT
2025-11-11T15:10:31.193+09:00 DEBUG 56239 --- [    Test worker] o.s.jdbc.support.JdbcTransactionManager  : Acquired Connection [HikariProxyConnection@1110030636 wrapping conn30: url=jdbc:h2:mem:testdb user=SA] for JDBC transaction
2025-11-11T15:10:31.193+09:00 DEBUG 56239 --- [    Test worker] o.s.jdbc.support.JdbcTransactionManager  : Switching JDBC Connection [HikariProxyConnection@1110030636 wrapping conn30: url=jdbc:h2:mem:testdb user=SA] to manual commit
2025-11-11T15:10:31.195+09:00 DEBUG 56239 --- [    Test worker] o.s.jdbc.support.JdbcTransactionManager  : Participating in existing transaction
2025-11-11T15:10:31.196+09:00 DEBUG 56239 --- [    Test worker] o.s.jdbc.core.JdbcTemplate               : Executing SQL update and returning generated keys
2025-11-11T15:10:31.196+09:00 DEBUG 56239 --- [    Test worker] o.s.jdbc.core.JdbcTemplate               : Executing prepared SQL statement [INSERT INTO "jobs" ("CAREER_LEVEL", "COMMENT_COUNT", "COMPANY", "CREATED_AT", "CURRENCY", "DISLIKE_COUNT", "EMPLOYMENT_TYPE", "ENDED_AT", "experience_required", "FULL_DESCRIPTION", "HAS_ASSIGNMENT", "HAS_CODING_TEST", "HAS_LIVE_CODING", "HAS_STOCK_OPTION", "INTERVIEW_COUNT", "INTERVIEW_DAYS", "IS_CLOSED", "IS_DELETED", "IS_OPEN_ENDED", "LIKE_COUNT", "MAX_BASE_PAY", "MAX_YEARS", "MIN_BASE_PAY", "MIN_YEARS", "ONE_LINE_SUMMARY", "ORGANIZATION", "POSITION_CATEGORY", "POSITION_INTRODUCTION", "REMOTE_POLICY", "SALARY_NOTE", "STARTED_AT", "SUMMARY", "TITLE", "UNIT", "UPDATED_AT", "URL", "VIEW_COUNT") VALUES (?, ?, ?, ?, ?, ?, ?, ?, ?, ?, ?, ?, ?, ?, ?, ?, ?, ?, ?, ?, ?, ?, ?, ?, ?, ?, ?, ?, ?, ?, ?, ?, ?, ?, ?, ?, ?)]
2025-11-11T15:10:31.197+09:00 DEBUG 56239 --- [    Test worker] o.s.jdbc.core.JdbcTemplate               : Executing SQL batch update [INSERT INTO "job_tech_categories" ("category_name", "job_id") VALUES (?, ?)]
2025-11-11T15:10:31.197+09:00 DEBUG 56239 --- [    Test worker] o.s.jdbc.core.JdbcTemplate               : Executing prepared SQL statement [INSERT INTO "job_tech_categories" ("category_name", "job_id") VALUES (?, ?)]
2025-11-11T15:10:31.197+09:00 DEBUG 56239 --- [    Test worker] o.s.jdbc.support.JdbcUtils               : JDBC driver supports batch updates
2025-11-11T15:10:31.198+09:00 DEBUG 56239 --- [    Test worker] o.s.jdbc.core.JdbcTemplate               : Executing SQL batch update [INSERT INTO "job_locations" ("job_id", "location_name") VALUES (?, ?)]
2025-11-11T15:10:31.198+09:00 DEBUG 56239 --- [    Test worker] o.s.jdbc.core.JdbcTemplate               : Executing prepared SQL statement [INSERT INTO "job_locations" ("job_id", "location_name") VALUES (?, ?)]
2025-11-11T15:10:31.198+09:00 DEBUG 56239 --- [    Test worker] o.s.jdbc.support.JdbcUtils               : JDBC driver supports batch updates
2025-11-11T15:10:31.198+09:00 DEBUG 56239 --- [    Test worker] o.s.jdbc.core.JdbcTemplate               : Executing prepared SQL update
2025-11-11T15:10:31.199+09:00 DEBUG 56239 --- [    Test worker] o.s.jdbc.core.JdbcTemplate               : Executing prepared SQL statement [UPDATE jobs SET like_count = like_count + ? WHERE id = ?]
2025-11-11T15:10:31.199+09:00 DEBUG 56239 --- [    Test worker] o.s.jdbc.support.JdbcTransactionManager  : Participating in existing transaction
2025-11-11T15:10:31.199+09:00 DEBUG 56239 --- [    Test worker] o.s.jdbc.core.JdbcTemplate               : Executing prepared SQL query
2025-11-11T15:10:31.199+09:00 DEBUG 56239 --- [    Test worker] o.s.jdbc.core.JdbcTemplate               : Executing prepared SQL statement [SELECT "jobs"."ID" AS "ID", "jobs"."URL" AS "URL", "jobs"."TITLE" AS "TITLE", "jobs"."COMPANY" AS "COMPANY", "jobs"."ENDED_AT" AS "ENDED_AT", "jobs"."SUMMARY" AS "SUMMARY", "jobs"."IS_CLOSED" AS "IS_CLOSED", "jobs"."CREATED_AT" AS "CREATED_AT", "jobs"."IS_DELETED" AS "IS_DELETED", "jobs"."UPDATED_AT" AS "UPDATED_AT", "jobs"."STARTED_AT" AS "STARTED_AT", "jobs"."IS_OPEN_ENDED" AS "IS_OPEN_ENDED", "jobs"."REMOTE_POLICY" AS "REMOTE_POLICY", "jobs"."ORGANIZATION" AS "ORGANIZATION", "jobs"."EMPLOYMENT_TYPE" AS "EMPLOYMENT_TYPE", "jobs"."ONE_LINE_SUMMARY" AS "ONE_LINE_SUMMARY", "jobs"."FULL_DESCRIPTION" AS "FULL_DESCRIPTION", "jobs"."POSITION_CATEGORY" AS "POSITION_CATEGORY", "jobs"."POSITION_INTRODUCTION" AS "POSITION_INTRODUCTION", "jobs"."experience_required" AS "experience_required", "jobs"."MIN_YEARS" AS "MIN_YEARS", "jobs"."MAX_YEARS" AS "MAX_YEARS", "jobs"."VIEW_COUNT" AS "VIEW_COUNT", "jobs"."LIKE_COUNT" AS "LIKE_COUNT", "jobs"."CAREER_LEVEL" AS "CAREER_LEVEL", "jobs"."COMMENT_COUNT" AS "COMMENT_COUNT", "jobs"."DISLIKE_COUNT" AS "DISLIKE_COUNT", "jobs"."UNIT" AS "UNIT", "jobs"."CURRENCY" AS "CURRENCY", "jobs"."SALARY_NOTE" AS "SALARY_NOTE", "jobs"."MAX_BASE_PAY" AS "MAX_BASE_PAY", "jobs"."MIN_BASE_PAY" AS "MIN_BASE_PAY", "jobs"."HAS_STOCK_OPTION" AS "HAS_STOCK_OPTION", "jobs"."HAS_CODING_TEST" AS "HAS_CODING_TEST", "jobs"."INTERVIEW_DAYS" AS "INTERVIEW_DAYS", "jobs"."HAS_ASSIGNMENT" AS "HAS_ASSIGNMENT", "jobs"."HAS_LIVE_CODING" AS "HAS_LIVE_CODING", "jobs"."INTERVIEW_COUNT" AS "INTERVIEW_COUNT" FROM "jobs" WHERE "jobs"."ID" = ?]
2025-11-11T15:10:31.200+09:00 DEBUG 56239 --- [    Test worker] o.s.jdbc.core.JdbcTemplate               : Executing prepared SQL query
2025-11-11T15:10:31.200+09:00 DEBUG 56239 --- [    Test worker] o.s.jdbc.core.JdbcTemplate               : Executing prepared SQL statement [SELECT "job_tech_categories"."category_name" AS "category_name" FROM "job_tech_categories" WHERE "job_tech_categories"."job_id" = ?]
2025-11-11T15:10:31.201+09:00 DEBUG 56239 --- [    Test worker] o.s.jdbc.core.JdbcTemplate               : Executing prepared SQL query
2025-11-11T15:10:31.201+09:00 DEBUG 56239 --- [    Test worker] o.s.jdbc.core.JdbcTemplate               : Executing prepared SQL statement [SELECT "job_locations"."location_name" AS "location_name" FROM "job_locations" WHERE "job_locations"."job_id" = ?]
2025-11-11T15:10:31.201+09:00 DEBUG 56239 --- [    Test worker] o.s.jdbc.core.JdbcTemplate               : Executing prepared SQL query
2025-11-11T15:10:31.201+09:00 DEBUG 56239 --- [    Test worker] o.s.jdbc.core.JdbcTemplate               : Executing prepared SQL statement [SELECT "job_responsibilities"."responsibility" AS "responsibility" FROM "job_responsibilities" WHERE "job_responsibilities"."job_id" = ?]
2025-11-11T15:10:31.201+09:00 DEBUG 56239 --- [    Test worker] o.s.jdbc.core.JdbcTemplate               : Executing prepared SQL query
2025-11-11T15:10:31.201+09:00 DEBUG 56239 --- [    Test worker] o.s.jdbc.core.JdbcTemplate               : Executing prepared SQL statement [SELECT "job_qualifications"."qualification" AS "qualification" FROM "job_qualifications" WHERE "job_qualifications"."job_id" = ?]
2025-11-11T15:10:31.202+09:00 DEBUG 56239 --- [    Test worker] o.s.jdbc.core.JdbcTemplate               : Executing prepared SQL query
2025-11-11T15:10:31.202+09:00 DEBUG 56239 --- [    Test worker] o.s.jdbc.core.JdbcTemplate               : Executing prepared SQL statement [SELECT "job_preferred_qualifications"."preferred_qualification" AS "preferred_qualification" FROM "job_preferred_qualifications" WHERE "job_preferred_qualifications"."job_id" = ?]
2025-11-11T15:10:31.203+09:00 DEBUG 56239 --- [    Test worker] o.s.jdbc.support.JdbcTransactionManager  : Initiating transaction rollback
2025-11-11T15:10:31.203+09:00 DEBUG 56239 --- [    Test worker] o.s.jdbc.support.JdbcTransactionManager  : Rolling back JDBC transaction on Connection [HikariProxyConnection@1110030636 wrapping conn30: url=jdbc:h2:mem:testdb user=SA]
2025-11-11T15:10:31.203+09:00 DEBUG 56239 --- [    Test worker] o.s.jdbc.support.JdbcTransactionManager  : Releasing JDBC Connection [HikariProxyConnection@1110030636 wrapping conn30: url=jdbc:h2:mem:testdb user=SA] after transaction
2025-11-11T15:10:31.204+09:00 DEBUG 56239 --- [    Test worker] o.s.jdbc.support.JdbcTransactionManager  : Creating new transaction with name [dev.devrunner.jdbc.job.repository.JobJdbcRepositoryTest.increaseCommentCount_validJobId_incrementsSuccessfully]: PROPAGATION_REQUIRED,ISOLATION_DEFAULT
2025-11-11T15:10:31.204+09:00 DEBUG 56239 --- [    Test worker] o.s.jdbc.support.JdbcTransactionManager  : Acquired Connection [HikariProxyConnection@1261832834 wrapping conn30: url=jdbc:h2:mem:testdb user=SA] for JDBC transaction
2025-11-11T15:10:31.204+09:00 DEBUG 56239 --- [    Test worker] o.s.jdbc.support.JdbcTransactionManager  : Switching JDBC Connection [HikariProxyConnection@1261832834 wrapping conn30: url=jdbc:h2:mem:testdb user=SA] to manual commit
2025-11-11T15:10:31.204+09:00 DEBUG 56239 --- [    Test worker] o.s.jdbc.support.JdbcTransactionManager  : Participating in existing transaction
2025-11-11T15:10:31.205+09:00 DEBUG 56239 --- [    Test worker] o.s.jdbc.core.JdbcTemplate               : Executing SQL update and returning generated keys
2025-11-11T15:10:31.205+09:00 DEBUG 56239 --- [    Test worker] o.s.jdbc.core.JdbcTemplate               : Executing prepared SQL statement [INSERT INTO "jobs" ("CAREER_LEVEL", "COMMENT_COUNT", "COMPANY", "CREATED_AT", "CURRENCY", "DISLIKE_COUNT", "EMPLOYMENT_TYPE", "ENDED_AT", "experience_required", "FULL_DESCRIPTION", "HAS_ASSIGNMENT", "HAS_CODING_TEST", "HAS_LIVE_CODING", "HAS_STOCK_OPTION", "INTERVIEW_COUNT", "INTERVIEW_DAYS", "IS_CLOSED", "IS_DELETED", "IS_OPEN_ENDED", "LIKE_COUNT", "MAX_BASE_PAY", "MAX_YEARS", "MIN_BASE_PAY", "MIN_YEARS", "ONE_LINE_SUMMARY", "ORGANIZATION", "POSITION_CATEGORY", "POSITION_INTRODUCTION", "REMOTE_POLICY", "SALARY_NOTE", "STARTED_AT", "SUMMARY", "TITLE", "UNIT", "UPDATED_AT", "URL", "VIEW_COUNT") VALUES (?, ?, ?, ?, ?, ?, ?, ?, ?, ?, ?, ?, ?, ?, ?, ?, ?, ?, ?, ?, ?, ?, ?, ?, ?, ?, ?, ?, ?, ?, ?, ?, ?, ?, ?, ?, ?)]
2025-11-11T15:10:31.206+09:00 DEBUG 56239 --- [    Test worker] o.s.jdbc.core.JdbcTemplate               : Executing SQL batch update [INSERT INTO "job_tech_categories" ("category_name", "job_id") VALUES (?, ?)]
2025-11-11T15:10:31.206+09:00 DEBUG 56239 --- [    Test worker] o.s.jdbc.core.JdbcTemplate               : Executing prepared SQL statement [INSERT INTO "job_tech_categories" ("category_name", "job_id") VALUES (?, ?)]
2025-11-11T15:10:31.206+09:00 DEBUG 56239 --- [    Test worker] o.s.jdbc.support.JdbcUtils               : JDBC driver supports batch updates
2025-11-11T15:10:31.206+09:00 DEBUG 56239 --- [    Test worker] o.s.jdbc.core.JdbcTemplate               : Executing SQL batch update [INSERT INTO "job_locations" ("job_id", "location_name") VALUES (?, ?)]
2025-11-11T15:10:31.206+09:00 DEBUG 56239 --- [    Test worker] o.s.jdbc.core.JdbcTemplate               : Executing prepared SQL statement [INSERT INTO "job_locations" ("job_id", "location_name") VALUES (?, ?)]
2025-11-11T15:10:31.207+09:00 DEBUG 56239 --- [    Test worker] o.s.jdbc.support.JdbcUtils               : JDBC driver supports batch updates
2025-11-11T15:10:31.207+09:00 DEBUG 56239 --- [    Test worker] o.s.jdbc.core.JdbcTemplate               : Executing prepared SQL update
2025-11-11T15:10:31.207+09:00 DEBUG 56239 --- [    Test worker] o.s.jdbc.core.JdbcTemplate               : Executing prepared SQL statement [UPDATE jobs SET comment_count = comment_count + 1 WHERE id = ?]
2025-11-11T15:10:31.208+09:00 DEBUG 56239 --- [    Test worker] o.s.jdbc.support.JdbcTransactionManager  : Participating in existing transaction
2025-11-11T15:10:31.208+09:00 DEBUG 56239 --- [    Test worker] o.s.jdbc.core.JdbcTemplate               : Executing prepared SQL query
2025-11-11T15:10:31.208+09:00 DEBUG 56239 --- [    Test worker] o.s.jdbc.core.JdbcTemplate               : Executing prepared SQL statement [SELECT "jobs"."ID" AS "ID", "jobs"."URL" AS "URL", "jobs"."TITLE" AS "TITLE", "jobs"."COMPANY" AS "COMPANY", "jobs"."ENDED_AT" AS "ENDED_AT", "jobs"."SUMMARY" AS "SUMMARY", "jobs"."IS_CLOSED" AS "IS_CLOSED", "jobs"."CREATED_AT" AS "CREATED_AT", "jobs"."IS_DELETED" AS "IS_DELETED", "jobs"."UPDATED_AT" AS "UPDATED_AT", "jobs"."STARTED_AT" AS "STARTED_AT", "jobs"."IS_OPEN_ENDED" AS "IS_OPEN_ENDED", "jobs"."REMOTE_POLICY" AS "REMOTE_POLICY", "jobs"."ORGANIZATION" AS "ORGANIZATION", "jobs"."EMPLOYMENT_TYPE" AS "EMPLOYMENT_TYPE", "jobs"."ONE_LINE_SUMMARY" AS "ONE_LINE_SUMMARY", "jobs"."FULL_DESCRIPTION" AS "FULL_DESCRIPTION", "jobs"."POSITION_CATEGORY" AS "POSITION_CATEGORY", "jobs"."POSITION_INTRODUCTION" AS "POSITION_INTRODUCTION", "jobs"."experience_required" AS "experience_required", "jobs"."MIN_YEARS" AS "MIN_YEARS", "jobs"."MAX_YEARS" AS "MAX_YEARS", "jobs"."VIEW_COUNT" AS "VIEW_COUNT", "jobs"."LIKE_COUNT" AS "LIKE_COUNT", "jobs"."CAREER_LEVEL" AS "CAREER_LEVEL", "jobs"."COMMENT_COUNT" AS "COMMENT_COUNT", "jobs"."DISLIKE_COUNT" AS "DISLIKE_COUNT", "jobs"."UNIT" AS "UNIT", "jobs"."CURRENCY" AS "CURRENCY", "jobs"."SALARY_NOTE" AS "SALARY_NOTE", "jobs"."MAX_BASE_PAY" AS "MAX_BASE_PAY", "jobs"."MIN_BASE_PAY" AS "MIN_BASE_PAY", "jobs"."HAS_STOCK_OPTION" AS "HAS_STOCK_OPTION", "jobs"."HAS_CODING_TEST" AS "HAS_CODING_TEST", "jobs"."INTERVIEW_DAYS" AS "INTERVIEW_DAYS", "jobs"."HAS_ASSIGNMENT" AS "HAS_ASSIGNMENT", "jobs"."HAS_LIVE_CODING" AS "HAS_LIVE_CODING", "jobs"."INTERVIEW_COUNT" AS "INTERVIEW_COUNT" FROM "jobs" WHERE "jobs"."ID" = ?]
2025-11-11T15:10:31.209+09:00 DEBUG 56239 --- [    Test worker] o.s.jdbc.core.JdbcTemplate               : Executing prepared SQL query
2025-11-11T15:10:31.209+09:00 DEBUG 56239 --- [    Test worker] o.s.jdbc.core.JdbcTemplate               : Executing prepared SQL statement [SELECT "job_tech_categories"."category_name" AS "category_name" FROM "job_tech_categories" WHERE "job_tech_categories"."job_id" = ?]
2025-11-11T15:10:31.209+09:00 DEBUG 56239 --- [    Test worker] o.s.jdbc.core.JdbcTemplate               : Executing prepared SQL query
2025-11-11T15:10:31.209+09:00 DEBUG 56239 --- [    Test worker] o.s.jdbc.core.JdbcTemplate               : Executing prepared SQL statement [SELECT "job_locations"."location_name" AS "location_name" FROM "job_locations" WHERE "job_locations"."job_id" = ?]
2025-11-11T15:10:31.210+09:00 DEBUG 56239 --- [    Test worker] o.s.jdbc.core.JdbcTemplate               : Executing prepared SQL query
2025-11-11T15:10:31.210+09:00 DEBUG 56239 --- [    Test worker] o.s.jdbc.core.JdbcTemplate               : Executing prepared SQL statement [SELECT "job_responsibilities"."responsibility" AS "responsibility" FROM "job_responsibilities" WHERE "job_responsibilities"."job_id" = ?]
2025-11-11T15:10:31.210+09:00 DEBUG 56239 --- [    Test worker] o.s.jdbc.core.JdbcTemplate               : Executing prepared SQL query
2025-11-11T15:10:31.210+09:00 DEBUG 56239 --- [    Test worker] o.s.jdbc.core.JdbcTemplate               : Executing prepared SQL statement [SELECT "job_qualifications"."qualification" AS "qualification" FROM "job_qualifications" WHERE "job_qualifications"."job_id" = ?]
2025-11-11T15:10:31.210+09:00 DEBUG 56239 --- [    Test worker] o.s.jdbc.core.JdbcTemplate               : Executing prepared SQL query
2025-11-11T15:10:31.210+09:00 DEBUG 56239 --- [    Test worker] o.s.jdbc.core.JdbcTemplate               : Executing prepared SQL statement [SELECT "job_preferred_qualifications"."preferred_qualification" AS "preferred_qualification" FROM "job_preferred_qualifications" WHERE "job_preferred_qualifications"."job_id" = ?]
2025-11-11T15:10:31.211+09:00 DEBUG 56239 --- [    Test worker] o.s.jdbc.support.JdbcTransactionManager  : Initiating transaction rollback
2025-11-11T15:10:31.211+09:00 DEBUG 56239 --- [    Test worker] o.s.jdbc.support.JdbcTransactionManager  : Rolling back JDBC transaction on Connection [HikariProxyConnection@1261832834 wrapping conn30: url=jdbc:h2:mem:testdb user=SA]
2025-11-11T15:10:31.211+09:00 DEBUG 56239 --- [    Test worker] o.s.jdbc.support.JdbcTransactionManager  : Releasing JDBC Connection [HikariProxyConnection@1261832834 wrapping conn30: url=jdbc:h2:mem:testdb user=SA] after transaction
2025-11-11T15:10:31.213+09:00 DEBUG 56239 --- [    Test worker] o.s.jdbc.support.JdbcTransactionManager  : Creating new transaction with name [dev.devrunner.jdbc.job.repository.JobJdbcRepositoryTest.save_withValidDomain_returnsConvertedDomain]: PROPAGATION_REQUIRED,ISOLATION_DEFAULT
2025-11-11T15:10:31.213+09:00 DEBUG 56239 --- [    Test worker] o.s.jdbc.support.JdbcTransactionManager  : Acquired Connection [HikariProxyConnection@84976327 wrapping conn30: url=jdbc:h2:mem:testdb user=SA] for JDBC transaction
2025-11-11T15:10:31.213+09:00 DEBUG 56239 --- [    Test worker] o.s.jdbc.support.JdbcTransactionManager  : Switching JDBC Connection [HikariProxyConnection@84976327 wrapping conn30: url=jdbc:h2:mem:testdb user=SA] to manual commit
2025-11-11T15:10:31.213+09:00 DEBUG 56239 --- [    Test worker] o.s.jdbc.support.JdbcTransactionManager  : Participating in existing transaction
2025-11-11T15:10:31.215+09:00 DEBUG 56239 --- [    Test worker] o.s.jdbc.core.JdbcTemplate               : Executing SQL update and returning generated keys
2025-11-11T15:10:31.215+09:00 DEBUG 56239 --- [    Test worker] o.s.jdbc.core.JdbcTemplate               : Executing prepared SQL statement [INSERT INTO "jobs" ("CAREER_LEVEL", "COMMENT_COUNT", "COMPANY", "CREATED_AT", "CURRENCY", "DISLIKE_COUNT", "EMPLOYMENT_TYPE", "ENDED_AT", "experience_required", "FULL_DESCRIPTION", "HAS_ASSIGNMENT", "HAS_CODING_TEST", "HAS_LIVE_CODING", "HAS_STOCK_OPTION", "INTERVIEW_COUNT", "INTERVIEW_DAYS", "IS_CLOSED", "IS_DELETED", "IS_OPEN_ENDED", "LIKE_COUNT", "MAX_BASE_PAY", "MAX_YEARS", "MIN_BASE_PAY", "MIN_YEARS", "ONE_LINE_SUMMARY", "ORGANIZATION", "POSITION_CATEGORY", "POSITION_INTRODUCTION", "REMOTE_POLICY", "SALARY_NOTE", "STARTED_AT", "SUMMARY", "TITLE", "UNIT", "UPDATED_AT", "URL", "VIEW_COUNT") VALUES (?, ?, ?, ?, ?, ?, ?, ?, ?, ?, ?, ?, ?, ?, ?, ?, ?, ?, ?, ?, ?, ?, ?, ?, ?, ?, ?, ?, ?, ?, ?, ?, ?, ?, ?, ?, ?)]
2025-11-11T15:10:31.217+09:00 DEBUG 56239 --- [    Test worker] o.s.jdbc.core.JdbcTemplate               : Executing SQL batch update [INSERT INTO "job_responsibilities" ("job_id", "responsibility") VALUES (?, ?)]
2025-11-11T15:10:31.217+09:00 DEBUG 56239 --- [    Test worker] o.s.jdbc.core.JdbcTemplate               : Executing prepared SQL statement [INSERT INTO "job_responsibilities" ("job_id", "responsibility") VALUES (?, ?)]
2025-11-11T15:10:31.217+09:00 DEBUG 56239 --- [    Test worker] o.s.jdbc.support.JdbcUtils               : JDBC driver supports batch updates
2025-11-11T15:10:31.217+09:00 DEBUG 56239 --- [    Test worker] o.s.jdbc.core.JdbcTemplate               : Executing SQL batch update [INSERT INTO "job_tech_categories" ("category_name", "job_id") VALUES (?, ?)]
2025-11-11T15:10:31.217+09:00 DEBUG 56239 --- [    Test worker] o.s.jdbc.core.JdbcTemplate               : Executing prepared SQL statement [INSERT INTO "job_tech_categories" ("category_name", "job_id") VALUES (?, ?)]
2025-11-11T15:10:31.218+09:00 DEBUG 56239 --- [    Test worker] o.s.jdbc.support.JdbcUtils               : JDBC driver supports batch updates
2025-11-11T15:10:31.218+09:00 DEBUG 56239 --- [    Test worker] o.s.jdbc.core.JdbcTemplate               : Executing SQL batch update [INSERT INTO "job_preferred_qualifications" ("job_id", "preferred_qualification") VALUES (?, ?)]
2025-11-11T15:10:31.219+09:00 DEBUG 56239 --- [    Test worker] o.s.jdbc.core.JdbcTemplate               : Executing prepared SQL statement [INSERT INTO "job_preferred_qualifications" ("job_id", "preferred_qualification") VALUES (?, ?)]
2025-11-11T15:10:31.219+09:00 DEBUG 56239 --- [    Test worker] o.s.jdbc.support.JdbcUtils               : JDBC driver supports batch updates
2025-11-11T15:10:31.219+09:00 DEBUG 56239 --- [    Test worker] o.s.jdbc.core.JdbcTemplate               : Executing SQL batch update [INSERT INTO "job_qualifications" ("job_id", "qualification") VALUES (?, ?)]
2025-11-11T15:10:31.219+09:00 DEBUG 56239 --- [    Test worker] o.s.jdbc.core.JdbcTemplate               : Executing prepared SQL statement [INSERT INTO "job_qualifications" ("job_id", "qualification") VALUES (?, ?)]
2025-11-11T15:10:31.219+09:00 DEBUG 56239 --- [    Test worker] o.s.jdbc.support.JdbcUtils               : JDBC driver supports batch updates
2025-11-11T15:10:31.220+09:00 DEBUG 56239 --- [    Test worker] o.s.jdbc.core.JdbcTemplate               : Executing SQL batch update [INSERT INTO "job_locations" ("job_id", "location_name") VALUES (?, ?)]
2025-11-11T15:10:31.220+09:00 DEBUG 56239 --- [    Test worker] o.s.jdbc.core.JdbcTemplate               : Executing prepared SQL statement [INSERT INTO "job_locations" ("job_id", "location_name") VALUES (?, ?)]
2025-11-11T15:10:31.220+09:00 DEBUG 56239 --- [    Test worker] o.s.jdbc.support.JdbcUtils               : JDBC driver supports batch updates
2025-11-11T15:10:31.220+09:00 DEBUG 56239 --- [    Test worker] o.s.jdbc.support.JdbcTransactionManager  : Initiating transaction rollback
2025-11-11T15:10:31.220+09:00 DEBUG 56239 --- [    Test worker] o.s.jdbc.support.JdbcTransactionManager  : Rolling back JDBC transaction on Connection [HikariProxyConnection@84976327 wrapping conn30: url=jdbc:h2:mem:testdb user=SA]
2025-11-11T15:10:31.220+09:00 DEBUG 56239 --- [    Test worker] o.s.jdbc.support.JdbcTransactionManager  : Releasing JDBC Connection [HikariProxyConnection@84976327 wrapping conn30: url=jdbc:h2:mem:testdb user=SA] after transaction
2025-11-11T15:10:31.221+09:00 DEBUG 56239 --- [    Test worker] o.s.jdbc.support.JdbcTransactionManager  : Creating new transaction with name [dev.devrunner.jdbc.job.repository.JobJdbcRepositoryTest.increaseDislikeCount_validJobId_incrementsSuccessfully]: PROPAGATION_REQUIRED,ISOLATION_DEFAULT
2025-11-11T15:10:31.221+09:00 DEBUG 56239 --- [    Test worker] o.s.jdbc.support.JdbcTransactionManager  : Acquired Connection [HikariProxyConnection@1229121199 wrapping conn30: url=jdbc:h2:mem:testdb user=SA] for JDBC transaction
2025-11-11T15:10:31.221+09:00 DEBUG 56239 --- [    Test worker] o.s.jdbc.support.JdbcTransactionManager  : Switching JDBC Connection [HikariProxyConnection@1229121199 wrapping conn30: url=jdbc:h2:mem:testdb user=SA] to manual commit
2025-11-11T15:10:31.222+09:00 DEBUG 56239 --- [    Test worker] o.s.jdbc.support.JdbcTransactionManager  : Participating in existing transaction
2025-11-11T15:10:31.223+09:00 DEBUG 56239 --- [    Test worker] o.s.jdbc.core.JdbcTemplate               : Executing SQL update and returning generated keys
2025-11-11T15:10:31.223+09:00 DEBUG 56239 --- [    Test worker] o.s.jdbc.core.JdbcTemplate               : Executing prepared SQL statement [INSERT INTO "jobs" ("CAREER_LEVEL", "COMMENT_COUNT", "COMPANY", "CREATED_AT", "CURRENCY", "DISLIKE_COUNT", "EMPLOYMENT_TYPE", "ENDED_AT", "experience_required", "FULL_DESCRIPTION", "HAS_ASSIGNMENT", "HAS_CODING_TEST", "HAS_LIVE_CODING", "HAS_STOCK_OPTION", "INTERVIEW_COUNT", "INTERVIEW_DAYS", "IS_CLOSED", "IS_DELETED", "IS_OPEN_ENDED", "LIKE_COUNT", "MAX_BASE_PAY", "MAX_YEARS", "MIN_BASE_PAY", "MIN_YEARS", "ONE_LINE_SUMMARY", "ORGANIZATION", "POSITION_CATEGORY", "POSITION_INTRODUCTION", "REMOTE_POLICY", "SALARY_NOTE", "STARTED_AT", "SUMMARY", "TITLE", "UNIT", "UPDATED_AT", "URL", "VIEW_COUNT") VALUES (?, ?, ?, ?, ?, ?, ?, ?, ?, ?, ?, ?, ?, ?, ?, ?, ?, ?, ?, ?, ?, ?, ?, ?, ?, ?, ?, ?, ?, ?, ?, ?, ?, ?, ?, ?, ?)]
2025-11-11T15:10:31.224+09:00 DEBUG 56239 --- [    Test worker] o.s.jdbc.core.JdbcTemplate               : Executing SQL batch update [INSERT INTO "job_tech_categories" ("category_name", "job_id") VALUES (?, ?)]
2025-11-11T15:10:31.224+09:00 DEBUG 56239 --- [    Test worker] o.s.jdbc.core.JdbcTemplate               : Executing prepared SQL statement [INSERT INTO "job_tech_categories" ("category_name", "job_id") VALUES (?, ?)]
2025-11-11T15:10:31.224+09:00 DEBUG 56239 --- [    Test worker] o.s.jdbc.support.JdbcUtils               : JDBC driver supports batch updates
2025-11-11T15:10:31.224+09:00 DEBUG 56239 --- [    Test worker] o.s.jdbc.core.JdbcTemplate               : Executing SQL batch update [INSERT INTO "job_locations" ("job_id", "location_name") VALUES (?, ?)]
2025-11-11T15:10:31.224+09:00 DEBUG 56239 --- [    Test worker] o.s.jdbc.core.JdbcTemplate               : Executing prepared SQL statement [INSERT INTO "job_locations" ("job_id", "location_name") VALUES (?, ?)]
2025-11-11T15:10:31.225+09:00 DEBUG 56239 --- [    Test worker] o.s.jdbc.support.JdbcUtils               : JDBC driver supports batch updates
2025-11-11T15:10:31.225+09:00 DEBUG 56239 --- [    Test worker] o.s.jdbc.core.JdbcTemplate               : Executing prepared SQL update
2025-11-11T15:10:31.225+09:00 DEBUG 56239 --- [    Test worker] o.s.jdbc.core.JdbcTemplate               : Executing prepared SQL statement [UPDATE jobs SET dislike_count = dislike_count + ? WHERE id = ?]
2025-11-11T15:10:31.226+09:00 DEBUG 56239 --- [    Test worker] o.s.jdbc.support.JdbcTransactionManager  : Participating in existing transaction
2025-11-11T15:10:31.226+09:00 DEBUG 56239 --- [    Test worker] o.s.jdbc.core.JdbcTemplate               : Executing prepared SQL query
2025-11-11T15:10:31.226+09:00 DEBUG 56239 --- [    Test worker] o.s.jdbc.core.JdbcTemplate               : Executing prepared SQL statement [SELECT "jobs"."ID" AS "ID", "jobs"."URL" AS "URL", "jobs"."TITLE" AS "TITLE", "jobs"."COMPANY" AS "COMPANY", "jobs"."ENDED_AT" AS "ENDED_AT", "jobs"."SUMMARY" AS "SUMMARY", "jobs"."IS_CLOSED" AS "IS_CLOSED", "jobs"."CREATED_AT" AS "CREATED_AT", "jobs"."IS_DELETED" AS "IS_DELETED", "jobs"."UPDATED_AT" AS "UPDATED_AT", "jobs"."STARTED_AT" AS "STARTED_AT", "jobs"."IS_OPEN_ENDED" AS "IS_OPEN_ENDED", "jobs"."REMOTE_POLICY" AS "REMOTE_POLICY", "jobs"."ORGANIZATION" AS "ORGANIZATION", "jobs"."EMPLOYMENT_TYPE" AS "EMPLOYMENT_TYPE", "jobs"."ONE_LINE_SUMMARY" AS "ONE_LINE_SUMMARY", "jobs"."FULL_DESCRIPTION" AS "FULL_DESCRIPTION", "jobs"."POSITION_CATEGORY" AS "POSITION_CATEGORY", "jobs"."POSITION_INTRODUCTION" AS "POSITION_INTRODUCTION", "jobs"."experience_required" AS "experience_required", "jobs"."MIN_YEARS" AS "MIN_YEARS", "jobs"."MAX_YEARS" AS "MAX_YEARS", "jobs"."VIEW_COUNT" AS "VIEW_COUNT", "jobs"."LIKE_COUNT" AS "LIKE_COUNT", "jobs"."CAREER_LEVEL" AS "CAREER_LEVEL", "jobs"."COMMENT_COUNT" AS "COMMENT_COUNT", "jobs"."DISLIKE_COUNT" AS "DISLIKE_COUNT", "jobs"."UNIT" AS "UNIT", "jobs"."CURRENCY" AS "CURRENCY", "jobs"."SALARY_NOTE" AS "SALARY_NOTE", "jobs"."MAX_BASE_PAY" AS "MAX_BASE_PAY", "jobs"."MIN_BASE_PAY" AS "MIN_BASE_PAY", "jobs"."HAS_STOCK_OPTION" AS "HAS_STOCK_OPTION", "jobs"."HAS_CODING_TEST" AS "HAS_CODING_TEST", "jobs"."INTERVIEW_DAYS" AS "INTERVIEW_DAYS", "jobs"."HAS_ASSIGNMENT" AS "HAS_ASSIGNMENT", "jobs"."HAS_LIVE_CODING" AS "HAS_LIVE_CODING", "jobs"."INTERVIEW_COUNT" AS "INTERVIEW_COUNT" FROM "jobs" WHERE "jobs"."ID" = ?]
2025-11-11T15:10:31.227+09:00 DEBUG 56239 --- [    Test worker] o.s.jdbc.core.JdbcTemplate               : Executing prepared SQL query
2025-11-11T15:10:31.227+09:00 DEBUG 56239 --- [    Test worker] o.s.jdbc.core.JdbcTemplate               : Executing prepared SQL statement [SELECT "job_tech_categories"."category_name" AS "category_name" FROM "job_tech_categories" WHERE "job_tech_categories"."job_id" = ?]
2025-11-11T15:10:31.227+09:00 DEBUG 56239 --- [    Test worker] o.s.jdbc.core.JdbcTemplate               : Executing prepared SQL query
2025-11-11T15:10:31.228+09:00 DEBUG 56239 --- [    Test worker] o.s.jdbc.core.JdbcTemplate               : Executing prepared SQL statement [SELECT "job_locations"."location_name" AS "location_name" FROM "job_locations" WHERE "job_locations"."job_id" = ?]
2025-11-11T15:10:31.228+09:00 DEBUG 56239 --- [    Test worker] o.s.jdbc.core.JdbcTemplate               : Executing prepared SQL query
2025-11-11T15:10:31.228+09:00 DEBUG 56239 --- [    Test worker] o.s.jdbc.core.JdbcTemplate               : Executing prepared SQL statement [SELECT "job_responsibilities"."responsibility" AS "responsibility" FROM "job_responsibilities" WHERE "job_responsibilities"."job_id" = ?]
2025-11-11T15:10:31.228+09:00 DEBUG 56239 --- [    Test worker] o.s.jdbc.core.JdbcTemplate               : Executing prepared SQL query
2025-11-11T15:10:31.228+09:00 DEBUG 56239 --- [    Test worker] o.s.jdbc.core.JdbcTemplate               : Executing prepared SQL statement [SELECT "job_qualifications"."qualification" AS "qualification" FROM "job_qualifications" WHERE "job_qualifications"."job_id" = ?]
2025-11-11T15:10:31.229+09:00 DEBUG 56239 --- [    Test worker] o.s.jdbc.core.JdbcTemplate               : Executing prepared SQL query
2025-11-11T15:10:31.229+09:00 DEBUG 56239 --- [    Test worker] o.s.jdbc.core.JdbcTemplate               : Executing prepared SQL statement [SELECT "job_preferred_qualifications"."preferred_qualification" AS "preferred_qualification" FROM "job_preferred_qualifications" WHERE "job_preferred_qualifications"."job_id" = ?]
2025-11-11T15:10:31.229+09:00 DEBUG 56239 --- [    Test worker] o.s.jdbc.support.JdbcTransactionManager  : Initiating transaction rollback
2025-11-11T15:10:31.230+09:00 DEBUG 56239 --- [    Test worker] o.s.jdbc.support.JdbcTransactionManager  : Rolling back JDBC transaction on Connection [HikariProxyConnection@1229121199 wrapping conn30: url=jdbc:h2:mem:testdb user=SA]
2025-11-11T15:10:31.230+09:00 DEBUG 56239 --- [    Test worker] o.s.jdbc.support.JdbcTransactionManager  : Releasing JDBC Connection [HikariProxyConnection@1229121199 wrapping conn30: url=jdbc:h2:mem:testdb user=SA] after transaction
2025-11-11T15:10:31.231+09:00 DEBUG 56239 --- [    Test worker] o.s.jdbc.support.JdbcTransactionManager  : Creating new transaction with name [dev.devrunner.jdbc.job.repository.JobJdbcRepositoryTest.increaseViewCount_validJobId_incrementsSuccessfully]: PROPAGATION_REQUIRED,ISOLATION_DEFAULT
2025-11-11T15:10:31.231+09:00 DEBUG 56239 --- [    Test worker] o.s.jdbc.support.JdbcTransactionManager  : Acquired Connection [HikariProxyConnection@1244869566 wrapping conn30: url=jdbc:h2:mem:testdb user=SA] for JDBC transaction
2025-11-11T15:10:31.231+09:00 DEBUG 56239 --- [    Test worker] o.s.jdbc.support.JdbcTransactionManager  : Switching JDBC Connection [HikariProxyConnection@1244869566 wrapping conn30: url=jdbc:h2:mem:testdb user=SA] to manual commit
2025-11-11T15:10:31.232+09:00 DEBUG 56239 --- [    Test worker] o.s.jdbc.support.JdbcTransactionManager  : Participating in existing transaction
2025-11-11T15:10:31.234+09:00 DEBUG 56239 --- [    Test worker] o.s.jdbc.core.JdbcTemplate               : Executing SQL update and returning generated keys
2025-11-11T15:10:31.234+09:00 DEBUG 56239 --- [    Test worker] o.s.jdbc.core.JdbcTemplate               : Executing prepared SQL statement [INSERT INTO "jobs" ("CAREER_LEVEL", "COMMENT_COUNT", "COMPANY", "CREATED_AT", "CURRENCY", "DISLIKE_COUNT", "EMPLOYMENT_TYPE", "ENDED_AT", "experience_required", "FULL_DESCRIPTION", "HAS_ASSIGNMENT", "HAS_CODING_TEST", "HAS_LIVE_CODING", "HAS_STOCK_OPTION", "INTERVIEW_COUNT", "INTERVIEW_DAYS", "IS_CLOSED", "IS_DELETED", "IS_OPEN_ENDED", "LIKE_COUNT", "MAX_BASE_PAY", "MAX_YEARS", "MIN_BASE_PAY", "MIN_YEARS", "ONE_LINE_SUMMARY", "ORGANIZATION", "POSITION_CATEGORY", "POSITION_INTRODUCTION", "REMOTE_POLICY", "SALARY_NOTE", "STARTED_AT", "SUMMARY", "TITLE", "UNIT", "UPDATED_AT", "URL", "VIEW_COUNT") VALUES (?, ?, ?, ?, ?, ?, ?, ?, ?, ?, ?, ?, ?, ?, ?, ?, ?, ?, ?, ?, ?, ?, ?, ?, ?, ?, ?, ?, ?, ?, ?, ?, ?, ?, ?, ?, ?)]
2025-11-11T15:10:31.235+09:00 DEBUG 56239 --- [    Test worker] o.s.jdbc.core.JdbcTemplate               : Executing SQL batch update [INSERT INTO "job_tech_categories" ("category_name", "job_id") VALUES (?, ?)]
2025-11-11T15:10:31.235+09:00 DEBUG 56239 --- [    Test worker] o.s.jdbc.core.JdbcTemplate               : Executing prepared SQL statement [INSERT INTO "job_tech_categories" ("category_name", "job_id") VALUES (?, ?)]
2025-11-11T15:10:31.235+09:00 DEBUG 56239 --- [    Test worker] o.s.jdbc.support.JdbcUtils               : JDBC driver supports batch updates
2025-11-11T15:10:31.235+09:00 DEBUG 56239 --- [    Test worker] o.s.jdbc.core.JdbcTemplate               : Executing SQL batch update [INSERT INTO "job_locations" ("job_id", "location_name") VALUES (?, ?)]
2025-11-11T15:10:31.235+09:00 DEBUG 56239 --- [    Test worker] o.s.jdbc.core.JdbcTemplate               : Executing prepared SQL statement [INSERT INTO "job_locations" ("job_id", "location_name") VALUES (?, ?)]
2025-11-11T15:10:31.235+09:00 DEBUG 56239 --- [    Test worker] o.s.jdbc.support.JdbcUtils               : JDBC driver supports batch updates
2025-11-11T15:10:31.236+09:00 DEBUG 56239 --- [    Test worker] o.s.jdbc.core.JdbcTemplate               : Executing prepared SQL update
2025-11-11T15:10:31.236+09:00 DEBUG 56239 --- [    Test worker] o.s.jdbc.core.JdbcTemplate               : Executing prepared SQL statement [UPDATE jobs SET view_count = view_count + ? WHERE id = ?]
2025-11-11T15:10:31.236+09:00 DEBUG 56239 --- [    Test worker] o.s.jdbc.support.JdbcTransactionManager  : Participating in existing transaction
2025-11-11T15:10:31.236+09:00 DEBUG 56239 --- [    Test worker] o.s.jdbc.core.JdbcTemplate               : Executing prepared SQL query
2025-11-11T15:10:31.236+09:00 DEBUG 56239 --- [    Test worker] o.s.jdbc.core.JdbcTemplate               : Executing prepared SQL statement [SELECT "jobs"."ID" AS "ID", "jobs"."URL" AS "URL", "jobs"."TITLE" AS "TITLE", "jobs"."COMPANY" AS "COMPANY", "jobs"."ENDED_AT" AS "ENDED_AT", "jobs"."SUMMARY" AS "SUMMARY", "jobs"."IS_CLOSED" AS "IS_CLOSED", "jobs"."CREATED_AT" AS "CREATED_AT", "jobs"."IS_DELETED" AS "IS_DELETED", "jobs"."UPDATED_AT" AS "UPDATED_AT", "jobs"."STARTED_AT" AS "STARTED_AT", "jobs"."IS_OPEN_ENDED" AS "IS_OPEN_ENDED", "jobs"."REMOTE_POLICY" AS "REMOTE_POLICY", "jobs"."ORGANIZATION" AS "ORGANIZATION", "jobs"."EMPLOYMENT_TYPE" AS "EMPLOYMENT_TYPE", "jobs"."ONE_LINE_SUMMARY" AS "ONE_LINE_SUMMARY", "jobs"."FULL_DESCRIPTION" AS "FULL_DESCRIPTION", "jobs"."POSITION_CATEGORY" AS "POSITION_CATEGORY", "jobs"."POSITION_INTRODUCTION" AS "POSITION_INTRODUCTION", "jobs"."experience_required" AS "experience_required", "jobs"."MIN_YEARS" AS "MIN_YEARS", "jobs"."MAX_YEARS" AS "MAX_YEARS", "jobs"."VIEW_COUNT" AS "VIEW_COUNT", "jobs"."LIKE_COUNT" AS "LIKE_COUNT", "jobs"."CAREER_LEVEL" AS "CAREER_LEVEL", "jobs"."COMMENT_COUNT" AS "COMMENT_COUNT", "jobs"."DISLIKE_COUNT" AS "DISLIKE_COUNT", "jobs"."UNIT" AS "UNIT", "jobs"."CURRENCY" AS "CURRENCY", "jobs"."SALARY_NOTE" AS "SALARY_NOTE", "jobs"."MAX_BASE_PAY" AS "MAX_BASE_PAY", "jobs"."MIN_BASE_PAY" AS "MIN_BASE_PAY", "jobs"."HAS_STOCK_OPTION" AS "HAS_STOCK_OPTION", "jobs"."HAS_CODING_TEST" AS "HAS_CODING_TEST", "jobs"."INTERVIEW_DAYS" AS "INTERVIEW_DAYS", "jobs"."HAS_ASSIGNMENT" AS "HAS_ASSIGNMENT", "jobs"."HAS_LIVE_CODING" AS "HAS_LIVE_CODING", "jobs"."INTERVIEW_COUNT" AS "INTERVIEW_COUNT" FROM "jobs" WHERE "jobs"."ID" = ?]
2025-11-11T15:10:31.237+09:00 DEBUG 56239 --- [    Test worker] o.s.jdbc.core.JdbcTemplate               : Executing prepared SQL query
2025-11-11T15:10:31.237+09:00 DEBUG 56239 --- [    Test worker] o.s.jdbc.core.JdbcTemplate               : Executing prepared SQL statement [SELECT "job_tech_categories"."category_name" AS "category_name" FROM "job_tech_categories" WHERE "job_tech_categories"."job_id" = ?]
2025-11-11T15:10:31.237+09:00 DEBUG 56239 --- [    Test worker] o.s.jdbc.core.JdbcTemplate               : Executing prepared SQL query
2025-11-11T15:10:31.237+09:00 DEBUG 56239 --- [    Test worker] o.s.jdbc.core.JdbcTemplate               : Executing prepared SQL statement [SELECT "job_locations"."location_name" AS "location_name" FROM "job_locations" WHERE "job_locations"."job_id" = ?]
2025-11-11T15:10:31.237+09:00 DEBUG 56239 --- [    Test worker] o.s.jdbc.core.JdbcTemplate               : Executing prepared SQL query
2025-11-11T15:10:31.237+09:00 DEBUG 56239 --- [    Test worker] o.s.jdbc.core.JdbcTemplate               : Executing prepared SQL statement [SELECT "job_responsibilities"."responsibility" AS "responsibility" FROM "job_responsibilities" WHERE "job_responsibilities"."job_id" = ?]
2025-11-11T15:10:31.238+09:00 DEBUG 56239 --- [    Test worker] o.s.jdbc.core.JdbcTemplate               : Executing prepared SQL query
2025-11-11T15:10:31.238+09:00 DEBUG 56239 --- [    Test worker] o.s.jdbc.core.JdbcTemplate               : Executing prepared SQL statement [SELECT "job_qualifications"."qualification" AS "qualification" FROM "job_qualifications" WHERE "job_qualifications"."job_id" = ?]
2025-11-11T15:10:31.238+09:00 DEBUG 56239 --- [    Test worker] o.s.jdbc.core.JdbcTemplate               : Executing prepared SQL query
2025-11-11T15:10:31.238+09:00 DEBUG 56239 --- [    Test worker] o.s.jdbc.core.JdbcTemplate               : Executing prepared SQL statement [SELECT "job_preferred_qualifications"."preferred_qualification" AS "preferred_qualification" FROM "job_preferred_qualifications" WHERE "job_preferred_qualifications"."job_id" = ?]
2025-11-11T15:10:31.239+09:00 DEBUG 56239 --- [    Test worker] o.s.jdbc.support.JdbcTransactionManager  : Initiating transaction rollback
2025-11-11T15:10:31.239+09:00 DEBUG 56239 --- [    Test worker] o.s.jdbc.support.JdbcTransactionManager  : Rolling back JDBC transaction on Connection [HikariProxyConnection@1244869566 wrapping conn30: url=jdbc:h2:mem:testdb user=SA]
2025-11-11T15:10:31.239+09:00 DEBUG 56239 --- [    Test worker] o.s.jdbc.support.JdbcTransactionManager  : Releasing JDBC Connection [HikariProxyConnection@1244869566 wrapping conn30: url=jdbc:h2:mem:testdb user=SA] after transaction
]]></system-out>
  <system-err><![CDATA[]]></system-err>
</testsuite>
