<?xml version="1.0" encoding="UTF-8"?>
<testsuite name="dev.devrunner.jdbc.techblog.repository.TechBlogJdbcRepositoryTest" tests="17" skipped="0" failures="0" errors="0" timestamp="2025-11-11T06:10:31" hostname="dankim0124ui-MacBookPro.local" time="0.098">
  <properties/>
  <testcase name="findByIdsIn_nonExistingIds_returnsEmptyList()" classname="dev.devrunner.jdbc.techblog.repository.TechBlogJdbcRepositoryTest" time="0.004"/>
  <testcase name="increaseViewCount_validBlogId_incrementsSuccessfully()" classname="dev.devrunner.jdbc.techblog.repository.TechBlogJdbcRepositoryTest" time="0.016"/>
  <testcase name="findByUrl_nonExistingUrl_returnsEmpty()" classname="dev.devrunner.jdbc.techblog.repository.TechBlogJdbcRepositoryTest" time="0.003"/>
  <testcase name="findById_existingId_returnsConvertedDomain()" classname="dev.devrunner.jdbc.techblog.repository.TechBlogJdbcRepositoryTest" time="0.004"/>
  <testcase name="existsById_nonExistingId_returnsFalse()" classname="dev.devrunner.jdbc.techblog.repository.TechBlogJdbcRepositoryTest" time="0.002"/>
  <testcase name="findByIdsIn_existingIds_returnsConvertedList()" classname="dev.devrunner.jdbc.techblog.repository.TechBlogJdbcRepositoryTest" time="0.008"/>
  <testcase name="findByUrl_existingUrl_returnsConvertedDomain()" classname="dev.devrunner.jdbc.techblog.repository.TechBlogJdbcRepositoryTest" time="0.004"/>
  <testcase name="findById_nonExistingId_returnsEmpty()" classname="dev.devrunner.jdbc.techblog.repository.TechBlogJdbcRepositoryTest" time="0.002"/>
  <testcase name="deleteById_existingId_deletesSuccessfully()" classname="dev.devrunner.jdbc.techblog.repository.TechBlogJdbcRepositoryTest" time="0.008"/>
  <testcase name="findByCompany_existingCompany_returnsConvertedList()" classname="dev.devrunner.jdbc.techblog.repository.TechBlogJdbcRepositoryTest" time="0.008"/>
  <testcase name="save_withNullId_generatesIdAndReturns()" classname="dev.devrunner.jdbc.techblog.repository.TechBlogJdbcRepositoryTest" time="0.003"/>
  <testcase name="save_withValidDomain_returnsConvertedDomain()" classname="dev.devrunner.jdbc.techblog.repository.TechBlogJdbcRepositoryTest" time="0.004"/>
  <testcase name="findAll_withData_returnsConvertedList()" classname="dev.devrunner.jdbc.techblog.repository.TechBlogJdbcRepositoryTest" time="0.007"/>
  <testcase name="findByCompany_nonExistingCompany_returnsEmptyList()" classname="dev.devrunner.jdbc.techblog.repository.TechBlogJdbcRepositoryTest" time="0.003"/>
  <testcase name="existsById_existingId_returnsTrue()" classname="dev.devrunner.jdbc.techblog.repository.TechBlogJdbcRepositoryTest" time="0.006"/>
  <testcase name="findAll_emptyRepository_returnsEmptyList()" classname="dev.devrunner.jdbc.techblog.repository.TechBlogJdbcRepositoryTest" time="0.001"/>
  <testcase name="increaseCommentCount_validBlogId_incrementsSuccessfully()" classname="dev.devrunner.jdbc.techblog.repository.TechBlogJdbcRepositoryTest" time="0.007"/>
  <system-out><![CDATA[2025-11-11T15:10:31.376+09:00  INFO 56239 --- [    Test worker] t.c.s.AnnotationConfigContextLoaderUtils : Could not detect default configuration classes for test class [dev.devrunner.jdbc.techblog.repository.TechBlogJdbcRepositoryTest]: TechBlogJdbcRepositoryTest does not declare any static, non-private, non-final, nested classes annotated with @Configuration.
2025-11-11T15:10:31.382+09:00  INFO 56239 --- [    Test worker] .b.t.c.SpringBootTestContextBootstrapper : Found @SpringBootConfiguration dev.devrunner.jdbc.TestApplication for test class dev.devrunner.jdbc.techblog.repository.TechBlogJdbcRepositoryTest

  .   ____          _            __ _ _
 /\\ / ___'_ __ _ _(_)_ __  __ _ \ \ \ \
( ( )\___ | '_ | '_| | '_ \/ _` | \ \ \ \
 \\/  ___)| |_)| | | | | || (_| |  ) ) ) )
  '  |____| .__|_| |_|_| |_\__, | / / / /
 =========|_|==============|___/=/_/_/_/
 :: Spring Boot ::                (v3.2.1)

2025-11-11T15:10:31.390+09:00  INFO 56239 --- [    Test worker] d.d.j.t.r.TechBlogJdbcRepositoryTest     : Starting TechBlogJdbcRepositoryTest using Java 21.0.7 with PID 56239 (started by dankim0124 in /Users/dankim0124/IdeaProjects/breakin-be/breakin-be/modules/devrunner/repository-jdbc)
2025-11-11T15:10:31.391+09:00  INFO 56239 --- [    Test worker] d.d.j.t.r.TechBlogJdbcRepositoryTest     : The following 1 profile is active: "test"
2025-11-11T15:10:31.416+09:00  INFO 56239 --- [    Test worker] .s.d.r.c.RepositoryConfigurationDelegate : Bootstrapping Spring Data JDBC repositories in DEFAULT mode.
2025-11-11T15:10:31.424+09:00  INFO 56239 --- [    Test worker] .s.d.r.c.RepositoryConfigurationDelegate : Finished Spring Data repository scanning in 7 ms. Found 9 JDBC repository interfaces.
2025-11-11T15:10:31.436+09:00 DEBUG 56239 --- [    Test worker] o.s.jdbc.datasource.DataSourceUtils      : Fetching JDBC Connection from DataSource
2025-11-11T15:10:31.436+09:00  INFO 56239 --- [    Test worker] com.zaxxer.hikari.HikariDataSource       : HikariPool-6 - Starting...
2025-11-11T15:10:31.437+09:00  INFO 56239 --- [    Test worker] com.zaxxer.hikari.pool.HikariPool        : HikariPool-6 - Added connection conn43: url=jdbc:h2:mem:testdb user=SA
2025-11-11T15:10:31.437+09:00  INFO 56239 --- [    Test worker] com.zaxxer.hikari.HikariDataSource       : HikariPool-6 - Start completed.
2025-11-11T15:10:31.437+09:00 DEBUG 56239 --- [    Test worker] o.s.jdbc.datasource.init.ScriptUtils     : Executing SQL script from class path resource [schema.sql]
2025-11-11T15:10:31.438+09:00 DEBUG 56239 --- [    Test worker] o.s.jdbc.datasource.init.ScriptUtils     : 0 returned as update count for SQL: CREATE TABLE IF NOT EXISTS examples ( example_id BIGINT AUTO_INCREMENT PRIMARY KEY, name VARCHAR(255) NOT NULL, created_at TIMESTAMP WITH TIME ZONE NOT NULL, updated_at TIMESTAMP WITH TIME ZONE NOT NULL )
2025-11-11T15:10:31.438+09:00 DEBUG 56239 --- [    Test worker] o.s.jdbc.datasource.init.ScriptUtils     : 0 returned as update count for SQL: CREATE TABLE IF NOT EXISTS users ( id BIGINT AUTO_INCREMENT PRIMARY KEY, google_id VARCHAR(255) NOT NULL UNIQUE, email VARCHAR(512) NOT NULL UNIQUE, nickname VARCHAR(100) NOT NULL UNIQUE, user_role VARCHAR(50) NOT NULL DEFAULT 'USER', email_enabled BOOLEAN DEFAULT TRUE, new_job_alerts BOOLEAN DEFAULT TRUE, reply_alerts BOOLEAN DEFAULT TRUE, like_alerts BOOLEAN DEFAULT TRUE, post_count BIGINT DEFAULT 0, comment_count BIGINT DEFAULT 0, likes_received BIGINT DEFAULT 0, like_given_count BIGINT DEFAULT 0, bookmark_count BIGINT DEFAULT 0, last_login_at TIMESTAMP WITH TIME ZONE NOT NULL, is_active BOOLEAN NOT NULL DEFAULT TRUE, is_withdrawn BOOLEAN NOT NULL DEFAULT FALSE, withdrawn_at TIMESTAMP WITH TIME ZONE, created_at TIMESTAMP WITH TIME ZONE NOT NULL, updated_at TIMESTAMP WITH TIME ZONE NOT NULL )
2025-11-11T15:10:31.438+09:00 DEBUG 56239 --- [    Test worker] o.s.jdbc.datasource.init.ScriptUtils     : 0 returned as update count for SQL: CREATE TABLE IF NOT EXISTS user_interested_companies ( user_id BIGINT NOT NULL, company_name VARCHAR(255) NOT NULL )
2025-11-11T15:10:31.438+09:00 DEBUG 56239 --- [    Test worker] o.s.jdbc.datasource.init.ScriptUtils     : 0 returned as update count for SQL: CREATE TABLE IF NOT EXISTS user_interested_locations ( user_id BIGINT NOT NULL, location_name VARCHAR(255) NOT NULL )
2025-11-11T15:10:31.438+09:00 DEBUG 56239 --- [    Test worker] o.s.jdbc.datasource.init.ScriptUtils     : 0 returned as update count for SQL: CREATE TABLE IF NOT EXISTS tech_blogs ( id BIGINT AUTO_INCREMENT PRIMARY KEY, url VARCHAR(512) NOT NULL UNIQUE, company VARCHAR(255), title VARCHAR(500) NOT NULL, one_liner VARCHAR(500), summary TEXT, summary_ko TEXT, markdown_body TEXT, thumbnail_url VARCHAR(512), original_url VARCHAR(512), view_count BIGINT NOT NULL DEFAULT 0, comment_count BIGINT NOT NULL DEFAULT 0, like_count BIGINT NOT NULL DEFAULT 0, dislike_count BIGINT NOT NULL DEFAULT 0, is_deleted BOOLEAN NOT NULL DEFAULT FALSE, created_at TIMESTAMP WITH TIME ZONE NOT NULL, updated_at TIMESTAMP WITH TIME ZONE NOT NULL )
2025-11-11T15:10:31.439+09:00 DEBUG 56239 --- [    Test worker] o.s.jdbc.datasource.init.ScriptUtils     : 0 returned as update count for SQL: CREATE TABLE IF NOT EXISTS tech_blog_tech_categories ( tech_blog_id BIGINT NOT NULL, category_name VARCHAR(100) NOT NULL )
2025-11-11T15:10:31.439+09:00 DEBUG 56239 --- [    Test worker] o.s.jdbc.datasource.init.ScriptUtils     : 0 returned as update count for SQL: CREATE TABLE IF NOT EXISTS jobs ( id BIGINT AUTO_INCREMENT PRIMARY KEY, url VARCHAR(512) NOT NULL UNIQUE, company VARCHAR(255) NOT NULL, title VARCHAR(500) NOT NULL, organization VARCHAR(255), one_line_summary VARCHAR(500), summary TEXT, min_years INT, max_years INT, experience_required BOOLEAN DEFAULT FALSE, career_level VARCHAR(50) DEFAULT 'ENTRY', employment_type VARCHAR(50) DEFAULT 'FULL_TIME', position_category VARCHAR(100), remote_policy VARCHAR(50) DEFAULT 'ONSITE', started_at TIMESTAMP, ended_at TIMESTAMP, is_open_ended BOOLEAN DEFAULT FALSE, is_closed BOOLEAN DEFAULT FALSE, position_introduction TEXT, full_description TEXT, has_assignment BOOLEAN DEFAULT FALSE, has_coding_test BOOLEAN DEFAULT FALSE, has_live_coding BOOLEAN DEFAULT FALSE, interview_count INT, interview_days INT, min_base_pay DECIMAL(15, 2), max_base_pay DECIMAL(15, 2), currency VARCHAR(10), unit VARCHAR(20), has_stock_option BOOLEAN, salary_note VARCHAR(1000), view_count BIGINT NOT NULL DEFAULT 0, comment_count BIGINT NOT NULL DEFAULT 0, like_count BIGINT NOT NULL DEFAULT 0, dislike_count BIGINT NOT NULL DEFAULT 0, is_deleted BOOLEAN NOT NULL DEFAULT FALSE, created_at TIMESTAMP WITH TIME ZONE NOT NULL, updated_at TIMESTAMP WITH TIME ZONE NOT NULL )
2025-11-11T15:10:31.439+09:00 DEBUG 56239 --- [    Test worker] o.s.jdbc.datasource.init.ScriptUtils     : 0 returned as update count for SQL: CREATE TABLE IF NOT EXISTS job_tech_categories ( job_id BIGINT NOT NULL, category_name VARCHAR(100) NOT NULL )
2025-11-11T15:10:31.439+09:00 DEBUG 56239 --- [    Test worker] o.s.jdbc.datasource.init.ScriptUtils     : 0 returned as update count for SQL: CREATE TABLE IF NOT EXISTS job_locations ( job_id BIGINT NOT NULL, location_name VARCHAR(255) NOT NULL )
2025-11-11T15:10:31.439+09:00 DEBUG 56239 --- [    Test worker] o.s.jdbc.datasource.init.ScriptUtils     : 0 returned as update count for SQL: CREATE TABLE IF NOT EXISTS job_responsibilities ( job_id BIGINT NOT NULL, responsibility VARCHAR(500) NOT NULL )
2025-11-11T15:10:31.439+09:00 DEBUG 56239 --- [    Test worker] o.s.jdbc.datasource.init.ScriptUtils     : 0 returned as update count for SQL: CREATE TABLE IF NOT EXISTS job_qualifications ( job_id BIGINT NOT NULL, qualification VARCHAR(500) NOT NULL )
2025-11-11T15:10:31.439+09:00 DEBUG 56239 --- [    Test worker] o.s.jdbc.datasource.init.ScriptUtils     : 0 returned as update count for SQL: CREATE TABLE IF NOT EXISTS job_preferred_qualifications ( job_id BIGINT NOT NULL, preferred_qualification VARCHAR(500) NOT NULL )
2025-11-11T15:10:31.439+09:00 DEBUG 56239 --- [    Test worker] o.s.jdbc.datasource.init.ScriptUtils     : 0 returned as update count for SQL: CREATE TABLE IF NOT EXISTS job_closed_checks ( id BIGINT AUTO_INCREMENT PRIMARY KEY, job_id BIGINT NOT NULL, url VARCHAR(2048) NOT NULL, closed BOOLEAN NOT NULL, closed_reason VARCHAR(300), explanation TEXT, checked_at TIMESTAMP WITH TIME ZONE NOT NULL )
2025-11-11T15:10:31.439+09:00 DEBUG 56239 --- [    Test worker] o.s.jdbc.datasource.init.ScriptUtils     : 0 returned as update count for SQL: CREATE TABLE IF NOT EXISTS community_posts ( id BIGINT AUTO_INCREMENT PRIMARY KEY, user_id BIGINT NOT NULL, category VARCHAR(100) NOT NULL, title VARCHAR(500) NOT NULL, markdown_body TEXT NOT NULL, company VARCHAR(255), location VARCHAR(255), job_id BIGINT, comment_id BIGINT, view_count BIGINT NOT NULL DEFAULT 0, comment_count BIGINT NOT NULL DEFAULT 0, like_count BIGINT NOT NULL DEFAULT 0, dislike_count BIGINT NOT NULL DEFAULT 0, is_deleted BOOLEAN NOT NULL DEFAULT FALSE, created_at TIMESTAMP WITH TIME ZONE NOT NULL, updated_at TIMESTAMP WITH TIME ZONE NOT NULL )
2025-11-11T15:10:31.439+09:00 DEBUG 56239 --- [    Test worker] o.s.jdbc.datasource.init.ScriptUtils     : 0 returned as update count for SQL: CREATE TABLE IF NOT EXISTS comments ( id BIGINT AUTO_INCREMENT PRIMARY KEY, user_id BIGINT NOT NULL, content TEXT NOT NULL, target_type VARCHAR(50) NOT NULL, target_id BIGINT NOT NULL, parent_id BIGINT, comment_order INT NOT NULL DEFAULT 0, level INT NOT NULL DEFAULT 0, sort_number INT NOT NULL DEFAULT 0, child_count INT NOT NULL DEFAULT 0, is_hidden BOOLEAN NOT NULL DEFAULT FALSE, created_at TIMESTAMP WITH TIME ZONE NOT NULL, updated_at TIMESTAMP WITH TIME ZONE NOT NULL )
2025-11-11T15:10:31.440+09:00 DEBUG 56239 --- [    Test worker] o.s.jdbc.datasource.init.ScriptUtils     : 0 returned as update count for SQL: CREATE TABLE IF NOT EXISTS reactions ( id BIGINT AUTO_INCREMENT PRIMARY KEY, user_id BIGINT NOT NULL, target_type VARCHAR(50) NOT NULL, target_id BIGINT NOT NULL, reaction_type VARCHAR(20) NOT NULL, created_at TIMESTAMP WITH TIME ZONE NOT NULL, updated_at TIMESTAMP WITH TIME ZONE NOT NULL )
2025-11-11T15:10:31.440+09:00 DEBUG 56239 --- [    Test worker] o.s.jdbc.datasource.init.ScriptUtils     : 0 returned as update count for SQL: CREATE TABLE IF NOT EXISTS bookmarks ( id BIGINT AUTO_INCREMENT PRIMARY KEY, user_id BIGINT NOT NULL, target_type VARCHAR(50) NOT NULL, target_id BIGINT NOT NULL, created_at TIMESTAMP WITH TIME ZONE NOT NULL, updated_at TIMESTAMP WITH TIME ZONE NOT NULL )
2025-11-11T15:10:31.440+09:00 DEBUG 56239 --- [    Test worker] o.s.jdbc.datasource.init.ScriptUtils     : 0 returned as update count for SQL: CREATE TABLE IF NOT EXISTS crawl_theirstack_jobs ( id BIGINT AUTO_INCREMENT PRIMARY KEY, their_stack_job_id BIGINT NOT NULL, raw_data TEXT NOT NULL, company VARCHAR(100), url TEXT, title TEXT, location TEXT, seniority VARCHAR(50), date_posted TIMESTAMP, description TEXT, status VARCHAR(20) NOT NULL, job_id BIGINT, error_message TEXT, created_at TIMESTAMP NOT NULL DEFAULT CURRENT_TIMESTAMP, updated_at TIMESTAMP, CONSTRAINT uk_theirstack_job_id UNIQUE (their_stack_job_id) )
2025-11-11T15:10:31.440+09:00 DEBUG 56239 --- [    Test worker] o.s.jdbc.datasource.init.ScriptUtils     : 0 returned as update count for SQL: CREATE INDEX IF NOT EXISTS idx_crawl_theirstack_jobs_status ON crawl_theirstack_jobs (status)
2025-11-11T15:10:31.440+09:00 DEBUG 56239 --- [    Test worker] o.s.jdbc.datasource.init.ScriptUtils     : 0 returned as update count for SQL: CREATE INDEX IF NOT EXISTS idx_crawl_theirstack_jobs_company ON crawl_theirstack_jobs (company)
2025-11-11T15:10:31.440+09:00 DEBUG 56239 --- [    Test worker] o.s.jdbc.datasource.init.ScriptUtils     : 0 returned as update count for SQL: CREATE INDEX IF NOT EXISTS idx_crawl_theirstack_jobs_date_posted ON crawl_theirstack_jobs (date_posted DESC)
2025-11-11T15:10:31.440+09:00 DEBUG 56239 --- [    Test worker] o.s.jdbc.datasource.init.ScriptUtils     : 0 returned as update count for SQL: CREATE INDEX IF NOT EXISTS idx_crawl_theirstack_jobs_created_at ON crawl_theirstack_jobs (created_at DESC)
2025-11-11T15:10:31.440+09:00 DEBUG 56239 --- [    Test worker] o.s.jdbc.datasource.init.ScriptUtils     : Executed SQL script from class path resource [schema.sql] in 3 ms.
2025-11-11T15:10:31.440+09:00 DEBUG 56239 --- [    Test worker] o.s.jdbc.datasource.DataSourceUtils      : Fetching JDBC Connection from DataSource
2025-11-11T15:10:31.440+09:00 DEBUG 56239 --- [    Test worker] o.s.jdbc.datasource.init.ScriptUtils     : Executing SQL script from URL [jar:file:/Users/dankim0124/IdeaProjects/breakin-be/breakin-be/modules/schema/build/libs/schema-1.0-SNAPSHOT.jar!/data.sql]
2025-11-11T15:10:31.440+09:00 DEBUG 56239 --- [    Test worker] o.s.jdbc.datasource.init.ScriptUtils     : 3 returned as update count for SQL: INSERT INTO examples (name, created_at, updated_at) VALUES ('First Example', CURRENT_TIMESTAMP, CURRENT_TIMESTAMP), ('Second Example', CURRENT_TIMESTAMP, CURRENT_TIMESTAMP), ('Third Example', CURRENT_TIMESTAMP, CURRENT_TIMESTAMP)
2025-11-11T15:10:31.440+09:00 DEBUG 56239 --- [    Test worker] o.s.jdbc.datasource.init.ScriptUtils     : Executed SQL script from URL [jar:file:/Users/dankim0124/IdeaProjects/breakin-be/breakin-be/modules/schema/build/libs/schema-1.0-SNAPSHOT.jar!/data.sql] in 0 ms.
2025-11-11T15:10:31.443+09:00 DEBUG 56239 --- [    Test worker] o.s.jdbc.datasource.DataSourceUtils      : Fetching JDBC Connection from DataSource
2025-11-11T15:10:31.456+09:00 DEBUG 56239 --- [    Test worker] o.s.d.j.r.s.JdbcQueryLookupStrategy      : Using the queryLookupStrategy CREATE_IF_NOT_FOUND
2025-11-11T15:10:31.459+09:00 DEBUG 56239 --- [    Test worker] o.s.d.j.r.s.JdbcQueryLookupStrategy      : Using the queryLookupStrategy CREATE_IF_NOT_FOUND
2025-11-11T15:10:31.461+09:00 DEBUG 56239 --- [    Test worker] o.s.d.j.r.s.JdbcQueryLookupStrategy      : Using the queryLookupStrategy CREATE_IF_NOT_FOUND
2025-11-11T15:10:31.462+09:00 DEBUG 56239 --- [    Test worker] o.s.d.j.r.s.JdbcQueryLookupStrategy      : Using the queryLookupStrategy CREATE_IF_NOT_FOUND
2025-11-11T15:10:31.465+09:00 DEBUG 56239 --- [    Test worker] o.s.d.j.r.s.JdbcQueryLookupStrategy      : Using the queryLookupStrategy CREATE_IF_NOT_FOUND
2025-11-11T15:10:31.468+09:00 DEBUG 56239 --- [    Test worker] o.s.d.j.r.s.JdbcQueryLookupStrategy      : Using the queryLookupStrategy CREATE_IF_NOT_FOUND
2025-11-11T15:10:31.469+09:00 DEBUG 56239 --- [    Test worker] o.s.d.j.r.s.JdbcQueryLookupStrategy      : Using the queryLookupStrategy CREATE_IF_NOT_FOUND
2025-11-11T15:10:31.471+09:00 DEBUG 56239 --- [    Test worker] o.s.d.j.r.s.JdbcQueryLookupStrategy      : Using the queryLookupStrategy CREATE_IF_NOT_FOUND
2025-11-11T15:10:31.473+09:00 DEBUG 56239 --- [    Test worker] o.s.d.j.r.s.JdbcQueryLookupStrategy      : Using the queryLookupStrategy CREATE_IF_NOT_FOUND
2025-11-11T15:10:31.476+09:00  INFO 56239 --- [    Test worker] d.d.j.t.r.TechBlogJdbcRepositoryTest     : Started TechBlogJdbcRepositoryTest in 0.093 seconds (process running for 4.979)
2025-11-11T15:10:31.478+09:00 DEBUG 56239 --- [    Test worker] o.s.jdbc.support.JdbcTransactionManager  : Creating new transaction with name [dev.devrunner.jdbc.techblog.repository.TechBlogJdbcRepositoryTest.findByIdsIn_nonExistingIds_returnsEmptyList]: PROPAGATION_REQUIRED,ISOLATION_DEFAULT
2025-11-11T15:10:31.478+09:00 DEBUG 56239 --- [    Test worker] o.s.jdbc.support.JdbcTransactionManager  : Acquired Connection [HikariProxyConnection@180256054 wrapping conn43: url=jdbc:h2:mem:testdb user=SA] for JDBC transaction
2025-11-11T15:10:31.478+09:00 DEBUG 56239 --- [    Test worker] o.s.jdbc.support.JdbcTransactionManager  : Switching JDBC Connection [HikariProxyConnection@180256054 wrapping conn43: url=jdbc:h2:mem:testdb user=SA] to manual commit
2025-11-11T15:10:31.480+09:00 DEBUG 56239 --- [    Test worker] o.s.jdbc.core.JdbcTemplate               : Executing prepared SQL query
2025-11-11T15:10:31.480+09:00 DEBUG 56239 --- [    Test worker] o.s.jdbc.core.JdbcTemplate               : Executing prepared SQL statement [SELECT "tech_blogs"."ID" AS "ID", "tech_blogs"."URL" AS "URL", "tech_blogs"."TITLE" AS "TITLE", "tech_blogs"."SUMMARY" AS "SUMMARY", "tech_blogs"."COMPANY" AS "COMPANY", "tech_blogs"."ONE_LINER" AS "ONE_LINER", "tech_blogs"."SUMMARY_KO" AS "SUMMARY_KO", "tech_blogs"."UPDATED_AT" AS "UPDATED_AT", "tech_blogs"."IS_DELETED" AS "IS_DELETED", "tech_blogs"."CREATED_AT" AS "CREATED_AT", "tech_blogs"."ORIGINAL_URL" AS "ORIGINAL_URL", "tech_blogs"."THUMBNAIL_URL" AS "THUMBNAIL_URL", "tech_blogs"."MARKDOWN_BODY" AS "MARKDOWN_BODY", "tech_blogs"."LIKE_COUNT" AS "LIKE_COUNT", "tech_blogs"."VIEW_COUNT" AS "VIEW_COUNT", "tech_blogs"."DISLIKE_COUNT" AS "DISLIKE_COUNT", "tech_blogs"."COMMENT_COUNT" AS "COMMENT_COUNT" FROM "tech_blogs" WHERE "tech_blogs"."ID" IN (?, ?)]
2025-11-11T15:10:31.482+09:00 DEBUG 56239 --- [    Test worker] o.s.jdbc.support.JdbcTransactionManager  : Initiating transaction rollback
2025-11-11T15:10:31.482+09:00 DEBUG 56239 --- [    Test worker] o.s.jdbc.support.JdbcTransactionManager  : Rolling back JDBC transaction on Connection [HikariProxyConnection@180256054 wrapping conn43: url=jdbc:h2:mem:testdb user=SA]
2025-11-11T15:10:31.482+09:00 DEBUG 56239 --- [    Test worker] o.s.jdbc.support.JdbcTransactionManager  : Releasing JDBC Connection [HikariProxyConnection@180256054 wrapping conn43: url=jdbc:h2:mem:testdb user=SA] after transaction
2025-11-11T15:10:31.484+09:00 DEBUG 56239 --- [    Test worker] o.s.jdbc.support.JdbcTransactionManager  : Creating new transaction with name [dev.devrunner.jdbc.techblog.repository.TechBlogJdbcRepositoryTest.increaseViewCount_validBlogId_incrementsSuccessfully]: PROPAGATION_REQUIRED,ISOLATION_DEFAULT
2025-11-11T15:10:31.484+09:00 DEBUG 56239 --- [    Test worker] o.s.jdbc.support.JdbcTransactionManager  : Acquired Connection [HikariProxyConnection@1252913476 wrapping conn43: url=jdbc:h2:mem:testdb user=SA] for JDBC transaction
2025-11-11T15:10:31.484+09:00 DEBUG 56239 --- [    Test worker] o.s.jdbc.support.JdbcTransactionManager  : Switching JDBC Connection [HikariProxyConnection@1252913476 wrapping conn43: url=jdbc:h2:mem:testdb user=SA] to manual commit
2025-11-11T15:10:31.488+09:00 DEBUG 56239 --- [    Test worker] o.s.jdbc.support.JdbcTransactionManager  : Participating in existing transaction
2025-11-11T15:10:31.492+09:00 DEBUG 56239 --- [    Test worker] o.s.jdbc.core.JdbcTemplate               : Executing SQL update and returning generated keys
2025-11-11T15:10:31.492+09:00 DEBUG 56239 --- [    Test worker] o.s.jdbc.core.JdbcTemplate               : Executing prepared SQL statement [INSERT INTO "tech_blogs" ("COMMENT_COUNT", "COMPANY", "CREATED_AT", "DISLIKE_COUNT", "IS_DELETED", "LIKE_COUNT", "MARKDOWN_BODY", "ONE_LINER", "ORIGINAL_URL", "SUMMARY", "SUMMARY_KO", "THUMBNAIL_URL", "TITLE", "UPDATED_AT", "URL", "VIEW_COUNT") VALUES (?, ?, ?, ?, ?, ?, ?, ?, ?, ?, ?, ?, ?, ?, ?, ?)]
2025-11-11T15:10:31.494+09:00 DEBUG 56239 --- [    Test worker] o.s.jdbc.core.JdbcTemplate               : Executing SQL batch update [INSERT INTO "tech_blog_tech_categories" ("category_name", "tech_blog_id") VALUES (?, ?)]
2025-11-11T15:10:31.494+09:00 DEBUG 56239 --- [    Test worker] o.s.jdbc.core.JdbcTemplate               : Executing prepared SQL statement [INSERT INTO "tech_blog_tech_categories" ("category_name", "tech_blog_id") VALUES (?, ?)]
2025-11-11T15:10:31.494+09:00 DEBUG 56239 --- [    Test worker] o.s.jdbc.support.JdbcUtils               : JDBC driver supports batch updates
2025-11-11T15:10:31.495+09:00 DEBUG 56239 --- [    Test worker] o.s.jdbc.core.JdbcTemplate               : Executing prepared SQL update
2025-11-11T15:10:31.495+09:00 DEBUG 56239 --- [    Test worker] o.s.jdbc.core.JdbcTemplate               : Executing prepared SQL statement [UPDATE tech_blogs SET view_count = view_count + ? WHERE id = ?]
2025-11-11T15:10:31.495+09:00 DEBUG 56239 --- [    Test worker] o.s.jdbc.support.JdbcTransactionManager  : Participating in existing transaction
2025-11-11T15:10:31.496+09:00 DEBUG 56239 --- [    Test worker] o.s.jdbc.core.JdbcTemplate               : Executing prepared SQL query
2025-11-11T15:10:31.496+09:00 DEBUG 56239 --- [    Test worker] o.s.jdbc.core.JdbcTemplate               : Executing prepared SQL statement [SELECT "tech_blogs"."ID" AS "ID", "tech_blogs"."URL" AS "URL", "tech_blogs"."TITLE" AS "TITLE", "tech_blogs"."SUMMARY" AS "SUMMARY", "tech_blogs"."COMPANY" AS "COMPANY", "tech_blogs"."ONE_LINER" AS "ONE_LINER", "tech_blogs"."SUMMARY_KO" AS "SUMMARY_KO", "tech_blogs"."UPDATED_AT" AS "UPDATED_AT", "tech_blogs"."IS_DELETED" AS "IS_DELETED", "tech_blogs"."CREATED_AT" AS "CREATED_AT", "tech_blogs"."ORIGINAL_URL" AS "ORIGINAL_URL", "tech_blogs"."THUMBNAIL_URL" AS "THUMBNAIL_URL", "tech_blogs"."MARKDOWN_BODY" AS "MARKDOWN_BODY", "tech_blogs"."LIKE_COUNT" AS "LIKE_COUNT", "tech_blogs"."VIEW_COUNT" AS "VIEW_COUNT", "tech_blogs"."DISLIKE_COUNT" AS "DISLIKE_COUNT", "tech_blogs"."COMMENT_COUNT" AS "COMMENT_COUNT" FROM "tech_blogs" WHERE "tech_blogs"."ID" = ?]
2025-11-11T15:10:31.497+09:00 DEBUG 56239 --- [    Test worker] o.s.jdbc.core.JdbcTemplate               : Executing prepared SQL query
2025-11-11T15:10:31.497+09:00 DEBUG 56239 --- [    Test worker] o.s.jdbc.core.JdbcTemplate               : Executing prepared SQL statement [SELECT "tech_blog_tech_categories"."category_name" AS "category_name" FROM "tech_blog_tech_categories" WHERE "tech_blog_tech_categories"."tech_blog_id" = ?]
2025-11-11T15:10:31.499+09:00 DEBUG 56239 --- [    Test worker] o.s.jdbc.support.JdbcTransactionManager  : Initiating transaction rollback
2025-11-11T15:10:31.499+09:00 DEBUG 56239 --- [    Test worker] o.s.jdbc.support.JdbcTransactionManager  : Rolling back JDBC transaction on Connection [HikariProxyConnection@1252913476 wrapping conn43: url=jdbc:h2:mem:testdb user=SA]
2025-11-11T15:10:31.499+09:00 DEBUG 56239 --- [    Test worker] o.s.jdbc.support.JdbcTransactionManager  : Releasing JDBC Connection [HikariProxyConnection@1252913476 wrapping conn43: url=jdbc:h2:mem:testdb user=SA] after transaction
2025-11-11T15:10:31.500+09:00 DEBUG 56239 --- [    Test worker] o.s.jdbc.support.JdbcTransactionManager  : Creating new transaction with name [dev.devrunner.jdbc.techblog.repository.TechBlogJdbcRepositoryTest.findByUrl_nonExistingUrl_returnsEmpty]: PROPAGATION_REQUIRED,ISOLATION_DEFAULT
2025-11-11T15:10:31.500+09:00 DEBUG 56239 --- [    Test worker] o.s.jdbc.support.JdbcTransactionManager  : Acquired Connection [HikariProxyConnection@324700168 wrapping conn43: url=jdbc:h2:mem:testdb user=SA] for JDBC transaction
2025-11-11T15:10:31.500+09:00 DEBUG 56239 --- [    Test worker] o.s.jdbc.support.JdbcTransactionManager  : Switching JDBC Connection [HikariProxyConnection@324700168 wrapping conn43: url=jdbc:h2:mem:testdb user=SA] to manual commit
2025-11-11T15:10:31.502+09:00 DEBUG 56239 --- [    Test worker] o.s.jdbc.core.JdbcTemplate               : Executing prepared SQL query
2025-11-11T15:10:31.502+09:00 DEBUG 56239 --- [    Test worker] o.s.jdbc.core.JdbcTemplate               : Executing prepared SQL statement [SELECT "tech_blogs"."ID" AS "ID", "tech_blogs"."URL" AS "URL", "tech_blogs"."TITLE" AS "TITLE", "tech_blogs"."SUMMARY" AS "SUMMARY", "tech_blogs"."COMPANY" AS "COMPANY", "tech_blogs"."ONE_LINER" AS "ONE_LINER", "tech_blogs"."SUMMARY_KO" AS "SUMMARY_KO", "tech_blogs"."UPDATED_AT" AS "UPDATED_AT", "tech_blogs"."IS_DELETED" AS "IS_DELETED", "tech_blogs"."CREATED_AT" AS "CREATED_AT", "tech_blogs"."ORIGINAL_URL" AS "ORIGINAL_URL", "tech_blogs"."THUMBNAIL_URL" AS "THUMBNAIL_URL", "tech_blogs"."MARKDOWN_BODY" AS "MARKDOWN_BODY", "tech_blogs"."LIKE_COUNT" AS "LIKE_COUNT", "tech_blogs"."VIEW_COUNT" AS "VIEW_COUNT", "tech_blogs"."DISLIKE_COUNT" AS "DISLIKE_COUNT", "tech_blogs"."COMMENT_COUNT" AS "COMMENT_COUNT" FROM "tech_blogs" WHERE "tech_blogs"."URL" = ?]
2025-11-11T15:10:31.503+09:00 DEBUG 56239 --- [    Test worker] o.s.jdbc.support.JdbcTransactionManager  : Initiating transaction rollback
2025-11-11T15:10:31.503+09:00 DEBUG 56239 --- [    Test worker] o.s.jdbc.support.JdbcTransactionManager  : Rolling back JDBC transaction on Connection [HikariProxyConnection@324700168 wrapping conn43: url=jdbc:h2:mem:testdb user=SA]
2025-11-11T15:10:31.503+09:00 DEBUG 56239 --- [    Test worker] o.s.jdbc.support.JdbcTransactionManager  : Releasing JDBC Connection [HikariProxyConnection@324700168 wrapping conn43: url=jdbc:h2:mem:testdb user=SA] after transaction
2025-11-11T15:10:31.504+09:00 DEBUG 56239 --- [    Test worker] o.s.jdbc.support.JdbcTransactionManager  : Creating new transaction with name [dev.devrunner.jdbc.techblog.repository.TechBlogJdbcRepositoryTest.findById_existingId_returnsConvertedDomain]: PROPAGATION_REQUIRED,ISOLATION_DEFAULT
2025-11-11T15:10:31.504+09:00 DEBUG 56239 --- [    Test worker] o.s.jdbc.support.JdbcTransactionManager  : Acquired Connection [HikariProxyConnection@1652197647 wrapping conn43: url=jdbc:h2:mem:testdb user=SA] for JDBC transaction
2025-11-11T15:10:31.504+09:00 DEBUG 56239 --- [    Test worker] o.s.jdbc.support.JdbcTransactionManager  : Switching JDBC Connection [HikariProxyConnection@1652197647 wrapping conn43: url=jdbc:h2:mem:testdb user=SA] to manual commit
2025-11-11T15:10:31.504+09:00 DEBUG 56239 --- [    Test worker] o.s.jdbc.support.JdbcTransactionManager  : Participating in existing transaction
2025-11-11T15:10:31.504+09:00 DEBUG 56239 --- [    Test worker] o.s.jdbc.core.JdbcTemplate               : Executing SQL update and returning generated keys
2025-11-11T15:10:31.504+09:00 DEBUG 56239 --- [    Test worker] o.s.jdbc.core.JdbcTemplate               : Executing prepared SQL statement [INSERT INTO "tech_blogs" ("COMMENT_COUNT", "COMPANY", "CREATED_AT", "DISLIKE_COUNT", "IS_DELETED", "LIKE_COUNT", "MARKDOWN_BODY", "ONE_LINER", "ORIGINAL_URL", "SUMMARY", "SUMMARY_KO", "THUMBNAIL_URL", "TITLE", "UPDATED_AT", "URL", "VIEW_COUNT") VALUES (?, ?, ?, ?, ?, ?, ?, ?, ?, ?, ?, ?, ?, ?, ?, ?)]
2025-11-11T15:10:31.505+09:00 DEBUG 56239 --- [    Test worker] o.s.jdbc.core.JdbcTemplate               : Executing SQL batch update [INSERT INTO "tech_blog_tech_categories" ("category_name", "tech_blog_id") VALUES (?, ?)]
2025-11-11T15:10:31.505+09:00 DEBUG 56239 --- [    Test worker] o.s.jdbc.core.JdbcTemplate               : Executing prepared SQL statement [INSERT INTO "tech_blog_tech_categories" ("category_name", "tech_blog_id") VALUES (?, ?)]
2025-11-11T15:10:31.505+09:00 DEBUG 56239 --- [    Test worker] o.s.jdbc.support.JdbcUtils               : JDBC driver supports batch updates
2025-11-11T15:10:31.505+09:00 DEBUG 56239 --- [    Test worker] o.s.jdbc.support.JdbcTransactionManager  : Participating in existing transaction
2025-11-11T15:10:31.505+09:00 DEBUG 56239 --- [    Test worker] o.s.jdbc.core.JdbcTemplate               : Executing prepared SQL query
2025-11-11T15:10:31.505+09:00 DEBUG 56239 --- [    Test worker] o.s.jdbc.core.JdbcTemplate               : Executing prepared SQL statement [SELECT "tech_blogs"."ID" AS "ID", "tech_blogs"."URL" AS "URL", "tech_blogs"."TITLE" AS "TITLE", "tech_blogs"."SUMMARY" AS "SUMMARY", "tech_blogs"."COMPANY" AS "COMPANY", "tech_blogs"."ONE_LINER" AS "ONE_LINER", "tech_blogs"."SUMMARY_KO" AS "SUMMARY_KO", "tech_blogs"."UPDATED_AT" AS "UPDATED_AT", "tech_blogs"."IS_DELETED" AS "IS_DELETED", "tech_blogs"."CREATED_AT" AS "CREATED_AT", "tech_blogs"."ORIGINAL_URL" AS "ORIGINAL_URL", "tech_blogs"."THUMBNAIL_URL" AS "THUMBNAIL_URL", "tech_blogs"."MARKDOWN_BODY" AS "MARKDOWN_BODY", "tech_blogs"."LIKE_COUNT" AS "LIKE_COUNT", "tech_blogs"."VIEW_COUNT" AS "VIEW_COUNT", "tech_blogs"."DISLIKE_COUNT" AS "DISLIKE_COUNT", "tech_blogs"."COMMENT_COUNT" AS "COMMENT_COUNT" FROM "tech_blogs" WHERE "tech_blogs"."ID" = ?]
2025-11-11T15:10:31.506+09:00 DEBUG 56239 --- [    Test worker] o.s.jdbc.core.JdbcTemplate               : Executing prepared SQL query
2025-11-11T15:10:31.506+09:00 DEBUG 56239 --- [    Test worker] o.s.jdbc.core.JdbcTemplate               : Executing prepared SQL statement [SELECT "tech_blog_tech_categories"."category_name" AS "category_name" FROM "tech_blog_tech_categories" WHERE "tech_blog_tech_categories"."tech_blog_id" = ?]
2025-11-11T15:10:31.507+09:00 DEBUG 56239 --- [    Test worker] o.s.jdbc.support.JdbcTransactionManager  : Initiating transaction rollback
2025-11-11T15:10:31.507+09:00 DEBUG 56239 --- [    Test worker] o.s.jdbc.support.JdbcTransactionManager  : Rolling back JDBC transaction on Connection [HikariProxyConnection@1652197647 wrapping conn43: url=jdbc:h2:mem:testdb user=SA]
2025-11-11T15:10:31.507+09:00 DEBUG 56239 --- [    Test worker] o.s.jdbc.support.JdbcTransactionManager  : Releasing JDBC Connection [HikariProxyConnection@1652197647 wrapping conn43: url=jdbc:h2:mem:testdb user=SA] after transaction
2025-11-11T15:10:31.508+09:00 DEBUG 56239 --- [    Test worker] o.s.jdbc.support.JdbcTransactionManager  : Creating new transaction with name [dev.devrunner.jdbc.techblog.repository.TechBlogJdbcRepositoryTest.existsById_nonExistingId_returnsFalse]: PROPAGATION_REQUIRED,ISOLATION_DEFAULT
2025-11-11T15:10:31.508+09:00 DEBUG 56239 --- [    Test worker] o.s.jdbc.support.JdbcTransactionManager  : Acquired Connection [HikariProxyConnection@541182371 wrapping conn43: url=jdbc:h2:mem:testdb user=SA] for JDBC transaction
2025-11-11T15:10:31.508+09:00 DEBUG 56239 --- [    Test worker] o.s.jdbc.support.JdbcTransactionManager  : Switching JDBC Connection [HikariProxyConnection@541182371 wrapping conn43: url=jdbc:h2:mem:testdb user=SA] to manual commit
2025-11-11T15:10:31.509+09:00 DEBUG 56239 --- [    Test worker] o.s.jdbc.support.JdbcTransactionManager  : Participating in existing transaction
2025-11-11T15:10:31.509+09:00 DEBUG 56239 --- [    Test worker] o.s.jdbc.core.JdbcTemplate               : Executing prepared SQL query
2025-11-11T15:10:31.509+09:00 DEBUG 56239 --- [    Test worker] o.s.jdbc.core.JdbcTemplate               : Executing prepared SQL statement [SELECT COUNT("tech_blogs"."ID") FROM "tech_blogs" WHERE "tech_blogs"."ID" = ?]
2025-11-11T15:10:31.510+09:00 DEBUG 56239 --- [    Test worker] o.s.jdbc.support.JdbcTransactionManager  : Initiating transaction rollback
2025-11-11T15:10:31.510+09:00 DEBUG 56239 --- [    Test worker] o.s.jdbc.support.JdbcTransactionManager  : Rolling back JDBC transaction on Connection [HikariProxyConnection@541182371 wrapping conn43: url=jdbc:h2:mem:testdb user=SA]
2025-11-11T15:10:31.510+09:00 DEBUG 56239 --- [    Test worker] o.s.jdbc.support.JdbcTransactionManager  : Releasing JDBC Connection [HikariProxyConnection@541182371 wrapping conn43: url=jdbc:h2:mem:testdb user=SA] after transaction
2025-11-11T15:10:31.511+09:00 DEBUG 56239 --- [    Test worker] o.s.jdbc.support.JdbcTransactionManager  : Creating new transaction with name [dev.devrunner.jdbc.techblog.repository.TechBlogJdbcRepositoryTest.findByIdsIn_existingIds_returnsConvertedList]: PROPAGATION_REQUIRED,ISOLATION_DEFAULT
2025-11-11T15:10:31.511+09:00 DEBUG 56239 --- [    Test worker] o.s.jdbc.support.JdbcTransactionManager  : Acquired Connection [HikariProxyConnection@920869086 wrapping conn43: url=jdbc:h2:mem:testdb user=SA] for JDBC transaction
2025-11-11T15:10:31.511+09:00 DEBUG 56239 --- [    Test worker] o.s.jdbc.support.JdbcTransactionManager  : Switching JDBC Connection [HikariProxyConnection@920869086 wrapping conn43: url=jdbc:h2:mem:testdb user=SA] to manual commit
2025-11-11T15:10:31.512+09:00 DEBUG 56239 --- [    Test worker] o.s.jdbc.support.JdbcTransactionManager  : Participating in existing transaction
2025-11-11T15:10:31.513+09:00 DEBUG 56239 --- [    Test worker] o.s.jdbc.core.JdbcTemplate               : Executing SQL update and returning generated keys
2025-11-11T15:10:31.513+09:00 DEBUG 56239 --- [    Test worker] o.s.jdbc.core.JdbcTemplate               : Executing prepared SQL statement [INSERT INTO "tech_blogs" ("COMMENT_COUNT", "COMPANY", "CREATED_AT", "DISLIKE_COUNT", "IS_DELETED", "LIKE_COUNT", "MARKDOWN_BODY", "ONE_LINER", "ORIGINAL_URL", "SUMMARY", "SUMMARY_KO", "THUMBNAIL_URL", "TITLE", "UPDATED_AT", "URL", "VIEW_COUNT") VALUES (?, ?, ?, ?, ?, ?, ?, ?, ?, ?, ?, ?, ?, ?, ?, ?)]
2025-11-11T15:10:31.513+09:00 DEBUG 56239 --- [    Test worker] o.s.jdbc.core.JdbcTemplate               : Executing SQL batch update [INSERT INTO "tech_blog_tech_categories" ("category_name", "tech_blog_id") VALUES (?, ?)]
2025-11-11T15:10:31.513+09:00 DEBUG 56239 --- [    Test worker] o.s.jdbc.core.JdbcTemplate               : Executing prepared SQL statement [INSERT INTO "tech_blog_tech_categories" ("category_name", "tech_blog_id") VALUES (?, ?)]
2025-11-11T15:10:31.513+09:00 DEBUG 56239 --- [    Test worker] o.s.jdbc.support.JdbcUtils               : JDBC driver supports batch updates
2025-11-11T15:10:31.513+09:00 DEBUG 56239 --- [    Test worker] o.s.jdbc.support.JdbcTransactionManager  : Participating in existing transaction
2025-11-11T15:10:31.514+09:00 DEBUG 56239 --- [    Test worker] o.s.jdbc.core.JdbcTemplate               : Executing SQL update and returning generated keys
2025-11-11T15:10:31.514+09:00 DEBUG 56239 --- [    Test worker] o.s.jdbc.core.JdbcTemplate               : Executing prepared SQL statement [INSERT INTO "tech_blogs" ("COMMENT_COUNT", "COMPANY", "CREATED_AT", "DISLIKE_COUNT", "IS_DELETED", "LIKE_COUNT", "MARKDOWN_BODY", "ONE_LINER", "ORIGINAL_URL", "SUMMARY", "SUMMARY_KO", "THUMBNAIL_URL", "TITLE", "UPDATED_AT", "URL", "VIEW_COUNT") VALUES (?, ?, ?, ?, ?, ?, ?, ?, ?, ?, ?, ?, ?, ?, ?, ?)]
2025-11-11T15:10:31.515+09:00 DEBUG 56239 --- [    Test worker] o.s.jdbc.support.JdbcTransactionManager  : Participating in existing transaction
2025-11-11T15:10:31.515+09:00 DEBUG 56239 --- [    Test worker] o.s.jdbc.core.JdbcTemplate               : Executing SQL update and returning generated keys
2025-11-11T15:10:31.515+09:00 DEBUG 56239 --- [    Test worker] o.s.jdbc.core.JdbcTemplate               : Executing prepared SQL statement [INSERT INTO "tech_blogs" ("COMMENT_COUNT", "COMPANY", "CREATED_AT", "DISLIKE_COUNT", "IS_DELETED", "LIKE_COUNT", "MARKDOWN_BODY", "ONE_LINER", "ORIGINAL_URL", "SUMMARY", "SUMMARY_KO", "THUMBNAIL_URL", "TITLE", "UPDATED_AT", "URL", "VIEW_COUNT") VALUES (?, ?, ?, ?, ?, ?, ?, ?, ?, ?, ?, ?, ?, ?, ?, ?)]
2025-11-11T15:10:31.516+09:00 DEBUG 56239 --- [    Test worker] o.s.jdbc.core.JdbcTemplate               : Executing prepared SQL query
2025-11-11T15:10:31.516+09:00 DEBUG 56239 --- [    Test worker] o.s.jdbc.core.JdbcTemplate               : Executing prepared SQL statement [SELECT "tech_blogs"."ID" AS "ID", "tech_blogs"."URL" AS "URL", "tech_blogs"."TITLE" AS "TITLE", "tech_blogs"."SUMMARY" AS "SUMMARY", "tech_blogs"."COMPANY" AS "COMPANY", "tech_blogs"."ONE_LINER" AS "ONE_LINER", "tech_blogs"."SUMMARY_KO" AS "SUMMARY_KO", "tech_blogs"."UPDATED_AT" AS "UPDATED_AT", "tech_blogs"."IS_DELETED" AS "IS_DELETED", "tech_blogs"."CREATED_AT" AS "CREATED_AT", "tech_blogs"."ORIGINAL_URL" AS "ORIGINAL_URL", "tech_blogs"."THUMBNAIL_URL" AS "THUMBNAIL_URL", "tech_blogs"."MARKDOWN_BODY" AS "MARKDOWN_BODY", "tech_blogs"."LIKE_COUNT" AS "LIKE_COUNT", "tech_blogs"."VIEW_COUNT" AS "VIEW_COUNT", "tech_blogs"."DISLIKE_COUNT" AS "DISLIKE_COUNT", "tech_blogs"."COMMENT_COUNT" AS "COMMENT_COUNT" FROM "tech_blogs" WHERE "tech_blogs"."ID" IN (?, ?)]
2025-11-11T15:10:31.517+09:00 DEBUG 56239 --- [    Test worker] o.s.jdbc.core.JdbcTemplate               : Executing prepared SQL query
2025-11-11T15:10:31.517+09:00 DEBUG 56239 --- [    Test worker] o.s.jdbc.core.JdbcTemplate               : Executing prepared SQL statement [SELECT "tech_blog_tech_categories"."category_name" AS "category_name" FROM "tech_blog_tech_categories" WHERE "tech_blog_tech_categories"."tech_blog_id" = ?]
2025-11-11T15:10:31.517+09:00 DEBUG 56239 --- [    Test worker] o.s.jdbc.core.JdbcTemplate               : Executing prepared SQL query
2025-11-11T15:10:31.517+09:00 DEBUG 56239 --- [    Test worker] o.s.jdbc.core.JdbcTemplate               : Executing prepared SQL statement [SELECT "tech_blog_tech_categories"."category_name" AS "category_name" FROM "tech_blog_tech_categories" WHERE "tech_blog_tech_categories"."tech_blog_id" = ?]
2025-11-11T15:10:31.518+09:00 DEBUG 56239 --- [    Test worker] o.s.jdbc.support.JdbcTransactionManager  : Initiating transaction rollback
2025-11-11T15:10:31.518+09:00 DEBUG 56239 --- [    Test worker] o.s.jdbc.support.JdbcTransactionManager  : Rolling back JDBC transaction on Connection [HikariProxyConnection@920869086 wrapping conn43: url=jdbc:h2:mem:testdb user=SA]
2025-11-11T15:10:31.518+09:00 DEBUG 56239 --- [    Test worker] o.s.jdbc.support.JdbcTransactionManager  : Releasing JDBC Connection [HikariProxyConnection@920869086 wrapping conn43: url=jdbc:h2:mem:testdb user=SA] after transaction
2025-11-11T15:10:31.519+09:00 DEBUG 56239 --- [    Test worker] o.s.jdbc.support.JdbcTransactionManager  : Creating new transaction with name [dev.devrunner.jdbc.techblog.repository.TechBlogJdbcRepositoryTest.findByUrl_existingUrl_returnsConvertedDomain]: PROPAGATION_REQUIRED,ISOLATION_DEFAULT
2025-11-11T15:10:31.519+09:00 DEBUG 56239 --- [    Test worker] o.s.jdbc.support.JdbcTransactionManager  : Acquired Connection [HikariProxyConnection@377204235 wrapping conn43: url=jdbc:h2:mem:testdb user=SA] for JDBC transaction
2025-11-11T15:10:31.519+09:00 DEBUG 56239 --- [    Test worker] o.s.jdbc.support.JdbcTransactionManager  : Switching JDBC Connection [HikariProxyConnection@377204235 wrapping conn43: url=jdbc:h2:mem:testdb user=SA] to manual commit
2025-11-11T15:10:31.519+09:00 DEBUG 56239 --- [    Test worker] o.s.jdbc.support.JdbcTransactionManager  : Participating in existing transaction
2025-11-11T15:10:31.520+09:00 DEBUG 56239 --- [    Test worker] o.s.jdbc.core.JdbcTemplate               : Executing SQL update and returning generated keys
2025-11-11T15:10:31.520+09:00 DEBUG 56239 --- [    Test worker] o.s.jdbc.core.JdbcTemplate               : Executing prepared SQL statement [INSERT INTO "tech_blogs" ("COMMENT_COUNT", "COMPANY", "CREATED_AT", "DISLIKE_COUNT", "IS_DELETED", "LIKE_COUNT", "MARKDOWN_BODY", "ONE_LINER", "ORIGINAL_URL", "SUMMARY", "SUMMARY_KO", "THUMBNAIL_URL", "TITLE", "UPDATED_AT", "URL", "VIEW_COUNT") VALUES (?, ?, ?, ?, ?, ?, ?, ?, ?, ?, ?, ?, ?, ?, ?, ?)]
2025-11-11T15:10:31.520+09:00 DEBUG 56239 --- [    Test worker] o.s.jdbc.core.JdbcTemplate               : Executing SQL batch update [INSERT INTO "tech_blog_tech_categories" ("category_name", "tech_blog_id") VALUES (?, ?)]
2025-11-11T15:10:31.521+09:00 DEBUG 56239 --- [    Test worker] o.s.jdbc.core.JdbcTemplate               : Executing prepared SQL statement [INSERT INTO "tech_blog_tech_categories" ("category_name", "tech_blog_id") VALUES (?, ?)]
2025-11-11T15:10:31.521+09:00 DEBUG 56239 --- [    Test worker] o.s.jdbc.support.JdbcUtils               : JDBC driver supports batch updates
2025-11-11T15:10:31.521+09:00 DEBUG 56239 --- [    Test worker] o.s.jdbc.core.JdbcTemplate               : Executing prepared SQL query
2025-11-11T15:10:31.521+09:00 DEBUG 56239 --- [    Test worker] o.s.jdbc.core.JdbcTemplate               : Executing prepared SQL statement [SELECT "tech_blogs"."ID" AS "ID", "tech_blogs"."URL" AS "URL", "tech_blogs"."TITLE" AS "TITLE", "tech_blogs"."SUMMARY" AS "SUMMARY", "tech_blogs"."COMPANY" AS "COMPANY", "tech_blogs"."ONE_LINER" AS "ONE_LINER", "tech_blogs"."SUMMARY_KO" AS "SUMMARY_KO", "tech_blogs"."UPDATED_AT" AS "UPDATED_AT", "tech_blogs"."IS_DELETED" AS "IS_DELETED", "tech_blogs"."CREATED_AT" AS "CREATED_AT", "tech_blogs"."ORIGINAL_URL" AS "ORIGINAL_URL", "tech_blogs"."THUMBNAIL_URL" AS "THUMBNAIL_URL", "tech_blogs"."MARKDOWN_BODY" AS "MARKDOWN_BODY", "tech_blogs"."LIKE_COUNT" AS "LIKE_COUNT", "tech_blogs"."VIEW_COUNT" AS "VIEW_COUNT", "tech_blogs"."DISLIKE_COUNT" AS "DISLIKE_COUNT", "tech_blogs"."COMMENT_COUNT" AS "COMMENT_COUNT" FROM "tech_blogs" WHERE "tech_blogs"."URL" = ?]
2025-11-11T15:10:31.522+09:00 DEBUG 56239 --- [    Test worker] o.s.jdbc.core.JdbcTemplate               : Executing prepared SQL query
2025-11-11T15:10:31.522+09:00 DEBUG 56239 --- [    Test worker] o.s.jdbc.core.JdbcTemplate               : Executing prepared SQL statement [SELECT "tech_blog_tech_categories"."category_name" AS "category_name" FROM "tech_blog_tech_categories" WHERE "tech_blog_tech_categories"."tech_blog_id" = ?]
2025-11-11T15:10:31.523+09:00 DEBUG 56239 --- [    Test worker] o.s.jdbc.support.JdbcTransactionManager  : Initiating transaction rollback
2025-11-11T15:10:31.523+09:00 DEBUG 56239 --- [    Test worker] o.s.jdbc.support.JdbcTransactionManager  : Rolling back JDBC transaction on Connection [HikariProxyConnection@377204235 wrapping conn43: url=jdbc:h2:mem:testdb user=SA]
2025-11-11T15:10:31.523+09:00 DEBUG 56239 --- [    Test worker] o.s.jdbc.support.JdbcTransactionManager  : Releasing JDBC Connection [HikariProxyConnection@377204235 wrapping conn43: url=jdbc:h2:mem:testdb user=SA] after transaction
2025-11-11T15:10:31.524+09:00 DEBUG 56239 --- [    Test worker] o.s.jdbc.support.JdbcTransactionManager  : Creating new transaction with name [dev.devrunner.jdbc.techblog.repository.TechBlogJdbcRepositoryTest.findById_nonExistingId_returnsEmpty]: PROPAGATION_REQUIRED,ISOLATION_DEFAULT
2025-11-11T15:10:31.524+09:00 DEBUG 56239 --- [    Test worker] o.s.jdbc.support.JdbcTransactionManager  : Acquired Connection [HikariProxyConnection@1034095845 wrapping conn43: url=jdbc:h2:mem:testdb user=SA] for JDBC transaction
2025-11-11T15:10:31.524+09:00 DEBUG 56239 --- [    Test worker] o.s.jdbc.support.JdbcTransactionManager  : Switching JDBC Connection [HikariProxyConnection@1034095845 wrapping conn43: url=jdbc:h2:mem:testdb user=SA] to manual commit
2025-11-11T15:10:31.525+09:00 DEBUG 56239 --- [    Test worker] o.s.jdbc.support.JdbcTransactionManager  : Participating in existing transaction
2025-11-11T15:10:31.525+09:00 DEBUG 56239 --- [    Test worker] o.s.jdbc.core.JdbcTemplate               : Executing prepared SQL query
2025-11-11T15:10:31.525+09:00 DEBUG 56239 --- [    Test worker] o.s.jdbc.core.JdbcTemplate               : Executing prepared SQL statement [SELECT "tech_blogs"."ID" AS "ID", "tech_blogs"."URL" AS "URL", "tech_blogs"."TITLE" AS "TITLE", "tech_blogs"."SUMMARY" AS "SUMMARY", "tech_blogs"."COMPANY" AS "COMPANY", "tech_blogs"."ONE_LINER" AS "ONE_LINER", "tech_blogs"."SUMMARY_KO" AS "SUMMARY_KO", "tech_blogs"."UPDATED_AT" AS "UPDATED_AT", "tech_blogs"."IS_DELETED" AS "IS_DELETED", "tech_blogs"."CREATED_AT" AS "CREATED_AT", "tech_blogs"."ORIGINAL_URL" AS "ORIGINAL_URL", "tech_blogs"."THUMBNAIL_URL" AS "THUMBNAIL_URL", "tech_blogs"."MARKDOWN_BODY" AS "MARKDOWN_BODY", "tech_blogs"."LIKE_COUNT" AS "LIKE_COUNT", "tech_blogs"."VIEW_COUNT" AS "VIEW_COUNT", "tech_blogs"."DISLIKE_COUNT" AS "DISLIKE_COUNT", "tech_blogs"."COMMENT_COUNT" AS "COMMENT_COUNT" FROM "tech_blogs" WHERE "tech_blogs"."ID" = ?]
2025-11-11T15:10:31.526+09:00 DEBUG 56239 --- [    Test worker] o.s.jdbc.support.JdbcTransactionManager  : Initiating transaction rollback
2025-11-11T15:10:31.526+09:00 DEBUG 56239 --- [    Test worker] o.s.jdbc.support.JdbcTransactionManager  : Rolling back JDBC transaction on Connection [HikariProxyConnection@1034095845 wrapping conn43: url=jdbc:h2:mem:testdb user=SA]
2025-11-11T15:10:31.526+09:00 DEBUG 56239 --- [    Test worker] o.s.jdbc.support.JdbcTransactionManager  : Releasing JDBC Connection [HikariProxyConnection@1034095845 wrapping conn43: url=jdbc:h2:mem:testdb user=SA] after transaction
2025-11-11T15:10:31.526+09:00 DEBUG 56239 --- [    Test worker] o.s.jdbc.support.JdbcTransactionManager  : Creating new transaction with name [dev.devrunner.jdbc.techblog.repository.TechBlogJdbcRepositoryTest.deleteById_existingId_deletesSuccessfully]: PROPAGATION_REQUIRED,ISOLATION_DEFAULT
2025-11-11T15:10:31.526+09:00 DEBUG 56239 --- [    Test worker] o.s.jdbc.support.JdbcTransactionManager  : Acquired Connection [HikariProxyConnection@508260550 wrapping conn43: url=jdbc:h2:mem:testdb user=SA] for JDBC transaction
2025-11-11T15:10:31.526+09:00 DEBUG 56239 --- [    Test worker] o.s.jdbc.support.JdbcTransactionManager  : Switching JDBC Connection [HikariProxyConnection@508260550 wrapping conn43: url=jdbc:h2:mem:testdb user=SA] to manual commit
2025-11-11T15:10:31.527+09:00 DEBUG 56239 --- [    Test worker] o.s.jdbc.support.JdbcTransactionManager  : Participating in existing transaction
2025-11-11T15:10:31.527+09:00 DEBUG 56239 --- [    Test worker] o.s.jdbc.core.JdbcTemplate               : Executing SQL update and returning generated keys
2025-11-11T15:10:31.527+09:00 DEBUG 56239 --- [    Test worker] o.s.jdbc.core.JdbcTemplate               : Executing prepared SQL statement [INSERT INTO "tech_blogs" ("COMMENT_COUNT", "COMPANY", "CREATED_AT", "DISLIKE_COUNT", "IS_DELETED", "LIKE_COUNT", "MARKDOWN_BODY", "ONE_LINER", "ORIGINAL_URL", "SUMMARY", "SUMMARY_KO", "THUMBNAIL_URL", "TITLE", "UPDATED_AT", "URL", "VIEW_COUNT") VALUES (?, ?, ?, ?, ?, ?, ?, ?, ?, ?, ?, ?, ?, ?, ?, ?)]
2025-11-11T15:10:31.528+09:00 DEBUG 56239 --- [    Test worker] o.s.jdbc.core.JdbcTemplate               : Executing SQL batch update [INSERT INTO "tech_blog_tech_categories" ("category_name", "tech_blog_id") VALUES (?, ?)]
2025-11-11T15:10:31.528+09:00 DEBUG 56239 --- [    Test worker] o.s.jdbc.core.JdbcTemplate               : Executing prepared SQL statement [INSERT INTO "tech_blog_tech_categories" ("category_name", "tech_blog_id") VALUES (?, ?)]
2025-11-11T15:10:31.528+09:00 DEBUG 56239 --- [    Test worker] o.s.jdbc.support.JdbcUtils               : JDBC driver supports batch updates
2025-11-11T15:10:31.528+09:00 DEBUG 56239 --- [    Test worker] o.s.jdbc.support.JdbcTransactionManager  : Participating in existing transaction
2025-11-11T15:10:31.530+09:00 DEBUG 56239 --- [    Test worker] o.s.jdbc.core.JdbcTemplate               : Executing prepared SQL query
2025-11-11T15:10:31.530+09:00 DEBUG 56239 --- [    Test worker] o.s.jdbc.core.JdbcTemplate               : Executing prepared SQL statement [SELECT "tech_blogs"."ID" FROM "tech_blogs" WHERE "tech_blogs"."ID" = ? FOR UPDATE]
2025-11-11T15:10:31.532+09:00 DEBUG 56239 --- [    Test worker] o.s.jdbc.core.JdbcTemplate               : Executing prepared SQL update
2025-11-11T15:10:31.532+09:00 DEBUG 56239 --- [    Test worker] o.s.jdbc.core.JdbcTemplate               : Executing prepared SQL statement [DELETE FROM "tech_blog_tech_categories" WHERE "tech_blog_tech_categories"."tech_blog_id" = ?]
2025-11-11T15:10:31.532+09:00 DEBUG 56239 --- [    Test worker] o.s.jdbc.core.JdbcTemplate               : Executing prepared SQL update
2025-11-11T15:10:31.532+09:00 DEBUG 56239 --- [    Test worker] o.s.jdbc.core.JdbcTemplate               : Executing prepared SQL statement [DELETE FROM "tech_blogs" WHERE "tech_blogs"."ID" = ?]
2025-11-11T15:10:31.532+09:00 DEBUG 56239 --- [    Test worker] o.s.jdbc.support.JdbcTransactionManager  : Participating in existing transaction
2025-11-11T15:10:31.532+09:00 DEBUG 56239 --- [    Test worker] o.s.jdbc.core.JdbcTemplate               : Executing prepared SQL query
2025-11-11T15:10:31.532+09:00 DEBUG 56239 --- [    Test worker] o.s.jdbc.core.JdbcTemplate               : Executing prepared SQL statement [SELECT COUNT("tech_blogs"."ID") FROM "tech_blogs" WHERE "tech_blogs"."ID" = ?]
2025-11-11T15:10:31.533+09:00 DEBUG 56239 --- [    Test worker] o.s.jdbc.support.JdbcTransactionManager  : Initiating transaction rollback
2025-11-11T15:10:31.533+09:00 DEBUG 56239 --- [    Test worker] o.s.jdbc.support.JdbcTransactionManager  : Rolling back JDBC transaction on Connection [HikariProxyConnection@508260550 wrapping conn43: url=jdbc:h2:mem:testdb user=SA]
2025-11-11T15:10:31.533+09:00 DEBUG 56239 --- [    Test worker] o.s.jdbc.support.JdbcTransactionManager  : Releasing JDBC Connection [HikariProxyConnection@508260550 wrapping conn43: url=jdbc:h2:mem:testdb user=SA] after transaction
2025-11-11T15:10:31.534+09:00 DEBUG 56239 --- [    Test worker] o.s.jdbc.support.JdbcTransactionManager  : Creating new transaction with name [dev.devrunner.jdbc.techblog.repository.TechBlogJdbcRepositoryTest.findByCompany_existingCompany_returnsConvertedList]: PROPAGATION_REQUIRED,ISOLATION_DEFAULT
2025-11-11T15:10:31.534+09:00 DEBUG 56239 --- [    Test worker] o.s.jdbc.support.JdbcTransactionManager  : Acquired Connection [HikariProxyConnection@1542262772 wrapping conn43: url=jdbc:h2:mem:testdb user=SA] for JDBC transaction
2025-11-11T15:10:31.534+09:00 DEBUG 56239 --- [    Test worker] o.s.jdbc.support.JdbcTransactionManager  : Switching JDBC Connection [HikariProxyConnection@1542262772 wrapping conn43: url=jdbc:h2:mem:testdb user=SA] to manual commit
2025-11-11T15:10:31.534+09:00 DEBUG 56239 --- [    Test worker] o.s.jdbc.support.JdbcTransactionManager  : Participating in existing transaction
2025-11-11T15:10:31.536+09:00 DEBUG 56239 --- [    Test worker] o.s.jdbc.core.JdbcTemplate               : Executing SQL update and returning generated keys
2025-11-11T15:10:31.536+09:00 DEBUG 56239 --- [    Test worker] o.s.jdbc.core.JdbcTemplate               : Executing prepared SQL statement [INSERT INTO "tech_blogs" ("COMMENT_COUNT", "COMPANY", "CREATED_AT", "DISLIKE_COUNT", "IS_DELETED", "LIKE_COUNT", "MARKDOWN_BODY", "ONE_LINER", "ORIGINAL_URL", "SUMMARY", "SUMMARY_KO", "THUMBNAIL_URL", "TITLE", "UPDATED_AT", "URL", "VIEW_COUNT") VALUES (?, ?, ?, ?, ?, ?, ?, ?, ?, ?, ?, ?, ?, ?, ?, ?)]
2025-11-11T15:10:31.536+09:00 DEBUG 56239 --- [    Test worker] o.s.jdbc.core.JdbcTemplate               : Executing SQL batch update [INSERT INTO "tech_blog_tech_categories" ("category_name", "tech_blog_id") VALUES (?, ?)]
2025-11-11T15:10:31.537+09:00 DEBUG 56239 --- [    Test worker] o.s.jdbc.core.JdbcTemplate               : Executing prepared SQL statement [INSERT INTO "tech_blog_tech_categories" ("category_name", "tech_blog_id") VALUES (?, ?)]
2025-11-11T15:10:31.537+09:00 DEBUG 56239 --- [    Test worker] o.s.jdbc.support.JdbcUtils               : JDBC driver supports batch updates
2025-11-11T15:10:31.537+09:00 DEBUG 56239 --- [    Test worker] o.s.jdbc.support.JdbcTransactionManager  : Participating in existing transaction
2025-11-11T15:10:31.538+09:00 DEBUG 56239 --- [    Test worker] o.s.jdbc.core.JdbcTemplate               : Executing SQL update and returning generated keys
2025-11-11T15:10:31.538+09:00 DEBUG 56239 --- [    Test worker] o.s.jdbc.core.JdbcTemplate               : Executing prepared SQL statement [INSERT INTO "tech_blogs" ("COMMENT_COUNT", "COMPANY", "CREATED_AT", "DISLIKE_COUNT", "IS_DELETED", "LIKE_COUNT", "MARKDOWN_BODY", "ONE_LINER", "ORIGINAL_URL", "SUMMARY", "SUMMARY_KO", "THUMBNAIL_URL", "TITLE", "UPDATED_AT", "URL", "VIEW_COUNT") VALUES (?, ?, ?, ?, ?, ?, ?, ?, ?, ?, ?, ?, ?, ?, ?, ?)]
2025-11-11T15:10:31.538+09:00 DEBUG 56239 --- [    Test worker] o.s.jdbc.support.JdbcTransactionManager  : Participating in existing transaction
2025-11-11T15:10:31.538+09:00 DEBUG 56239 --- [    Test worker] o.s.jdbc.core.JdbcTemplate               : Executing SQL update and returning generated keys
2025-11-11T15:10:31.538+09:00 DEBUG 56239 --- [    Test worker] o.s.jdbc.core.JdbcTemplate               : Executing prepared SQL statement [INSERT INTO "tech_blogs" ("COMMENT_COUNT", "COMPANY", "CREATED_AT", "DISLIKE_COUNT", "IS_DELETED", "LIKE_COUNT", "MARKDOWN_BODY", "ONE_LINER", "ORIGINAL_URL", "SUMMARY", "SUMMARY_KO", "THUMBNAIL_URL", "TITLE", "UPDATED_AT", "URL", "VIEW_COUNT") VALUES (?, ?, ?, ?, ?, ?, ?, ?, ?, ?, ?, ?, ?, ?, ?, ?)]
2025-11-11T15:10:31.539+09:00 DEBUG 56239 --- [    Test worker] o.s.jdbc.core.JdbcTemplate               : Executing prepared SQL query
2025-11-11T15:10:31.539+09:00 DEBUG 56239 --- [    Test worker] o.s.jdbc.core.JdbcTemplate               : Executing prepared SQL statement [SELECT "tech_blogs"."ID" AS "ID", "tech_blogs"."URL" AS "URL", "tech_blogs"."TITLE" AS "TITLE", "tech_blogs"."SUMMARY" AS "SUMMARY", "tech_blogs"."COMPANY" AS "COMPANY", "tech_blogs"."ONE_LINER" AS "ONE_LINER", "tech_blogs"."SUMMARY_KO" AS "SUMMARY_KO", "tech_blogs"."UPDATED_AT" AS "UPDATED_AT", "tech_blogs"."IS_DELETED" AS "IS_DELETED", "tech_blogs"."CREATED_AT" AS "CREATED_AT", "tech_blogs"."ORIGINAL_URL" AS "ORIGINAL_URL", "tech_blogs"."THUMBNAIL_URL" AS "THUMBNAIL_URL", "tech_blogs"."MARKDOWN_BODY" AS "MARKDOWN_BODY", "tech_blogs"."LIKE_COUNT" AS "LIKE_COUNT", "tech_blogs"."VIEW_COUNT" AS "VIEW_COUNT", "tech_blogs"."DISLIKE_COUNT" AS "DISLIKE_COUNT", "tech_blogs"."COMMENT_COUNT" AS "COMMENT_COUNT" FROM "tech_blogs" WHERE "tech_blogs"."COMPANY" = ?]
2025-11-11T15:10:31.540+09:00 DEBUG 56239 --- [    Test worker] o.s.jdbc.core.JdbcTemplate               : Executing prepared SQL query
2025-11-11T15:10:31.540+09:00 DEBUG 56239 --- [    Test worker] o.s.jdbc.core.JdbcTemplate               : Executing prepared SQL statement [SELECT "tech_blog_tech_categories"."category_name" AS "category_name" FROM "tech_blog_tech_categories" WHERE "tech_blog_tech_categories"."tech_blog_id" = ?]
2025-11-11T15:10:31.541+09:00 DEBUG 56239 --- [    Test worker] o.s.jdbc.core.JdbcTemplate               : Executing prepared SQL query
2025-11-11T15:10:31.541+09:00 DEBUG 56239 --- [    Test worker] o.s.jdbc.core.JdbcTemplate               : Executing prepared SQL statement [SELECT "tech_blog_tech_categories"."category_name" AS "category_name" FROM "tech_blog_tech_categories" WHERE "tech_blog_tech_categories"."tech_blog_id" = ?]
2025-11-11T15:10:31.542+09:00 DEBUG 56239 --- [    Test worker] o.s.jdbc.support.JdbcTransactionManager  : Initiating transaction rollback
2025-11-11T15:10:31.542+09:00 DEBUG 56239 --- [    Test worker] o.s.jdbc.support.JdbcTransactionManager  : Rolling back JDBC transaction on Connection [HikariProxyConnection@1542262772 wrapping conn43: url=jdbc:h2:mem:testdb user=SA]
2025-11-11T15:10:31.542+09:00 DEBUG 56239 --- [    Test worker] o.s.jdbc.support.JdbcTransactionManager  : Releasing JDBC Connection [HikariProxyConnection@1542262772 wrapping conn43: url=jdbc:h2:mem:testdb user=SA] after transaction
2025-11-11T15:10:31.543+09:00 DEBUG 56239 --- [    Test worker] o.s.jdbc.support.JdbcTransactionManager  : Creating new transaction with name [dev.devrunner.jdbc.techblog.repository.TechBlogJdbcRepositoryTest.save_withNullId_generatesIdAndReturns]: PROPAGATION_REQUIRED,ISOLATION_DEFAULT
2025-11-11T15:10:31.543+09:00 DEBUG 56239 --- [    Test worker] o.s.jdbc.support.JdbcTransactionManager  : Acquired Connection [HikariProxyConnection@479618184 wrapping conn43: url=jdbc:h2:mem:testdb user=SA] for JDBC transaction
2025-11-11T15:10:31.543+09:00 DEBUG 56239 --- [    Test worker] o.s.jdbc.support.JdbcTransactionManager  : Switching JDBC Connection [HikariProxyConnection@479618184 wrapping conn43: url=jdbc:h2:mem:testdb user=SA] to manual commit
2025-11-11T15:10:31.543+09:00 DEBUG 56239 --- [    Test worker] o.s.jdbc.support.JdbcTransactionManager  : Participating in existing transaction
2025-11-11T15:10:31.544+09:00 DEBUG 56239 --- [    Test worker] o.s.jdbc.core.JdbcTemplate               : Executing SQL update and returning generated keys
2025-11-11T15:10:31.544+09:00 DEBUG 56239 --- [    Test worker] o.s.jdbc.core.JdbcTemplate               : Executing prepared SQL statement [INSERT INTO "tech_blogs" ("COMMENT_COUNT", "COMPANY", "CREATED_AT", "DISLIKE_COUNT", "IS_DELETED", "LIKE_COUNT", "MARKDOWN_BODY", "ONE_LINER", "ORIGINAL_URL", "SUMMARY", "SUMMARY_KO", "THUMBNAIL_URL", "TITLE", "UPDATED_AT", "URL", "VIEW_COUNT") VALUES (?, ?, ?, ?, ?, ?, ?, ?, ?, ?, ?, ?, ?, ?, ?, ?)]
2025-11-11T15:10:31.544+09:00 DEBUG 56239 --- [    Test worker] o.s.jdbc.core.JdbcTemplate               : Executing SQL batch update [INSERT INTO "tech_blog_tech_categories" ("category_name", "tech_blog_id") VALUES (?, ?)]
2025-11-11T15:10:31.544+09:00 DEBUG 56239 --- [    Test worker] o.s.jdbc.core.JdbcTemplate               : Executing prepared SQL statement [INSERT INTO "tech_blog_tech_categories" ("category_name", "tech_blog_id") VALUES (?, ?)]
2025-11-11T15:10:31.544+09:00 DEBUG 56239 --- [    Test worker] o.s.jdbc.support.JdbcUtils               : JDBC driver supports batch updates
2025-11-11T15:10:31.545+09:00 DEBUG 56239 --- [    Test worker] o.s.jdbc.support.JdbcTransactionManager  : Initiating transaction rollback
2025-11-11T15:10:31.545+09:00 DEBUG 56239 --- [    Test worker] o.s.jdbc.support.JdbcTransactionManager  : Rolling back JDBC transaction on Connection [HikariProxyConnection@479618184 wrapping conn43: url=jdbc:h2:mem:testdb user=SA]
2025-11-11T15:10:31.545+09:00 DEBUG 56239 --- [    Test worker] o.s.jdbc.support.JdbcTransactionManager  : Releasing JDBC Connection [HikariProxyConnection@479618184 wrapping conn43: url=jdbc:h2:mem:testdb user=SA] after transaction
2025-11-11T15:10:31.546+09:00 DEBUG 56239 --- [    Test worker] o.s.jdbc.support.JdbcTransactionManager  : Creating new transaction with name [dev.devrunner.jdbc.techblog.repository.TechBlogJdbcRepositoryTest.save_withValidDomain_returnsConvertedDomain]: PROPAGATION_REQUIRED,ISOLATION_DEFAULT
2025-11-11T15:10:31.546+09:00 DEBUG 56239 --- [    Test worker] o.s.jdbc.support.JdbcTransactionManager  : Acquired Connection [HikariProxyConnection@2021678579 wrapping conn43: url=jdbc:h2:mem:testdb user=SA] for JDBC transaction
2025-11-11T15:10:31.546+09:00 DEBUG 56239 --- [    Test worker] o.s.jdbc.support.JdbcTransactionManager  : Switching JDBC Connection [HikariProxyConnection@2021678579 wrapping conn43: url=jdbc:h2:mem:testdb user=SA] to manual commit
2025-11-11T15:10:31.547+09:00 DEBUG 56239 --- [    Test worker] o.s.jdbc.support.JdbcTransactionManager  : Participating in existing transaction
2025-11-11T15:10:31.547+09:00 DEBUG 56239 --- [    Test worker] o.s.jdbc.core.JdbcTemplate               : Executing SQL update and returning generated keys
2025-11-11T15:10:31.547+09:00 DEBUG 56239 --- [    Test worker] o.s.jdbc.core.JdbcTemplate               : Executing prepared SQL statement [INSERT INTO "tech_blogs" ("COMMENT_COUNT", "COMPANY", "CREATED_AT", "DISLIKE_COUNT", "IS_DELETED", "LIKE_COUNT", "MARKDOWN_BODY", "ONE_LINER", "ORIGINAL_URL", "SUMMARY", "SUMMARY_KO", "THUMBNAIL_URL", "TITLE", "UPDATED_AT", "URL", "VIEW_COUNT") VALUES (?, ?, ?, ?, ?, ?, ?, ?, ?, ?, ?, ?, ?, ?, ?, ?)]
2025-11-11T15:10:31.548+09:00 DEBUG 56239 --- [    Test worker] o.s.jdbc.core.JdbcTemplate               : Executing SQL batch update [INSERT INTO "tech_blog_tech_categories" ("category_name", "tech_blog_id") VALUES (?, ?)]
2025-11-11T15:10:31.548+09:00 DEBUG 56239 --- [    Test worker] o.s.jdbc.core.JdbcTemplate               : Executing prepared SQL statement [INSERT INTO "tech_blog_tech_categories" ("category_name", "tech_blog_id") VALUES (?, ?)]
2025-11-11T15:10:31.548+09:00 DEBUG 56239 --- [    Test worker] o.s.jdbc.support.JdbcUtils               : JDBC driver supports batch updates
2025-11-11T15:10:31.549+09:00 DEBUG 56239 --- [    Test worker] o.s.jdbc.support.JdbcTransactionManager  : Initiating transaction rollback
2025-11-11T15:10:31.549+09:00 DEBUG 56239 --- [    Test worker] o.s.jdbc.support.JdbcTransactionManager  : Rolling back JDBC transaction on Connection [HikariProxyConnection@2021678579 wrapping conn43: url=jdbc:h2:mem:testdb user=SA]
2025-11-11T15:10:31.549+09:00 DEBUG 56239 --- [    Test worker] o.s.jdbc.support.JdbcTransactionManager  : Releasing JDBC Connection [HikariProxyConnection@2021678579 wrapping conn43: url=jdbc:h2:mem:testdb user=SA] after transaction
2025-11-11T15:10:31.550+09:00 DEBUG 56239 --- [    Test worker] o.s.jdbc.support.JdbcTransactionManager  : Creating new transaction with name [dev.devrunner.jdbc.techblog.repository.TechBlogJdbcRepositoryTest.findAll_withData_returnsConvertedList]: PROPAGATION_REQUIRED,ISOLATION_DEFAULT
2025-11-11T15:10:31.550+09:00 DEBUG 56239 --- [    Test worker] o.s.jdbc.support.JdbcTransactionManager  : Acquired Connection [HikariProxyConnection@1206325076 wrapping conn43: url=jdbc:h2:mem:testdb user=SA] for JDBC transaction
2025-11-11T15:10:31.550+09:00 DEBUG 56239 --- [    Test worker] o.s.jdbc.support.JdbcTransactionManager  : Switching JDBC Connection [HikariProxyConnection@1206325076 wrapping conn43: url=jdbc:h2:mem:testdb user=SA] to manual commit
2025-11-11T15:10:31.550+09:00 DEBUG 56239 --- [    Test worker] o.s.jdbc.support.JdbcTransactionManager  : Participating in existing transaction
2025-11-11T15:10:31.551+09:00 DEBUG 56239 --- [    Test worker] o.s.jdbc.core.JdbcTemplate               : Executing SQL update and returning generated keys
2025-11-11T15:10:31.551+09:00 DEBUG 56239 --- [    Test worker] o.s.jdbc.core.JdbcTemplate               : Executing prepared SQL statement [INSERT INTO "tech_blogs" ("COMMENT_COUNT", "COMPANY", "CREATED_AT", "DISLIKE_COUNT", "IS_DELETED", "LIKE_COUNT", "MARKDOWN_BODY", "ONE_LINER", "ORIGINAL_URL", "SUMMARY", "SUMMARY_KO", "THUMBNAIL_URL", "TITLE", "UPDATED_AT", "URL", "VIEW_COUNT") VALUES (?, ?, ?, ?, ?, ?, ?, ?, ?, ?, ?, ?, ?, ?, ?, ?)]
2025-11-11T15:10:31.552+09:00 DEBUG 56239 --- [    Test worker] o.s.jdbc.core.JdbcTemplate               : Executing SQL batch update [INSERT INTO "tech_blog_tech_categories" ("category_name", "tech_blog_id") VALUES (?, ?)]
2025-11-11T15:10:31.552+09:00 DEBUG 56239 --- [    Test worker] o.s.jdbc.core.JdbcTemplate               : Executing prepared SQL statement [INSERT INTO "tech_blog_tech_categories" ("category_name", "tech_blog_id") VALUES (?, ?)]
2025-11-11T15:10:31.552+09:00 DEBUG 56239 --- [    Test worker] o.s.jdbc.support.JdbcUtils               : JDBC driver supports batch updates
2025-11-11T15:10:31.552+09:00 DEBUG 56239 --- [    Test worker] o.s.jdbc.support.JdbcTransactionManager  : Participating in existing transaction
2025-11-11T15:10:31.553+09:00 DEBUG 56239 --- [    Test worker] o.s.jdbc.core.JdbcTemplate               : Executing SQL update and returning generated keys
2025-11-11T15:10:31.553+09:00 DEBUG 56239 --- [    Test worker] o.s.jdbc.core.JdbcTemplate               : Executing prepared SQL statement [INSERT INTO "tech_blogs" ("COMMENT_COUNT", "COMPANY", "CREATED_AT", "DISLIKE_COUNT", "IS_DELETED", "LIKE_COUNT", "MARKDOWN_BODY", "ONE_LINER", "ORIGINAL_URL", "SUMMARY", "SUMMARY_KO", "THUMBNAIL_URL", "TITLE", "UPDATED_AT", "URL", "VIEW_COUNT") VALUES (?, ?, ?, ?, ?, ?, ?, ?, ?, ?, ?, ?, ?, ?, ?, ?)]
2025-11-11T15:10:31.553+09:00 DEBUG 56239 --- [    Test worker] o.s.jdbc.support.JdbcTransactionManager  : Participating in existing transaction
2025-11-11T15:10:31.554+09:00 DEBUG 56239 --- [    Test worker] o.s.jdbc.core.JdbcTemplate               : Executing prepared SQL query
2025-11-11T15:10:31.554+09:00 DEBUG 56239 --- [    Test worker] o.s.jdbc.core.JdbcTemplate               : Executing prepared SQL statement [SELECT "tech_blogs"."ID" AS "ID", "tech_blogs"."URL" AS "URL", "tech_blogs"."TITLE" AS "TITLE", "tech_blogs"."SUMMARY" AS "SUMMARY", "tech_blogs"."COMPANY" AS "COMPANY", "tech_blogs"."ONE_LINER" AS "ONE_LINER", "tech_blogs"."SUMMARY_KO" AS "SUMMARY_KO", "tech_blogs"."UPDATED_AT" AS "UPDATED_AT", "tech_blogs"."IS_DELETED" AS "IS_DELETED", "tech_blogs"."CREATED_AT" AS "CREATED_AT", "tech_blogs"."ORIGINAL_URL" AS "ORIGINAL_URL", "tech_blogs"."THUMBNAIL_URL" AS "THUMBNAIL_URL", "tech_blogs"."MARKDOWN_BODY" AS "MARKDOWN_BODY", "tech_blogs"."LIKE_COUNT" AS "LIKE_COUNT", "tech_blogs"."VIEW_COUNT" AS "VIEW_COUNT", "tech_blogs"."DISLIKE_COUNT" AS "DISLIKE_COUNT", "tech_blogs"."COMMENT_COUNT" AS "COMMENT_COUNT" FROM "tech_blogs"]
2025-11-11T15:10:31.555+09:00 DEBUG 56239 --- [    Test worker] o.s.jdbc.core.JdbcTemplate               : Executing prepared SQL query
2025-11-11T15:10:31.555+09:00 DEBUG 56239 --- [    Test worker] o.s.jdbc.core.JdbcTemplate               : Executing prepared SQL statement [SELECT "tech_blog_tech_categories"."category_name" AS "category_name" FROM "tech_blog_tech_categories" WHERE "tech_blog_tech_categories"."tech_blog_id" = ?]
2025-11-11T15:10:31.556+09:00 DEBUG 56239 --- [    Test worker] o.s.jdbc.core.JdbcTemplate               : Executing prepared SQL query
2025-11-11T15:10:31.556+09:00 DEBUG 56239 --- [    Test worker] o.s.jdbc.core.JdbcTemplate               : Executing prepared SQL statement [SELECT "tech_blog_tech_categories"."category_name" AS "category_name" FROM "tech_blog_tech_categories" WHERE "tech_blog_tech_categories"."tech_blog_id" = ?]
2025-11-11T15:10:31.557+09:00 DEBUG 56239 --- [    Test worker] o.s.jdbc.support.JdbcTransactionManager  : Initiating transaction rollback
2025-11-11T15:10:31.557+09:00 DEBUG 56239 --- [    Test worker] o.s.jdbc.support.JdbcTransactionManager  : Rolling back JDBC transaction on Connection [HikariProxyConnection@1206325076 wrapping conn43: url=jdbc:h2:mem:testdb user=SA]
2025-11-11T15:10:31.557+09:00 DEBUG 56239 --- [    Test worker] o.s.jdbc.support.JdbcTransactionManager  : Releasing JDBC Connection [HikariProxyConnection@1206325076 wrapping conn43: url=jdbc:h2:mem:testdb user=SA] after transaction
2025-11-11T15:10:31.558+09:00 DEBUG 56239 --- [    Test worker] o.s.jdbc.support.JdbcTransactionManager  : Creating new transaction with name [dev.devrunner.jdbc.techblog.repository.TechBlogJdbcRepositoryTest.findByCompany_nonExistingCompany_returnsEmptyList]: PROPAGATION_REQUIRED,ISOLATION_DEFAULT
2025-11-11T15:10:31.558+09:00 DEBUG 56239 --- [    Test worker] o.s.jdbc.support.JdbcTransactionManager  : Acquired Connection [HikariProxyConnection@96489160 wrapping conn43: url=jdbc:h2:mem:testdb user=SA] for JDBC transaction
2025-11-11T15:10:31.558+09:00 DEBUG 56239 --- [    Test worker] o.s.jdbc.support.JdbcTransactionManager  : Switching JDBC Connection [HikariProxyConnection@96489160 wrapping conn43: url=jdbc:h2:mem:testdb user=SA] to manual commit
2025-11-11T15:10:31.559+09:00 DEBUG 56239 --- [    Test worker] o.s.jdbc.core.JdbcTemplate               : Executing prepared SQL query
2025-11-11T15:10:31.559+09:00 DEBUG 56239 --- [    Test worker] o.s.jdbc.core.JdbcTemplate               : Executing prepared SQL statement [SELECT "tech_blogs"."ID" AS "ID", "tech_blogs"."URL" AS "URL", "tech_blogs"."TITLE" AS "TITLE", "tech_blogs"."SUMMARY" AS "SUMMARY", "tech_blogs"."COMPANY" AS "COMPANY", "tech_blogs"."ONE_LINER" AS "ONE_LINER", "tech_blogs"."SUMMARY_KO" AS "SUMMARY_KO", "tech_blogs"."UPDATED_AT" AS "UPDATED_AT", "tech_blogs"."IS_DELETED" AS "IS_DELETED", "tech_blogs"."CREATED_AT" AS "CREATED_AT", "tech_blogs"."ORIGINAL_URL" AS "ORIGINAL_URL", "tech_blogs"."THUMBNAIL_URL" AS "THUMBNAIL_URL", "tech_blogs"."MARKDOWN_BODY" AS "MARKDOWN_BODY", "tech_blogs"."LIKE_COUNT" AS "LIKE_COUNT", "tech_blogs"."VIEW_COUNT" AS "VIEW_COUNT", "tech_blogs"."DISLIKE_COUNT" AS "DISLIKE_COUNT", "tech_blogs"."COMMENT_COUNT" AS "COMMENT_COUNT" FROM "tech_blogs" WHERE "tech_blogs"."COMPANY" = ?]
2025-11-11T15:10:31.560+09:00 DEBUG 56239 --- [    Test worker] o.s.jdbc.support.JdbcTransactionManager  : Initiating transaction rollback
2025-11-11T15:10:31.560+09:00 DEBUG 56239 --- [    Test worker] o.s.jdbc.support.JdbcTransactionManager  : Rolling back JDBC transaction on Connection [HikariProxyConnection@96489160 wrapping conn43: url=jdbc:h2:mem:testdb user=SA]
2025-11-11T15:10:31.560+09:00 DEBUG 56239 --- [    Test worker] o.s.jdbc.support.JdbcTransactionManager  : Releasing JDBC Connection [HikariProxyConnection@96489160 wrapping conn43: url=jdbc:h2:mem:testdb user=SA] after transaction
2025-11-11T15:10:31.561+09:00 DEBUG 56239 --- [    Test worker] o.s.jdbc.support.JdbcTransactionManager  : Creating new transaction with name [dev.devrunner.jdbc.techblog.repository.TechBlogJdbcRepositoryTest.existsById_existingId_returnsTrue]: PROPAGATION_REQUIRED,ISOLATION_DEFAULT
2025-11-11T15:10:31.562+09:00 DEBUG 56239 --- [    Test worker] o.s.jdbc.support.JdbcTransactionManager  : Acquired Connection [HikariProxyConnection@241108472 wrapping conn43: url=jdbc:h2:mem:testdb user=SA] for JDBC transaction
2025-11-11T15:10:31.562+09:00 DEBUG 56239 --- [    Test worker] o.s.jdbc.support.JdbcTransactionManager  : Switching JDBC Connection [HikariProxyConnection@241108472 wrapping conn43: url=jdbc:h2:mem:testdb user=SA] to manual commit
2025-11-11T15:10:31.563+09:00 DEBUG 56239 --- [    Test worker] o.s.jdbc.support.JdbcTransactionManager  : Participating in existing transaction
2025-11-11T15:10:31.563+09:00 DEBUG 56239 --- [    Test worker] o.s.jdbc.core.JdbcTemplate               : Executing SQL update and returning generated keys
2025-11-11T15:10:31.563+09:00 DEBUG 56239 --- [    Test worker] o.s.jdbc.core.JdbcTemplate               : Executing prepared SQL statement [INSERT INTO "tech_blogs" ("COMMENT_COUNT", "COMPANY", "CREATED_AT", "DISLIKE_COUNT", "IS_DELETED", "LIKE_COUNT", "MARKDOWN_BODY", "ONE_LINER", "ORIGINAL_URL", "SUMMARY", "SUMMARY_KO", "THUMBNAIL_URL", "TITLE", "UPDATED_AT", "URL", "VIEW_COUNT") VALUES (?, ?, ?, ?, ?, ?, ?, ?, ?, ?, ?, ?, ?, ?, ?, ?)]
2025-11-11T15:10:31.564+09:00 DEBUG 56239 --- [    Test worker] o.s.jdbc.core.JdbcTemplate               : Executing SQL batch update [INSERT INTO "tech_blog_tech_categories" ("category_name", "tech_blog_id") VALUES (?, ?)]
2025-11-11T15:10:31.565+09:00 DEBUG 56239 --- [    Test worker] o.s.jdbc.core.JdbcTemplate               : Executing prepared SQL statement [INSERT INTO "tech_blog_tech_categories" ("category_name", "tech_blog_id") VALUES (?, ?)]
2025-11-11T15:10:31.565+09:00 DEBUG 56239 --- [    Test worker] o.s.jdbc.support.JdbcUtils               : JDBC driver supports batch updates
2025-11-11T15:10:31.565+09:00 DEBUG 56239 --- [    Test worker] o.s.jdbc.support.JdbcTransactionManager  : Participating in existing transaction
2025-11-11T15:10:31.565+09:00 DEBUG 56239 --- [    Test worker] o.s.jdbc.core.JdbcTemplate               : Executing prepared SQL query
2025-11-11T15:10:31.565+09:00 DEBUG 56239 --- [    Test worker] o.s.jdbc.core.JdbcTemplate               : Executing prepared SQL statement [SELECT COUNT("tech_blogs"."ID") FROM "tech_blogs" WHERE "tech_blogs"."ID" = ?]
2025-11-11T15:10:31.566+09:00 DEBUG 56239 --- [    Test worker] o.s.jdbc.support.JdbcTransactionManager  : Initiating transaction rollback
2025-11-11T15:10:31.566+09:00 DEBUG 56239 --- [    Test worker] o.s.jdbc.support.JdbcTransactionManager  : Rolling back JDBC transaction on Connection [HikariProxyConnection@241108472 wrapping conn43: url=jdbc:h2:mem:testdb user=SA]
2025-11-11T15:10:31.566+09:00 DEBUG 56239 --- [    Test worker] o.s.jdbc.support.JdbcTransactionManager  : Releasing JDBC Connection [HikariProxyConnection@241108472 wrapping conn43: url=jdbc:h2:mem:testdb user=SA] after transaction
2025-11-11T15:10:31.567+09:00 DEBUG 56239 --- [    Test worker] o.s.jdbc.support.JdbcTransactionManager  : Creating new transaction with name [dev.devrunner.jdbc.techblog.repository.TechBlogJdbcRepositoryTest.findAll_emptyRepository_returnsEmptyList]: PROPAGATION_REQUIRED,ISOLATION_DEFAULT
2025-11-11T15:10:31.567+09:00 DEBUG 56239 --- [    Test worker] o.s.jdbc.support.JdbcTransactionManager  : Acquired Connection [HikariProxyConnection@1898288372 wrapping conn43: url=jdbc:h2:mem:testdb user=SA] for JDBC transaction
2025-11-11T15:10:31.567+09:00 DEBUG 56239 --- [    Test worker] o.s.jdbc.support.JdbcTransactionManager  : Switching JDBC Connection [HikariProxyConnection@1898288372 wrapping conn43: url=jdbc:h2:mem:testdb user=SA] to manual commit
2025-11-11T15:10:31.568+09:00 DEBUG 56239 --- [    Test worker] o.s.jdbc.support.JdbcTransactionManager  : Participating in existing transaction
2025-11-11T15:10:31.568+09:00 DEBUG 56239 --- [    Test worker] o.s.jdbc.core.JdbcTemplate               : Executing prepared SQL query
2025-11-11T15:10:31.568+09:00 DEBUG 56239 --- [    Test worker] o.s.jdbc.core.JdbcTemplate               : Executing prepared SQL statement [SELECT "tech_blogs"."ID" AS "ID", "tech_blogs"."URL" AS "URL", "tech_blogs"."TITLE" AS "TITLE", "tech_blogs"."SUMMARY" AS "SUMMARY", "tech_blogs"."COMPANY" AS "COMPANY", "tech_blogs"."ONE_LINER" AS "ONE_LINER", "tech_blogs"."SUMMARY_KO" AS "SUMMARY_KO", "tech_blogs"."UPDATED_AT" AS "UPDATED_AT", "tech_blogs"."IS_DELETED" AS "IS_DELETED", "tech_blogs"."CREATED_AT" AS "CREATED_AT", "tech_blogs"."ORIGINAL_URL" AS "ORIGINAL_URL", "tech_blogs"."THUMBNAIL_URL" AS "THUMBNAIL_URL", "tech_blogs"."MARKDOWN_BODY" AS "MARKDOWN_BODY", "tech_blogs"."LIKE_COUNT" AS "LIKE_COUNT", "tech_blogs"."VIEW_COUNT" AS "VIEW_COUNT", "tech_blogs"."DISLIKE_COUNT" AS "DISLIKE_COUNT", "tech_blogs"."COMMENT_COUNT" AS "COMMENT_COUNT" FROM "tech_blogs"]
2025-11-11T15:10:31.568+09:00 DEBUG 56239 --- [    Test worker] o.s.jdbc.support.JdbcTransactionManager  : Initiating transaction rollback
2025-11-11T15:10:31.568+09:00 DEBUG 56239 --- [    Test worker] o.s.jdbc.support.JdbcTransactionManager  : Rolling back JDBC transaction on Connection [HikariProxyConnection@1898288372 wrapping conn43: url=jdbc:h2:mem:testdb user=SA]
2025-11-11T15:10:31.568+09:00 DEBUG 56239 --- [    Test worker] o.s.jdbc.support.JdbcTransactionManager  : Releasing JDBC Connection [HikariProxyConnection@1898288372 wrapping conn43: url=jdbc:h2:mem:testdb user=SA] after transaction
2025-11-11T15:10:31.569+09:00 DEBUG 56239 --- [    Test worker] o.s.jdbc.support.JdbcTransactionManager  : Creating new transaction with name [dev.devrunner.jdbc.techblog.repository.TechBlogJdbcRepositoryTest.increaseCommentCount_validBlogId_incrementsSuccessfully]: PROPAGATION_REQUIRED,ISOLATION_DEFAULT
2025-11-11T15:10:31.569+09:00 DEBUG 56239 --- [    Test worker] o.s.jdbc.support.JdbcTransactionManager  : Acquired Connection [HikariProxyConnection@816095505 wrapping conn43: url=jdbc:h2:mem:testdb user=SA] for JDBC transaction
2025-11-11T15:10:31.569+09:00 DEBUG 56239 --- [    Test worker] o.s.jdbc.support.JdbcTransactionManager  : Switching JDBC Connection [HikariProxyConnection@816095505 wrapping conn43: url=jdbc:h2:mem:testdb user=SA] to manual commit
2025-11-11T15:10:31.569+09:00 DEBUG 56239 --- [    Test worker] o.s.jdbc.support.JdbcTransactionManager  : Participating in existing transaction
2025-11-11T15:10:31.570+09:00 DEBUG 56239 --- [    Test worker] o.s.jdbc.core.JdbcTemplate               : Executing SQL update and returning generated keys
2025-11-11T15:10:31.570+09:00 DEBUG 56239 --- [    Test worker] o.s.jdbc.core.JdbcTemplate               : Executing prepared SQL statement [INSERT INTO "tech_blogs" ("COMMENT_COUNT", "COMPANY", "CREATED_AT", "DISLIKE_COUNT", "IS_DELETED", "LIKE_COUNT", "MARKDOWN_BODY", "ONE_LINER", "ORIGINAL_URL", "SUMMARY", "SUMMARY_KO", "THUMBNAIL_URL", "TITLE", "UPDATED_AT", "URL", "VIEW_COUNT") VALUES (?, ?, ?, ?, ?, ?, ?, ?, ?, ?, ?, ?, ?, ?, ?, ?)]
2025-11-11T15:10:31.571+09:00 DEBUG 56239 --- [    Test worker] o.s.jdbc.core.JdbcTemplate               : Executing SQL batch update [INSERT INTO "tech_blog_tech_categories" ("category_name", "tech_blog_id") VALUES (?, ?)]
2025-11-11T15:10:31.571+09:00 DEBUG 56239 --- [    Test worker] o.s.jdbc.core.JdbcTemplate               : Executing prepared SQL statement [INSERT INTO "tech_blog_tech_categories" ("category_name", "tech_blog_id") VALUES (?, ?)]
2025-11-11T15:10:31.573+09:00 DEBUG 56239 --- [    Test worker] o.s.jdbc.support.JdbcUtils               : JDBC driver supports batch updates
2025-11-11T15:10:31.574+09:00 DEBUG 56239 --- [    Test worker] o.s.jdbc.core.JdbcTemplate               : Executing prepared SQL update
2025-11-11T15:10:31.574+09:00 DEBUG 56239 --- [    Test worker] o.s.jdbc.core.JdbcTemplate               : Executing prepared SQL statement [UPDATE tech_blogs SET comment_count = comment_count + ? WHERE id = ?]
2025-11-11T15:10:31.574+09:00 DEBUG 56239 --- [    Test worker] o.s.jdbc.support.JdbcTransactionManager  : Participating in existing transaction
2025-11-11T15:10:31.574+09:00 DEBUG 56239 --- [    Test worker] o.s.jdbc.core.JdbcTemplate               : Executing prepared SQL query
2025-11-11T15:10:31.574+09:00 DEBUG 56239 --- [    Test worker] o.s.jdbc.core.JdbcTemplate               : Executing prepared SQL statement [SELECT "tech_blogs"."ID" AS "ID", "tech_blogs"."URL" AS "URL", "tech_blogs"."TITLE" AS "TITLE", "tech_blogs"."SUMMARY" AS "SUMMARY", "tech_blogs"."COMPANY" AS "COMPANY", "tech_blogs"."ONE_LINER" AS "ONE_LINER", "tech_blogs"."SUMMARY_KO" AS "SUMMARY_KO", "tech_blogs"."UPDATED_AT" AS "UPDATED_AT", "tech_blogs"."IS_DELETED" AS "IS_DELETED", "tech_blogs"."CREATED_AT" AS "CREATED_AT", "tech_blogs"."ORIGINAL_URL" AS "ORIGINAL_URL", "tech_blogs"."THUMBNAIL_URL" AS "THUMBNAIL_URL", "tech_blogs"."MARKDOWN_BODY" AS "MARKDOWN_BODY", "tech_blogs"."LIKE_COUNT" AS "LIKE_COUNT", "tech_blogs"."VIEW_COUNT" AS "VIEW_COUNT", "tech_blogs"."DISLIKE_COUNT" AS "DISLIKE_COUNT", "tech_blogs"."COMMENT_COUNT" AS "COMMENT_COUNT" FROM "tech_blogs" WHERE "tech_blogs"."ID" = ?]
2025-11-11T15:10:31.575+09:00 DEBUG 56239 --- [    Test worker] o.s.jdbc.core.JdbcTemplate               : Executing prepared SQL query
2025-11-11T15:10:31.575+09:00 DEBUG 56239 --- [    Test worker] o.s.jdbc.core.JdbcTemplate               : Executing prepared SQL statement [SELECT "tech_blog_tech_categories"."category_name" AS "category_name" FROM "tech_blog_tech_categories" WHERE "tech_blog_tech_categories"."tech_blog_id" = ?]
2025-11-11T15:10:31.576+09:00 DEBUG 56239 --- [    Test worker] o.s.jdbc.support.JdbcTransactionManager  : Initiating transaction rollback
2025-11-11T15:10:31.576+09:00 DEBUG 56239 --- [    Test worker] o.s.jdbc.support.JdbcTransactionManager  : Rolling back JDBC transaction on Connection [HikariProxyConnection@816095505 wrapping conn43: url=jdbc:h2:mem:testdb user=SA]
2025-11-11T15:10:31.576+09:00 DEBUG 56239 --- [    Test worker] o.s.jdbc.support.JdbcTransactionManager  : Releasing JDBC Connection [HikariProxyConnection@816095505 wrapping conn43: url=jdbc:h2:mem:testdb user=SA] after transaction
]]></system-out>
  <system-err><![CDATA[]]></system-err>
</testsuite>
