<?xml version="1.0" encoding="UTF-8"?>
<testsuite name="dev.devrunner.jdbc.reaction.repository.ReactionJdbcRepositoryTest" tests="2" skipped="0" failures="0" errors="0" timestamp="2025-11-11T06:10:31" hostname="dankim0124ui-MacBookPro.local" time="0.011">
  <properties/>
  <testcase name="findById_existingId_returnsConvertedDomain()" classname="dev.devrunner.jdbc.reaction.repository.ReactionJdbcRepositoryTest" time="0.008"/>
  <testcase name="save_withValidDomain_returnsConvertedDomain()" classname="dev.devrunner.jdbc.reaction.repository.ReactionJdbcRepositoryTest" time="0.003"/>
  <system-out><![CDATA[2025-11-11T15:10:31.241+09:00  INFO 56239 --- [    Test worker] t.c.s.AnnotationConfigContextLoaderUtils : Could not detect default configuration classes for test class [dev.devrunner.jdbc.reaction.repository.ReactionJdbcRepositoryTest]: ReactionJdbcRepositoryTest does not declare any static, non-private, non-final, nested classes annotated with @Configuration.
2025-11-11T15:10:31.247+09:00  INFO 56239 --- [    Test worker] .b.t.c.SpringBootTestContextBootstrapper : Found @SpringBootConfiguration dev.devrunner.jdbc.TestApplication for test class dev.devrunner.jdbc.reaction.repository.ReactionJdbcRepositoryTest

  .   ____          _            __ _ _
 /\\ / ___'_ __ _ _(_)_ __  __ _ \ \ \ \
( ( )\___ | '_ | '_| | '_ \/ _` | \ \ \ \
 \\/  ___)| |_)| | | | | || (_| |  ) ) ) )
  '  |____| .__|_| |_|_| |_\__, | / / / /
 =========|_|==============|___/=/_/_/_/
 :: Spring Boot ::                (v3.2.1)

2025-11-11T15:10:31.255+09:00  INFO 56239 --- [    Test worker] d.d.j.r.r.ReactionJdbcRepositoryTest     : Starting ReactionJdbcRepositoryTest using Java 21.0.7 with PID 56239 (started by dankim0124 in /Users/dankim0124/IdeaProjects/breakin-be/breakin-be/modules/devrunner/repository-jdbc)
2025-11-11T15:10:31.255+09:00  INFO 56239 --- [    Test worker] d.d.j.r.r.ReactionJdbcRepositoryTest     : The following 1 profile is active: "test"
2025-11-11T15:10:31.284+09:00  INFO 56239 --- [    Test worker] .s.d.r.c.RepositoryConfigurationDelegate : Bootstrapping Spring Data JDBC repositories in DEFAULT mode.
2025-11-11T15:10:31.294+09:00  INFO 56239 --- [    Test worker] .s.d.r.c.RepositoryConfigurationDelegate : Finished Spring Data repository scanning in 9 ms. Found 9 JDBC repository interfaces.
2025-11-11T15:10:31.317+09:00 DEBUG 56239 --- [    Test worker] o.s.jdbc.datasource.DataSourceUtils      : Fetching JDBC Connection from DataSource
2025-11-11T15:10:31.317+09:00  INFO 56239 --- [    Test worker] com.zaxxer.hikari.HikariDataSource       : HikariPool-5 - Starting...
2025-11-11T15:10:31.318+09:00  INFO 56239 --- [    Test worker] com.zaxxer.hikari.pool.HikariPool        : HikariPool-5 - Added connection conn40: url=jdbc:h2:mem:testdb user=SA
2025-11-11T15:10:31.318+09:00  INFO 56239 --- [    Test worker] com.zaxxer.hikari.HikariDataSource       : HikariPool-5 - Start completed.
2025-11-11T15:10:31.318+09:00 DEBUG 56239 --- [    Test worker] o.s.jdbc.datasource.init.ScriptUtils     : Executing SQL script from class path resource [schema.sql]
2025-11-11T15:10:31.320+09:00 DEBUG 56239 --- [    Test worker] o.s.jdbc.datasource.init.ScriptUtils     : 0 returned as update count for SQL: CREATE TABLE IF NOT EXISTS examples ( example_id BIGINT AUTO_INCREMENT PRIMARY KEY, name VARCHAR(255) NOT NULL, created_at TIMESTAMP WITH TIME ZONE NOT NULL, updated_at TIMESTAMP WITH TIME ZONE NOT NULL )
2025-11-11T15:10:31.321+09:00 DEBUG 56239 --- [    Test worker] o.s.jdbc.datasource.init.ScriptUtils     : 0 returned as update count for SQL: CREATE TABLE IF NOT EXISTS users ( id BIGINT AUTO_INCREMENT PRIMARY KEY, google_id VARCHAR(255) NOT NULL UNIQUE, email VARCHAR(512) NOT NULL UNIQUE, nickname VARCHAR(100) NOT NULL UNIQUE, user_role VARCHAR(50) NOT NULL DEFAULT 'USER', email_enabled BOOLEAN DEFAULT TRUE, new_job_alerts BOOLEAN DEFAULT TRUE, reply_alerts BOOLEAN DEFAULT TRUE, like_alerts BOOLEAN DEFAULT TRUE, post_count BIGINT DEFAULT 0, comment_count BIGINT DEFAULT 0, likes_received BIGINT DEFAULT 0, like_given_count BIGINT DEFAULT 0, bookmark_count BIGINT DEFAULT 0, last_login_at TIMESTAMP WITH TIME ZONE NOT NULL, is_active BOOLEAN NOT NULL DEFAULT TRUE, is_withdrawn BOOLEAN NOT NULL DEFAULT FALSE, withdrawn_at TIMESTAMP WITH TIME ZONE, created_at TIMESTAMP WITH TIME ZONE NOT NULL, updated_at TIMESTAMP WITH TIME ZONE NOT NULL )
2025-11-11T15:10:31.321+09:00 DEBUG 56239 --- [    Test worker] o.s.jdbc.datasource.init.ScriptUtils     : 0 returned as update count for SQL: CREATE TABLE IF NOT EXISTS user_interested_companies ( user_id BIGINT NOT NULL, company_name VARCHAR(255) NOT NULL )
2025-11-11T15:10:31.321+09:00 DEBUG 56239 --- [    Test worker] o.s.jdbc.datasource.init.ScriptUtils     : 0 returned as update count for SQL: CREATE TABLE IF NOT EXISTS user_interested_locations ( user_id BIGINT NOT NULL, location_name VARCHAR(255) NOT NULL )
2025-11-11T15:10:31.321+09:00 DEBUG 56239 --- [    Test worker] o.s.jdbc.datasource.init.ScriptUtils     : 0 returned as update count for SQL: CREATE TABLE IF NOT EXISTS tech_blogs ( id BIGINT AUTO_INCREMENT PRIMARY KEY, url VARCHAR(512) NOT NULL UNIQUE, company VARCHAR(255), title VARCHAR(500) NOT NULL, one_liner VARCHAR(500), summary TEXT, summary_ko TEXT, markdown_body TEXT, thumbnail_url VARCHAR(512), original_url VARCHAR(512), view_count BIGINT NOT NULL DEFAULT 0, comment_count BIGINT NOT NULL DEFAULT 0, like_count BIGINT NOT NULL DEFAULT 0, dislike_count BIGINT NOT NULL DEFAULT 0, is_deleted BOOLEAN NOT NULL DEFAULT FALSE, created_at TIMESTAMP WITH TIME ZONE NOT NULL, updated_at TIMESTAMP WITH TIME ZONE NOT NULL )
2025-11-11T15:10:31.321+09:00 DEBUG 56239 --- [    Test worker] o.s.jdbc.datasource.init.ScriptUtils     : 0 returned as update count for SQL: CREATE TABLE IF NOT EXISTS tech_blog_tech_categories ( tech_blog_id BIGINT NOT NULL, category_name VARCHAR(100) NOT NULL )
2025-11-11T15:10:31.321+09:00 DEBUG 56239 --- [    Test worker] o.s.jdbc.datasource.init.ScriptUtils     : 0 returned as update count for SQL: CREATE TABLE IF NOT EXISTS jobs ( id BIGINT AUTO_INCREMENT PRIMARY KEY, url VARCHAR(512) NOT NULL UNIQUE, company VARCHAR(255) NOT NULL, title VARCHAR(500) NOT NULL, organization VARCHAR(255), one_line_summary VARCHAR(500), summary TEXT, min_years INT, max_years INT, experience_required BOOLEAN DEFAULT FALSE, career_level VARCHAR(50) DEFAULT 'ENTRY', employment_type VARCHAR(50) DEFAULT 'FULL_TIME', position_category VARCHAR(100), remote_policy VARCHAR(50) DEFAULT 'ONSITE', started_at TIMESTAMP, ended_at TIMESTAMP, is_open_ended BOOLEAN DEFAULT FALSE, is_closed BOOLEAN DEFAULT FALSE, position_introduction TEXT, full_description TEXT, has_assignment BOOLEAN DEFAULT FALSE, has_coding_test BOOLEAN DEFAULT FALSE, has_live_coding BOOLEAN DEFAULT FALSE, interview_count INT, interview_days INT, min_base_pay DECIMAL(15, 2), max_base_pay DECIMAL(15, 2), currency VARCHAR(10), unit VARCHAR(20), has_stock_option BOOLEAN, salary_note VARCHAR(1000), view_count BIGINT NOT NULL DEFAULT 0, comment_count BIGINT NOT NULL DEFAULT 0, like_count BIGINT NOT NULL DEFAULT 0, dislike_count BIGINT NOT NULL DEFAULT 0, is_deleted BOOLEAN NOT NULL DEFAULT FALSE, created_at TIMESTAMP WITH TIME ZONE NOT NULL, updated_at TIMESTAMP WITH TIME ZONE NOT NULL )
2025-11-11T15:10:31.321+09:00 DEBUG 56239 --- [    Test worker] o.s.jdbc.datasource.init.ScriptUtils     : 0 returned as update count for SQL: CREATE TABLE IF NOT EXISTS job_tech_categories ( job_id BIGINT NOT NULL, category_name VARCHAR(100) NOT NULL )
2025-11-11T15:10:31.321+09:00 DEBUG 56239 --- [    Test worker] o.s.jdbc.datasource.init.ScriptUtils     : 0 returned as update count for SQL: CREATE TABLE IF NOT EXISTS job_locations ( job_id BIGINT NOT NULL, location_name VARCHAR(255) NOT NULL )
2025-11-11T15:10:31.321+09:00 DEBUG 56239 --- [    Test worker] o.s.jdbc.datasource.init.ScriptUtils     : 0 returned as update count for SQL: CREATE TABLE IF NOT EXISTS job_responsibilities ( job_id BIGINT NOT NULL, responsibility VARCHAR(500) NOT NULL )
2025-11-11T15:10:31.321+09:00 DEBUG 56239 --- [    Test worker] o.s.jdbc.datasource.init.ScriptUtils     : 0 returned as update count for SQL: CREATE TABLE IF NOT EXISTS job_qualifications ( job_id BIGINT NOT NULL, qualification VARCHAR(500) NOT NULL )
2025-11-11T15:10:31.321+09:00 DEBUG 56239 --- [    Test worker] o.s.jdbc.datasource.init.ScriptUtils     : 0 returned as update count for SQL: CREATE TABLE IF NOT EXISTS job_preferred_qualifications ( job_id BIGINT NOT NULL, preferred_qualification VARCHAR(500) NOT NULL )
2025-11-11T15:10:31.321+09:00 DEBUG 56239 --- [    Test worker] o.s.jdbc.datasource.init.ScriptUtils     : 0 returned as update count for SQL: CREATE TABLE IF NOT EXISTS job_closed_checks ( id BIGINT AUTO_INCREMENT PRIMARY KEY, job_id BIGINT NOT NULL, url VARCHAR(2048) NOT NULL, closed BOOLEAN NOT NULL, closed_reason VARCHAR(300), explanation TEXT, checked_at TIMESTAMP WITH TIME ZONE NOT NULL )
2025-11-11T15:10:31.321+09:00 DEBUG 56239 --- [    Test worker] o.s.jdbc.datasource.init.ScriptUtils     : 0 returned as update count for SQL: CREATE TABLE IF NOT EXISTS community_posts ( id BIGINT AUTO_INCREMENT PRIMARY KEY, user_id BIGINT NOT NULL, category VARCHAR(100) NOT NULL, title VARCHAR(500) NOT NULL, markdown_body TEXT NOT NULL, company VARCHAR(255), location VARCHAR(255), job_id BIGINT, comment_id BIGINT, view_count BIGINT NOT NULL DEFAULT 0, comment_count BIGINT NOT NULL DEFAULT 0, like_count BIGINT NOT NULL DEFAULT 0, dislike_count BIGINT NOT NULL DEFAULT 0, is_deleted BOOLEAN NOT NULL DEFAULT FALSE, created_at TIMESTAMP WITH TIME ZONE NOT NULL, updated_at TIMESTAMP WITH TIME ZONE NOT NULL )
2025-11-11T15:10:31.321+09:00 DEBUG 56239 --- [    Test worker] o.s.jdbc.datasource.init.ScriptUtils     : 0 returned as update count for SQL: CREATE TABLE IF NOT EXISTS comments ( id BIGINT AUTO_INCREMENT PRIMARY KEY, user_id BIGINT NOT NULL, content TEXT NOT NULL, target_type VARCHAR(50) NOT NULL, target_id BIGINT NOT NULL, parent_id BIGINT, comment_order INT NOT NULL DEFAULT 0, level INT NOT NULL DEFAULT 0, sort_number INT NOT NULL DEFAULT 0, child_count INT NOT NULL DEFAULT 0, is_hidden BOOLEAN NOT NULL DEFAULT FALSE, created_at TIMESTAMP WITH TIME ZONE NOT NULL, updated_at TIMESTAMP WITH TIME ZONE NOT NULL )
2025-11-11T15:10:31.321+09:00 DEBUG 56239 --- [    Test worker] o.s.jdbc.datasource.init.ScriptUtils     : 0 returned as update count for SQL: CREATE TABLE IF NOT EXISTS reactions ( id BIGINT AUTO_INCREMENT PRIMARY KEY, user_id BIGINT NOT NULL, target_type VARCHAR(50) NOT NULL, target_id BIGINT NOT NULL, reaction_type VARCHAR(20) NOT NULL, created_at TIMESTAMP WITH TIME ZONE NOT NULL, updated_at TIMESTAMP WITH TIME ZONE NOT NULL )
2025-11-11T15:10:31.322+09:00 DEBUG 56239 --- [    Test worker] o.s.jdbc.datasource.init.ScriptUtils     : 0 returned as update count for SQL: CREATE TABLE IF NOT EXISTS bookmarks ( id BIGINT AUTO_INCREMENT PRIMARY KEY, user_id BIGINT NOT NULL, target_type VARCHAR(50) NOT NULL, target_id BIGINT NOT NULL, created_at TIMESTAMP WITH TIME ZONE NOT NULL, updated_at TIMESTAMP WITH TIME ZONE NOT NULL )
2025-11-11T15:10:31.322+09:00 DEBUG 56239 --- [    Test worker] o.s.jdbc.datasource.init.ScriptUtils     : 0 returned as update count for SQL: CREATE TABLE IF NOT EXISTS crawl_theirstack_jobs ( id BIGINT AUTO_INCREMENT PRIMARY KEY, their_stack_job_id BIGINT NOT NULL, raw_data TEXT NOT NULL, company VARCHAR(100), url TEXT, title TEXT, location TEXT, seniority VARCHAR(50), date_posted TIMESTAMP, description TEXT, status VARCHAR(20) NOT NULL, job_id BIGINT, error_message TEXT, created_at TIMESTAMP NOT NULL DEFAULT CURRENT_TIMESTAMP, updated_at TIMESTAMP, CONSTRAINT uk_theirstack_job_id UNIQUE (their_stack_job_id) )
2025-11-11T15:10:31.322+09:00 DEBUG 56239 --- [    Test worker] o.s.jdbc.datasource.init.ScriptUtils     : 0 returned as update count for SQL: CREATE INDEX IF NOT EXISTS idx_crawl_theirstack_jobs_status ON crawl_theirstack_jobs (status)
2025-11-11T15:10:31.322+09:00 DEBUG 56239 --- [    Test worker] o.s.jdbc.datasource.init.ScriptUtils     : 0 returned as update count for SQL: CREATE INDEX IF NOT EXISTS idx_crawl_theirstack_jobs_company ON crawl_theirstack_jobs (company)
2025-11-11T15:10:31.322+09:00 DEBUG 56239 --- [    Test worker] o.s.jdbc.datasource.init.ScriptUtils     : 0 returned as update count for SQL: CREATE INDEX IF NOT EXISTS idx_crawl_theirstack_jobs_date_posted ON crawl_theirstack_jobs (date_posted DESC)
2025-11-11T15:10:31.322+09:00 DEBUG 56239 --- [    Test worker] o.s.jdbc.datasource.init.ScriptUtils     : 0 returned as update count for SQL: CREATE INDEX IF NOT EXISTS idx_crawl_theirstack_jobs_created_at ON crawl_theirstack_jobs (created_at DESC)
2025-11-11T15:10:31.322+09:00 DEBUG 56239 --- [    Test worker] o.s.jdbc.datasource.init.ScriptUtils     : Executed SQL script from class path resource [schema.sql] in 4 ms.
2025-11-11T15:10:31.323+09:00 DEBUG 56239 --- [    Test worker] o.s.jdbc.datasource.DataSourceUtils      : Fetching JDBC Connection from DataSource
2025-11-11T15:10:31.323+09:00 DEBUG 56239 --- [    Test worker] o.s.jdbc.datasource.init.ScriptUtils     : Executing SQL script from URL [jar:file:/Users/dankim0124/IdeaProjects/breakin-be/breakin-be/modules/schema/build/libs/schema-1.0-SNAPSHOT.jar!/data.sql]
2025-11-11T15:10:31.323+09:00 DEBUG 56239 --- [    Test worker] o.s.jdbc.datasource.init.ScriptUtils     : 3 returned as update count for SQL: INSERT INTO examples (name, created_at, updated_at) VALUES ('First Example', CURRENT_TIMESTAMP, CURRENT_TIMESTAMP), ('Second Example', CURRENT_TIMESTAMP, CURRENT_TIMESTAMP), ('Third Example', CURRENT_TIMESTAMP, CURRENT_TIMESTAMP)
2025-11-11T15:10:31.323+09:00 DEBUG 56239 --- [    Test worker] o.s.jdbc.datasource.init.ScriptUtils     : Executed SQL script from URL [jar:file:/Users/dankim0124/IdeaProjects/breakin-be/breakin-be/modules/schema/build/libs/schema-1.0-SNAPSHOT.jar!/data.sql] in 0 ms.
2025-11-11T15:10:31.326+09:00 DEBUG 56239 --- [    Test worker] o.s.jdbc.datasource.DataSourceUtils      : Fetching JDBC Connection from DataSource
2025-11-11T15:10:31.341+09:00 DEBUG 56239 --- [    Test worker] o.s.d.j.r.s.JdbcQueryLookupStrategy      : Using the queryLookupStrategy CREATE_IF_NOT_FOUND
2025-11-11T15:10:31.345+09:00 DEBUG 56239 --- [    Test worker] o.s.d.j.r.s.JdbcQueryLookupStrategy      : Using the queryLookupStrategy CREATE_IF_NOT_FOUND
2025-11-11T15:10:31.346+09:00 DEBUG 56239 --- [    Test worker] o.s.d.j.r.s.JdbcQueryLookupStrategy      : Using the queryLookupStrategy CREATE_IF_NOT_FOUND
2025-11-11T15:10:31.348+09:00 DEBUG 56239 --- [    Test worker] o.s.d.j.r.s.JdbcQueryLookupStrategy      : Using the queryLookupStrategy CREATE_IF_NOT_FOUND
2025-11-11T15:10:31.350+09:00 DEBUG 56239 --- [    Test worker] o.s.d.j.r.s.JdbcQueryLookupStrategy      : Using the queryLookupStrategy CREATE_IF_NOT_FOUND
2025-11-11T15:10:31.352+09:00 DEBUG 56239 --- [    Test worker] o.s.d.j.r.s.JdbcQueryLookupStrategy      : Using the queryLookupStrategy CREATE_IF_NOT_FOUND
2025-11-11T15:10:31.353+09:00 DEBUG 56239 --- [    Test worker] o.s.d.j.r.s.JdbcQueryLookupStrategy      : Using the queryLookupStrategy CREATE_IF_NOT_FOUND
2025-11-11T15:10:31.356+09:00 DEBUG 56239 --- [    Test worker] o.s.d.j.r.s.JdbcQueryLookupStrategy      : Using the queryLookupStrategy CREATE_IF_NOT_FOUND
2025-11-11T15:10:31.357+09:00 DEBUG 56239 --- [    Test worker] o.s.d.j.r.s.JdbcQueryLookupStrategy      : Using the queryLookupStrategy CREATE_IF_NOT_FOUND
2025-11-11T15:10:31.360+09:00  INFO 56239 --- [    Test worker] d.d.j.r.r.ReactionJdbcRepositoryTest     : Started ReactionJdbcRepositoryTest in 0.111 seconds (process running for 4.863)
2025-11-11T15:10:31.361+09:00 DEBUG 56239 --- [    Test worker] o.s.jdbc.support.JdbcTransactionManager  : Creating new transaction with name [dev.devrunner.jdbc.reaction.repository.ReactionJdbcRepositoryTest.findById_existingId_returnsConvertedDomain]: PROPAGATION_REQUIRED,ISOLATION_DEFAULT
2025-11-11T15:10:31.361+09:00 DEBUG 56239 --- [    Test worker] o.s.jdbc.support.JdbcTransactionManager  : Acquired Connection [HikariProxyConnection@1301402330 wrapping conn40: url=jdbc:h2:mem:testdb user=SA] for JDBC transaction
2025-11-11T15:10:31.361+09:00 DEBUG 56239 --- [    Test worker] o.s.jdbc.support.JdbcTransactionManager  : Switching JDBC Connection [HikariProxyConnection@1301402330 wrapping conn40: url=jdbc:h2:mem:testdb user=SA] to manual commit
2025-11-11T15:10:31.362+09:00 DEBUG 56239 --- [    Test worker] o.s.jdbc.support.JdbcTransactionManager  : Participating in existing transaction
2025-11-11T15:10:31.365+09:00 DEBUG 56239 --- [    Test worker] o.s.jdbc.core.JdbcTemplate               : Executing SQL update and returning generated keys
2025-11-11T15:10:31.365+09:00 DEBUG 56239 --- [    Test worker] o.s.jdbc.core.JdbcTemplate               : Executing prepared SQL statement [INSERT INTO "reactions" ("CREATED_AT", "REACTION_TYPE", "TARGET_ID", "TARGET_TYPE", "UPDATED_AT", "USER_ID") VALUES (?, ?, ?, ?, ?, ?)]
2025-11-11T15:10:31.366+09:00 DEBUG 56239 --- [    Test worker] o.s.jdbc.support.JdbcTransactionManager  : Participating in existing transaction
2025-11-11T15:10:31.366+09:00 DEBUG 56239 --- [    Test worker] o.s.jdbc.core.JdbcTemplate               : Executing prepared SQL query
2025-11-11T15:10:31.366+09:00 DEBUG 56239 --- [    Test worker] o.s.jdbc.core.JdbcTemplate               : Executing prepared SQL statement [SELECT "reactions"."ID" AS "ID", "reactions"."USER_ID" AS "USER_ID", "reactions"."TARGET_ID" AS "TARGET_ID", "reactions"."UPDATED_AT" AS "UPDATED_AT", "reactions"."CREATED_AT" AS "CREATED_AT", "reactions"."TARGET_TYPE" AS "TARGET_TYPE", "reactions"."REACTION_TYPE" AS "REACTION_TYPE" FROM "reactions" WHERE "reactions"."ID" = ?]
2025-11-11T15:10:31.368+09:00 DEBUG 56239 --- [    Test worker] o.s.jdbc.support.JdbcTransactionManager  : Initiating transaction rollback
2025-11-11T15:10:31.368+09:00 DEBUG 56239 --- [    Test worker] o.s.jdbc.support.JdbcTransactionManager  : Rolling back JDBC transaction on Connection [HikariProxyConnection@1301402330 wrapping conn40: url=jdbc:h2:mem:testdb user=SA]
2025-11-11T15:10:31.369+09:00 DEBUG 56239 --- [    Test worker] o.s.jdbc.support.JdbcTransactionManager  : Releasing JDBC Connection [HikariProxyConnection@1301402330 wrapping conn40: url=jdbc:h2:mem:testdb user=SA] after transaction
2025-11-11T15:10:31.370+09:00 DEBUG 56239 --- [    Test worker] o.s.jdbc.support.JdbcTransactionManager  : Creating new transaction with name [dev.devrunner.jdbc.reaction.repository.ReactionJdbcRepositoryTest.save_withValidDomain_returnsConvertedDomain]: PROPAGATION_REQUIRED,ISOLATION_DEFAULT
2025-11-11T15:10:31.370+09:00 DEBUG 56239 --- [    Test worker] o.s.jdbc.support.JdbcTransactionManager  : Acquired Connection [HikariProxyConnection@224662681 wrapping conn40: url=jdbc:h2:mem:testdb user=SA] for JDBC transaction
2025-11-11T15:10:31.370+09:00 DEBUG 56239 --- [    Test worker] o.s.jdbc.support.JdbcTransactionManager  : Switching JDBC Connection [HikariProxyConnection@224662681 wrapping conn40: url=jdbc:h2:mem:testdb user=SA] to manual commit
2025-11-11T15:10:31.371+09:00 DEBUG 56239 --- [    Test worker] o.s.jdbc.support.JdbcTransactionManager  : Participating in existing transaction
2025-11-11T15:10:31.371+09:00 DEBUG 56239 --- [    Test worker] o.s.jdbc.core.JdbcTemplate               : Executing SQL update and returning generated keys
2025-11-11T15:10:31.371+09:00 DEBUG 56239 --- [    Test worker] o.s.jdbc.core.JdbcTemplate               : Executing prepared SQL statement [INSERT INTO "reactions" ("CREATED_AT", "REACTION_TYPE", "TARGET_ID", "TARGET_TYPE", "UPDATED_AT", "USER_ID") VALUES (?, ?, ?, ?, ?, ?)]
2025-11-11T15:10:31.372+09:00 DEBUG 56239 --- [    Test worker] o.s.jdbc.support.JdbcTransactionManager  : Initiating transaction rollback
2025-11-11T15:10:31.372+09:00 DEBUG 56239 --- [    Test worker] o.s.jdbc.support.JdbcTransactionManager  : Rolling back JDBC transaction on Connection [HikariProxyConnection@224662681 wrapping conn40: url=jdbc:h2:mem:testdb user=SA]
2025-11-11T15:10:31.372+09:00 DEBUG 56239 --- [    Test worker] o.s.jdbc.support.JdbcTransactionManager  : Releasing JDBC Connection [HikariProxyConnection@224662681 wrapping conn40: url=jdbc:h2:mem:testdb user=SA] after transaction
]]></system-out>
  <system-err><![CDATA[]]></system-err>
</testsuite>
