<?xml version="1.0" encoding="UTF-8"?>
<testsuite name="dev.devrunner.jdbc.bookmark.repository.BookmarkJdbcRepositoryTest" tests="15" skipped="0" failures="0" errors="0" timestamp="2025-11-11T06:10:29" hostname="dankim0124ui-MacBookPro.local" time="0.972">
  <properties/>
  <testcase name="findByUserIdAndTargetType_nonExistingData_returnsEmptyList()" classname="dev.devrunner.jdbc.bookmark.repository.BookmarkJdbcRepositoryTest" time="0.757"/>
  <testcase name="findByUserId_existingUserId_returnsConvertedList()" classname="dev.devrunner.jdbc.bookmark.repository.BookmarkJdbcRepositoryTest" time="0.057"/>
  <testcase name="findById_existingId_returnsConvertedDomain()" classname="dev.devrunner.jdbc.bookmark.repository.BookmarkJdbcRepositoryTest" time="0.019"/>
  <testcase name="existsById_nonExistingId_returnsFalse()" classname="dev.devrunner.jdbc.bookmark.repository.BookmarkJdbcRepositoryTest" time="0.015"/>
  <testcase name="findById_nonExistingId_returnsEmpty()" classname="dev.devrunner.jdbc.bookmark.repository.BookmarkJdbcRepositoryTest" time="0.004"/>
  <testcase name="countByUserId_existingUserId_returnsCount()" classname="dev.devrunner.jdbc.bookmark.repository.BookmarkJdbcRepositoryTest" time="0.014"/>
  <testcase name="deleteById_existingId_deletesSuccessfully()" classname="dev.devrunner.jdbc.bookmark.repository.BookmarkJdbcRepositoryTest" time="0.023"/>
  <testcase name="save_withNullId_generatesIdAndReturns()" classname="dev.devrunner.jdbc.bookmark.repository.BookmarkJdbcRepositoryTest" time="0.008"/>
  <testcase name="save_withValidDomain_returnsConvertedDomain()" classname="dev.devrunner.jdbc.bookmark.repository.BookmarkJdbcRepositoryTest" time="0.003"/>
  <testcase name="findByUserIdAndTargetTypeAndTargetId_existingData_returnsConvertedDomain()" classname="dev.devrunner.jdbc.bookmark.repository.BookmarkJdbcRepositoryTest" time="0.009"/>
  <testcase name="findByUserId_nonExistingUserId_returnsEmptyList()" classname="dev.devrunner.jdbc.bookmark.repository.BookmarkJdbcRepositoryTest" time="0.007"/>
  <testcase name="findByUserIdAndTargetTypeAndTargetId_nonExistingData_returnsEmpty()" classname="dev.devrunner.jdbc.bookmark.repository.BookmarkJdbcRepositoryTest" time="0.006"/>
  <testcase name="countByUserId_nonExistingUserId_returnsZero()" classname="dev.devrunner.jdbc.bookmark.repository.BookmarkJdbcRepositoryTest" time="0.006"/>
  <testcase name="existsById_existingId_returnsTrue()" classname="dev.devrunner.jdbc.bookmark.repository.BookmarkJdbcRepositoryTest" time="0.006"/>
  <testcase name="findByUserIdAndTargetType_existingData_returnsConvertedList()" classname="dev.devrunner.jdbc.bookmark.repository.BookmarkJdbcRepositoryTest" time="0.019"/>
  <system-out><![CDATA[15:10:27.040 [Test worker] INFO org.springframework.test.context.support.AnnotationConfigContextLoaderUtils -- Could not detect default configuration classes for test class [dev.devrunner.jdbc.bookmark.repository.BookmarkJdbcRepositoryTest]: BookmarkJdbcRepositoryTest does not declare any static, non-private, non-final, nested classes annotated with @Configuration.
15:10:27.157 [Test worker] INFO org.springframework.boot.test.context.SpringBootTestContextBootstrapper -- Found @SpringBootConfiguration dev.devrunner.jdbc.TestApplication for test class dev.devrunner.jdbc.bookmark.repository.BookmarkJdbcRepositoryTest

  .   ____          _            __ _ _
 /\\ / ___'_ __ _ _(_)_ __  __ _ \ \ \ \
( ( )\___ | '_ | '_| | '_ \/ _` | \ \ \ \
 \\/  ___)| |_)| | | | | || (_| |  ) ) ) )
  '  |____| .__|_| |_|_| |_\__, | / / / /
 =========|_|==============|___/=/_/_/_/
 :: Spring Boot ::                (v3.2.1)

2025-11-11T15:10:27.811+09:00  INFO 56239 --- [    Test worker] d.d.j.b.r.BookmarkJdbcRepositoryTest     : Starting BookmarkJdbcRepositoryTest using Java 21.0.7 with PID 56239 (started by dankim0124 in /Users/dankim0124/IdeaProjects/breakin-be/breakin-be/modules/devrunner/repository-jdbc)
2025-11-11T15:10:27.827+09:00  INFO 56239 --- [    Test worker] d.d.j.b.r.BookmarkJdbcRepositoryTest     : The following 1 profile is active: "test"
2025-11-11T15:10:28.359+09:00  INFO 56239 --- [    Test worker] .s.d.r.c.RepositoryConfigurationDelegate : Bootstrapping Spring Data JDBC repositories in DEFAULT mode.
2025-11-11T15:10:28.415+09:00  INFO 56239 --- [    Test worker] .s.d.r.c.RepositoryConfigurationDelegate : Finished Spring Data repository scanning in 50 ms. Found 9 JDBC repository interfaces.
2025-11-11T15:10:28.646+09:00 DEBUG 56239 --- [    Test worker] o.s.jdbc.datasource.DataSourceUtils      : Fetching JDBC Connection from DataSource
2025-11-11T15:10:28.646+09:00  INFO 56239 --- [    Test worker] com.zaxxer.hikari.HikariDataSource       : HikariPool-1 - Starting...
2025-11-11T15:10:28.799+09:00  INFO 56239 --- [    Test worker] com.zaxxer.hikari.pool.HikariPool        : HikariPool-1 - Added connection conn0: url=jdbc:h2:mem:testdb user=SA
2025-11-11T15:10:28.800+09:00  INFO 56239 --- [    Test worker] com.zaxxer.hikari.HikariDataSource       : HikariPool-1 - Start completed.
2025-11-11T15:10:28.802+09:00 DEBUG 56239 --- [    Test worker] o.s.jdbc.datasource.init.ScriptUtils     : Executing SQL script from class path resource [schema.sql]
2025-11-11T15:10:28.816+09:00 DEBUG 56239 --- [    Test worker] o.s.jdbc.datasource.init.ScriptUtils     : 0 returned as update count for SQL: CREATE TABLE IF NOT EXISTS examples ( example_id BIGINT AUTO_INCREMENT PRIMARY KEY, name VARCHAR(255) NOT NULL, created_at TIMESTAMP WITH TIME ZONE NOT NULL, updated_at TIMESTAMP WITH TIME ZONE NOT NULL )
2025-11-11T15:10:28.818+09:00 DEBUG 56239 --- [    Test worker] o.s.jdbc.datasource.init.ScriptUtils     : 0 returned as update count for SQL: CREATE TABLE IF NOT EXISTS users ( id BIGINT AUTO_INCREMENT PRIMARY KEY, google_id VARCHAR(255) NOT NULL UNIQUE, email VARCHAR(512) NOT NULL UNIQUE, nickname VARCHAR(100) NOT NULL UNIQUE, user_role VARCHAR(50) NOT NULL DEFAULT 'USER', email_enabled BOOLEAN DEFAULT TRUE, new_job_alerts BOOLEAN DEFAULT TRUE, reply_alerts BOOLEAN DEFAULT TRUE, like_alerts BOOLEAN DEFAULT TRUE, post_count BIGINT DEFAULT 0, comment_count BIGINT DEFAULT 0, likes_received BIGINT DEFAULT 0, like_given_count BIGINT DEFAULT 0, bookmark_count BIGINT DEFAULT 0, last_login_at TIMESTAMP WITH TIME ZONE NOT NULL, is_active BOOLEAN NOT NULL DEFAULT TRUE, is_withdrawn BOOLEAN NOT NULL DEFAULT FALSE, withdrawn_at TIMESTAMP WITH TIME ZONE, created_at TIMESTAMP WITH TIME ZONE NOT NULL, updated_at TIMESTAMP WITH TIME ZONE NOT NULL )
2025-11-11T15:10:28.818+09:00 DEBUG 56239 --- [    Test worker] o.s.jdbc.datasource.init.ScriptUtils     : 0 returned as update count for SQL: CREATE TABLE IF NOT EXISTS user_interested_companies ( user_id BIGINT NOT NULL, company_name VARCHAR(255) NOT NULL )
2025-11-11T15:10:28.819+09:00 DEBUG 56239 --- [    Test worker] o.s.jdbc.datasource.init.ScriptUtils     : 0 returned as update count for SQL: CREATE TABLE IF NOT EXISTS user_interested_locations ( user_id BIGINT NOT NULL, location_name VARCHAR(255) NOT NULL )
2025-11-11T15:10:28.820+09:00 DEBUG 56239 --- [    Test worker] o.s.jdbc.datasource.init.ScriptUtils     : 0 returned as update count for SQL: CREATE TABLE IF NOT EXISTS tech_blogs ( id BIGINT AUTO_INCREMENT PRIMARY KEY, url VARCHAR(512) NOT NULL UNIQUE, company VARCHAR(255), title VARCHAR(500) NOT NULL, one_liner VARCHAR(500), summary TEXT, summary_ko TEXT, markdown_body TEXT, thumbnail_url VARCHAR(512), original_url VARCHAR(512), view_count BIGINT NOT NULL DEFAULT 0, comment_count BIGINT NOT NULL DEFAULT 0, like_count BIGINT NOT NULL DEFAULT 0, dislike_count BIGINT NOT NULL DEFAULT 0, is_deleted BOOLEAN NOT NULL DEFAULT FALSE, created_at TIMESTAMP WITH TIME ZONE NOT NULL, updated_at TIMESTAMP WITH TIME ZONE NOT NULL )
2025-11-11T15:10:28.820+09:00 DEBUG 56239 --- [    Test worker] o.s.jdbc.datasource.init.ScriptUtils     : 0 returned as update count for SQL: CREATE TABLE IF NOT EXISTS tech_blog_tech_categories ( tech_blog_id BIGINT NOT NULL, category_name VARCHAR(100) NOT NULL )
2025-11-11T15:10:28.822+09:00 DEBUG 56239 --- [    Test worker] o.s.jdbc.datasource.init.ScriptUtils     : 0 returned as update count for SQL: CREATE TABLE IF NOT EXISTS jobs ( id BIGINT AUTO_INCREMENT PRIMARY KEY, url VARCHAR(512) NOT NULL UNIQUE, company VARCHAR(255) NOT NULL, title VARCHAR(500) NOT NULL, organization VARCHAR(255), one_line_summary VARCHAR(500), summary TEXT, min_years INT, max_years INT, experience_required BOOLEAN DEFAULT FALSE, career_level VARCHAR(50) DEFAULT 'ENTRY', employment_type VARCHAR(50) DEFAULT 'FULL_TIME', position_category VARCHAR(100), remote_policy VARCHAR(50) DEFAULT 'ONSITE', started_at TIMESTAMP, ended_at TIMESTAMP, is_open_ended BOOLEAN DEFAULT FALSE, is_closed BOOLEAN DEFAULT FALSE, position_introduction TEXT, full_description TEXT, has_assignment BOOLEAN DEFAULT FALSE, has_coding_test BOOLEAN DEFAULT FALSE, has_live_coding BOOLEAN DEFAULT FALSE, interview_count INT, interview_days INT, min_base_pay DECIMAL(15, 2), max_base_pay DECIMAL(15, 2), currency VARCHAR(10), unit VARCHAR(20), has_stock_option BOOLEAN, salary_note VARCHAR(1000), view_count BIGINT NOT NULL DEFAULT 0, comment_count BIGINT NOT NULL DEFAULT 0, like_count BIGINT NOT NULL DEFAULT 0, dislike_count BIGINT NOT NULL DEFAULT 0, is_deleted BOOLEAN NOT NULL DEFAULT FALSE, created_at TIMESTAMP WITH TIME ZONE NOT NULL, updated_at TIMESTAMP WITH TIME ZONE NOT NULL )
2025-11-11T15:10:28.823+09:00 DEBUG 56239 --- [    Test worker] o.s.jdbc.datasource.init.ScriptUtils     : 0 returned as update count for SQL: CREATE TABLE IF NOT EXISTS job_tech_categories ( job_id BIGINT NOT NULL, category_name VARCHAR(100) NOT NULL )
2025-11-11T15:10:28.824+09:00 DEBUG 56239 --- [    Test worker] o.s.jdbc.datasource.init.ScriptUtils     : 0 returned as update count for SQL: CREATE TABLE IF NOT EXISTS job_locations ( job_id BIGINT NOT NULL, location_name VARCHAR(255) NOT NULL )
2025-11-11T15:10:28.824+09:00 DEBUG 56239 --- [    Test worker] o.s.jdbc.datasource.init.ScriptUtils     : 0 returned as update count for SQL: CREATE TABLE IF NOT EXISTS job_responsibilities ( job_id BIGINT NOT NULL, responsibility VARCHAR(500) NOT NULL )
2025-11-11T15:10:28.825+09:00 DEBUG 56239 --- [    Test worker] o.s.jdbc.datasource.init.ScriptUtils     : 0 returned as update count for SQL: CREATE TABLE IF NOT EXISTS job_qualifications ( job_id BIGINT NOT NULL, qualification VARCHAR(500) NOT NULL )
2025-11-11T15:10:28.826+09:00 DEBUG 56239 --- [    Test worker] o.s.jdbc.datasource.init.ScriptUtils     : 0 returned as update count for SQL: CREATE TABLE IF NOT EXISTS job_preferred_qualifications ( job_id BIGINT NOT NULL, preferred_qualification VARCHAR(500) NOT NULL )
2025-11-11T15:10:28.827+09:00 DEBUG 56239 --- [    Test worker] o.s.jdbc.datasource.init.ScriptUtils     : 0 returned as update count for SQL: CREATE TABLE IF NOT EXISTS job_closed_checks ( id BIGINT AUTO_INCREMENT PRIMARY KEY, job_id BIGINT NOT NULL, url VARCHAR(2048) NOT NULL, closed BOOLEAN NOT NULL, closed_reason VARCHAR(300), explanation TEXT, checked_at TIMESTAMP WITH TIME ZONE NOT NULL )
2025-11-11T15:10:28.828+09:00 DEBUG 56239 --- [    Test worker] o.s.jdbc.datasource.init.ScriptUtils     : 0 returned as update count for SQL: CREATE TABLE IF NOT EXISTS community_posts ( id BIGINT AUTO_INCREMENT PRIMARY KEY, user_id BIGINT NOT NULL, category VARCHAR(100) NOT NULL, title VARCHAR(500) NOT NULL, markdown_body TEXT NOT NULL, company VARCHAR(255), location VARCHAR(255), job_id BIGINT, comment_id BIGINT, view_count BIGINT NOT NULL DEFAULT 0, comment_count BIGINT NOT NULL DEFAULT 0, like_count BIGINT NOT NULL DEFAULT 0, dislike_count BIGINT NOT NULL DEFAULT 0, is_deleted BOOLEAN NOT NULL DEFAULT FALSE, created_at TIMESTAMP WITH TIME ZONE NOT NULL, updated_at TIMESTAMP WITH TIME ZONE NOT NULL )
2025-11-11T15:10:28.829+09:00 DEBUG 56239 --- [    Test worker] o.s.jdbc.datasource.init.ScriptUtils     : 0 returned as update count for SQL: CREATE TABLE IF NOT EXISTS comments ( id BIGINT AUTO_INCREMENT PRIMARY KEY, user_id BIGINT NOT NULL, content TEXT NOT NULL, target_type VARCHAR(50) NOT NULL, target_id BIGINT NOT NULL, parent_id BIGINT, comment_order INT NOT NULL DEFAULT 0, level INT NOT NULL DEFAULT 0, sort_number INT NOT NULL DEFAULT 0, child_count INT NOT NULL DEFAULT 0, is_hidden BOOLEAN NOT NULL DEFAULT FALSE, created_at TIMESTAMP WITH TIME ZONE NOT NULL, updated_at TIMESTAMP WITH TIME ZONE NOT NULL )
2025-11-11T15:10:28.829+09:00 DEBUG 56239 --- [    Test worker] o.s.jdbc.datasource.init.ScriptUtils     : 0 returned as update count for SQL: CREATE TABLE IF NOT EXISTS reactions ( id BIGINT AUTO_INCREMENT PRIMARY KEY, user_id BIGINT NOT NULL, target_type VARCHAR(50) NOT NULL, target_id BIGINT NOT NULL, reaction_type VARCHAR(20) NOT NULL, created_at TIMESTAMP WITH TIME ZONE NOT NULL, updated_at TIMESTAMP WITH TIME ZONE NOT NULL )
2025-11-11T15:10:28.830+09:00 DEBUG 56239 --- [    Test worker] o.s.jdbc.datasource.init.ScriptUtils     : 0 returned as update count for SQL: CREATE TABLE IF NOT EXISTS bookmarks ( id BIGINT AUTO_INCREMENT PRIMARY KEY, user_id BIGINT NOT NULL, target_type VARCHAR(50) NOT NULL, target_id BIGINT NOT NULL, created_at TIMESTAMP WITH TIME ZONE NOT NULL, updated_at TIMESTAMP WITH TIME ZONE NOT NULL )
2025-11-11T15:10:28.831+09:00 DEBUG 56239 --- [    Test worker] o.s.jdbc.datasource.init.ScriptUtils     : 0 returned as update count for SQL: CREATE TABLE IF NOT EXISTS crawl_theirstack_jobs ( id BIGINT AUTO_INCREMENT PRIMARY KEY, their_stack_job_id BIGINT NOT NULL, raw_data TEXT NOT NULL, company VARCHAR(100), url TEXT, title TEXT, location TEXT, seniority VARCHAR(50), date_posted TIMESTAMP, description TEXT, status VARCHAR(20) NOT NULL, job_id BIGINT, error_message TEXT, created_at TIMESTAMP NOT NULL DEFAULT CURRENT_TIMESTAMP, updated_at TIMESTAMP, CONSTRAINT uk_theirstack_job_id UNIQUE (their_stack_job_id) )
2025-11-11T15:10:28.831+09:00 DEBUG 56239 --- [    Test worker] o.s.jdbc.datasource.init.ScriptUtils     : 0 returned as update count for SQL: CREATE INDEX IF NOT EXISTS idx_crawl_theirstack_jobs_status ON crawl_theirstack_jobs (status)
2025-11-11T15:10:28.832+09:00 DEBUG 56239 --- [    Test worker] o.s.jdbc.datasource.init.ScriptUtils     : 0 returned as update count for SQL: CREATE INDEX IF NOT EXISTS idx_crawl_theirstack_jobs_company ON crawl_theirstack_jobs (company)
2025-11-11T15:10:28.832+09:00 DEBUG 56239 --- [    Test worker] o.s.jdbc.datasource.init.ScriptUtils     : 0 returned as update count for SQL: CREATE INDEX IF NOT EXISTS idx_crawl_theirstack_jobs_date_posted ON crawl_theirstack_jobs (date_posted DESC)
2025-11-11T15:10:28.832+09:00 DEBUG 56239 --- [    Test worker] o.s.jdbc.datasource.init.ScriptUtils     : 0 returned as update count for SQL: CREATE INDEX IF NOT EXISTS idx_crawl_theirstack_jobs_created_at ON crawl_theirstack_jobs (created_at DESC)
2025-11-11T15:10:28.833+09:00 DEBUG 56239 --- [    Test worker] o.s.jdbc.datasource.init.ScriptUtils     : Executed SQL script from class path resource [schema.sql] in 30 ms.
2025-11-11T15:10:28.837+09:00 DEBUG 56239 --- [    Test worker] o.s.jdbc.datasource.DataSourceUtils      : Fetching JDBC Connection from DataSource
2025-11-11T15:10:28.837+09:00 DEBUG 56239 --- [    Test worker] o.s.jdbc.datasource.init.ScriptUtils     : Executing SQL script from URL [jar:file:/Users/dankim0124/IdeaProjects/breakin-be/breakin-be/modules/schema/build/libs/schema-1.0-SNAPSHOT.jar!/data.sql]
2025-11-11T15:10:28.839+09:00 DEBUG 56239 --- [    Test worker] o.s.jdbc.datasource.init.ScriptUtils     : 3 returned as update count for SQL: INSERT INTO examples (name, created_at, updated_at) VALUES ('First Example', CURRENT_TIMESTAMP, CURRENT_TIMESTAMP), ('Second Example', CURRENT_TIMESTAMP, CURRENT_TIMESTAMP), ('Third Example', CURRENT_TIMESTAMP, CURRENT_TIMESTAMP)
2025-11-11T15:10:28.839+09:00 DEBUG 56239 --- [    Test worker] o.s.jdbc.datasource.init.ScriptUtils     : Executed SQL script from URL [jar:file:/Users/dankim0124/IdeaProjects/breakin-be/breakin-be/modules/schema/build/libs/schema-1.0-SNAPSHOT.jar!/data.sql] in 2 ms.
2025-11-11T15:10:28.856+09:00 DEBUG 56239 --- [    Test worker] o.s.jdbc.datasource.DataSourceUtils      : Fetching JDBC Connection from DataSource
2025-11-11T15:10:29.048+09:00 DEBUG 56239 --- [    Test worker] o.s.d.j.r.s.JdbcQueryLookupStrategy      : Using the queryLookupStrategy CREATE_IF_NOT_FOUND
2025-11-11T15:10:29.089+09:00 DEBUG 56239 --- [    Test worker] o.s.d.j.r.s.JdbcQueryLookupStrategy      : Using the queryLookupStrategy CREATE_IF_NOT_FOUND
2025-11-11T15:10:29.093+09:00 DEBUG 56239 --- [    Test worker] o.s.d.j.r.s.JdbcQueryLookupStrategy      : Using the queryLookupStrategy CREATE_IF_NOT_FOUND
2025-11-11T15:10:29.097+09:00 DEBUG 56239 --- [    Test worker] o.s.d.j.r.s.JdbcQueryLookupStrategy      : Using the queryLookupStrategy CREATE_IF_NOT_FOUND
2025-11-11T15:10:29.106+09:00 DEBUG 56239 --- [    Test worker] o.s.d.j.r.s.JdbcQueryLookupStrategy      : Using the queryLookupStrategy CREATE_IF_NOT_FOUND
2025-11-11T15:10:29.113+09:00 DEBUG 56239 --- [    Test worker] o.s.d.j.r.s.JdbcQueryLookupStrategy      : Using the queryLookupStrategy CREATE_IF_NOT_FOUND
2025-11-11T15:10:29.119+09:00 DEBUG 56239 --- [    Test worker] o.s.d.j.r.s.JdbcQueryLookupStrategy      : Using the queryLookupStrategy CREATE_IF_NOT_FOUND
2025-11-11T15:10:29.128+09:00 DEBUG 56239 --- [    Test worker] o.s.d.j.r.s.JdbcQueryLookupStrategy      : Using the queryLookupStrategy CREATE_IF_NOT_FOUND
2025-11-11T15:10:29.137+09:00 DEBUG 56239 --- [    Test worker] o.s.d.j.r.s.JdbcQueryLookupStrategy      : Using the queryLookupStrategy CREATE_IF_NOT_FOUND
2025-11-11T15:10:29.164+09:00  INFO 56239 --- [    Test worker] d.d.j.b.r.BookmarkJdbcRepositoryTest     : Started BookmarkJdbcRepositoryTest in 1.947 seconds (process running for 2.667)
2025-11-11T15:10:29.178+09:00 DEBUG 56239 --- [    Test worker] o.s.jdbc.support.JdbcTransactionManager  : Creating new transaction with name [dev.devrunner.jdbc.bookmark.repository.BookmarkJdbcRepositoryTest.findByUserIdAndTargetType_nonExistingData_returnsEmptyList]: PROPAGATION_REQUIRED,ISOLATION_DEFAULT
2025-11-11T15:10:29.181+09:00 DEBUG 56239 --- [    Test worker] o.s.jdbc.support.JdbcTransactionManager  : Acquired Connection [HikariProxyConnection@1641677843 wrapping conn0: url=jdbc:h2:mem:testdb user=SA] for JDBC transaction
2025-11-11T15:10:29.182+09:00 DEBUG 56239 --- [    Test worker] o.s.jdbc.support.JdbcTransactionManager  : Switching JDBC Connection [HikariProxyConnection@1641677843 wrapping conn0: url=jdbc:h2:mem:testdb user=SA] to manual commit
2025-11-11T15:10:29.869+09:00 DEBUG 56239 --- [    Test worker] o.s.jdbc.core.JdbcTemplate               : Executing prepared SQL query
2025-11-11T15:10:29.870+09:00 DEBUG 56239 --- [    Test worker] o.s.jdbc.core.JdbcTemplate               : Executing prepared SQL statement [SELECT "bookmarks"."ID" AS "ID", "bookmarks"."USER_ID" AS "USER_ID", "bookmarks"."TARGET_ID" AS "TARGET_ID", "bookmarks"."CREATED_AT" AS "CREATED_AT", "bookmarks"."UPDATED_AT" AS "UPDATED_AT", "bookmarks"."TARGET_TYPE" AS "TARGET_TYPE" FROM "bookmarks" WHERE "bookmarks"."USER_ID" = ? AND ("bookmarks"."TARGET_TYPE" = ?) OFFSET 0 ROWS FETCH FIRST 10 ROWS ONLY]
2025-11-11T15:10:29.926+09:00 DEBUG 56239 --- [    Test worker] o.s.jdbc.support.JdbcTransactionManager  : Initiating transaction rollback
2025-11-11T15:10:29.926+09:00 DEBUG 56239 --- [    Test worker] o.s.jdbc.support.JdbcTransactionManager  : Rolling back JDBC transaction on Connection [HikariProxyConnection@1641677843 wrapping conn0: url=jdbc:h2:mem:testdb user=SA]
2025-11-11T15:10:29.926+09:00 DEBUG 56239 --- [    Test worker] o.s.jdbc.support.JdbcTransactionManager  : Releasing JDBC Connection [HikariProxyConnection@1641677843 wrapping conn0: url=jdbc:h2:mem:testdb user=SA] after transaction
2025-11-11T15:10:29.931+09:00 DEBUG 56239 --- [    Test worker] o.s.jdbc.support.JdbcTransactionManager  : Creating new transaction with name [dev.devrunner.jdbc.bookmark.repository.BookmarkJdbcRepositoryTest.findByUserId_existingUserId_returnsConvertedList]: PROPAGATION_REQUIRED,ISOLATION_DEFAULT
2025-11-11T15:10:29.931+09:00 DEBUG 56239 --- [    Test worker] o.s.jdbc.support.JdbcTransactionManager  : Acquired Connection [HikariProxyConnection@1180245656 wrapping conn0: url=jdbc:h2:mem:testdb user=SA] for JDBC transaction
2025-11-11T15:10:29.931+09:00 DEBUG 56239 --- [    Test worker] o.s.jdbc.support.JdbcTransactionManager  : Switching JDBC Connection [HikariProxyConnection@1180245656 wrapping conn0: url=jdbc:h2:mem:testdb user=SA] to manual commit
2025-11-11T15:10:29.933+09:00 DEBUG 56239 --- [    Test worker] o.s.jdbc.support.JdbcTransactionManager  : Participating in existing transaction
2025-11-11T15:10:29.952+09:00 DEBUG 56239 --- [    Test worker] o.s.jdbc.core.JdbcTemplate               : Executing SQL update and returning generated keys
2025-11-11T15:10:29.952+09:00 DEBUG 56239 --- [    Test worker] o.s.jdbc.core.JdbcTemplate               : Executing prepared SQL statement [INSERT INTO "bookmarks" ("CREATED_AT", "TARGET_ID", "TARGET_TYPE", "UPDATED_AT", "USER_ID") VALUES (?, ?, ?, ?, ?)]
2025-11-11T15:10:29.962+09:00 DEBUG 56239 --- [    Test worker] o.s.jdbc.support.JdbcTransactionManager  : Participating in existing transaction
2025-11-11T15:10:29.965+09:00 DEBUG 56239 --- [    Test worker] o.s.jdbc.core.JdbcTemplate               : Executing SQL update and returning generated keys
2025-11-11T15:10:29.965+09:00 DEBUG 56239 --- [    Test worker] o.s.jdbc.core.JdbcTemplate               : Executing prepared SQL statement [INSERT INTO "bookmarks" ("CREATED_AT", "TARGET_ID", "TARGET_TYPE", "UPDATED_AT", "USER_ID") VALUES (?, ?, ?, ?, ?)]
2025-11-11T15:10:29.966+09:00 DEBUG 56239 --- [    Test worker] o.s.jdbc.support.JdbcTransactionManager  : Participating in existing transaction
2025-11-11T15:10:29.967+09:00 DEBUG 56239 --- [    Test worker] o.s.jdbc.core.JdbcTemplate               : Executing SQL update and returning generated keys
2025-11-11T15:10:29.968+09:00 DEBUG 56239 --- [    Test worker] o.s.jdbc.core.JdbcTemplate               : Executing prepared SQL statement [INSERT INTO "bookmarks" ("CREATED_AT", "TARGET_ID", "TARGET_TYPE", "UPDATED_AT", "USER_ID") VALUES (?, ?, ?, ?, ?)]
2025-11-11T15:10:29.972+09:00 DEBUG 56239 --- [    Test worker] o.s.jdbc.core.JdbcTemplate               : Executing prepared SQL query
2025-11-11T15:10:29.973+09:00 DEBUG 56239 --- [    Test worker] o.s.jdbc.core.JdbcTemplate               : Executing prepared SQL statement [SELECT "bookmarks"."ID" AS "ID", "bookmarks"."USER_ID" AS "USER_ID", "bookmarks"."TARGET_ID" AS "TARGET_ID", "bookmarks"."CREATED_AT" AS "CREATED_AT", "bookmarks"."UPDATED_AT" AS "UPDATED_AT", "bookmarks"."TARGET_TYPE" AS "TARGET_TYPE" FROM "bookmarks" WHERE "bookmarks"."USER_ID" = ? OFFSET 0 ROWS FETCH FIRST 10 ROWS ONLY]
2025-11-11T15:10:29.986+09:00 DEBUG 56239 --- [    Test worker] o.s.jdbc.support.JdbcTransactionManager  : Initiating transaction rollback
2025-11-11T15:10:29.986+09:00 DEBUG 56239 --- [    Test worker] o.s.jdbc.support.JdbcTransactionManager  : Rolling back JDBC transaction on Connection [HikariProxyConnection@1180245656 wrapping conn0: url=jdbc:h2:mem:testdb user=SA]
2025-11-11T15:10:29.986+09:00 DEBUG 56239 --- [    Test worker] o.s.jdbc.support.JdbcTransactionManager  : Releasing JDBC Connection [HikariProxyConnection@1180245656 wrapping conn0: url=jdbc:h2:mem:testdb user=SA] after transaction
2025-11-11T15:10:29.988+09:00 DEBUG 56239 --- [    Test worker] o.s.jdbc.support.JdbcTransactionManager  : Creating new transaction with name [dev.devrunner.jdbc.bookmark.repository.BookmarkJdbcRepositoryTest.findById_existingId_returnsConvertedDomain]: PROPAGATION_REQUIRED,ISOLATION_DEFAULT
2025-11-11T15:10:29.988+09:00 DEBUG 56239 --- [    Test worker] o.s.jdbc.support.JdbcTransactionManager  : Acquired Connection [HikariProxyConnection@371637727 wrapping conn0: url=jdbc:h2:mem:testdb user=SA] for JDBC transaction
2025-11-11T15:10:29.989+09:00 DEBUG 56239 --- [    Test worker] o.s.jdbc.support.JdbcTransactionManager  : Switching JDBC Connection [HikariProxyConnection@371637727 wrapping conn0: url=jdbc:h2:mem:testdb user=SA] to manual commit
2025-11-11T15:10:29.991+09:00 DEBUG 56239 --- [    Test worker] o.s.jdbc.support.JdbcTransactionManager  : Participating in existing transaction
2025-11-11T15:10:29.993+09:00 DEBUG 56239 --- [    Test worker] o.s.jdbc.core.JdbcTemplate               : Executing SQL update and returning generated keys
2025-11-11T15:10:29.993+09:00 DEBUG 56239 --- [    Test worker] o.s.jdbc.core.JdbcTemplate               : Executing prepared SQL statement [INSERT INTO "bookmarks" ("CREATED_AT", "TARGET_ID", "TARGET_TYPE", "UPDATED_AT", "USER_ID") VALUES (?, ?, ?, ?, ?)]
2025-11-11T15:10:29.995+09:00 DEBUG 56239 --- [    Test worker] o.s.jdbc.support.JdbcTransactionManager  : Participating in existing transaction
2025-11-11T15:10:29.998+09:00 DEBUG 56239 --- [    Test worker] o.s.jdbc.core.JdbcTemplate               : Executing prepared SQL query
2025-11-11T15:10:29.999+09:00 DEBUG 56239 --- [    Test worker] o.s.jdbc.core.JdbcTemplate               : Executing prepared SQL statement [SELECT "bookmarks"."ID" AS "ID", "bookmarks"."USER_ID" AS "USER_ID", "bookmarks"."TARGET_ID" AS "TARGET_ID", "bookmarks"."CREATED_AT" AS "CREATED_AT", "bookmarks"."UPDATED_AT" AS "UPDATED_AT", "bookmarks"."TARGET_TYPE" AS "TARGET_TYPE" FROM "bookmarks" WHERE "bookmarks"."ID" = ?]
2025-11-11T15:10:30.006+09:00 DEBUG 56239 --- [    Test worker] o.s.jdbc.support.JdbcTransactionManager  : Initiating transaction rollback
2025-11-11T15:10:30.006+09:00 DEBUG 56239 --- [    Test worker] o.s.jdbc.support.JdbcTransactionManager  : Rolling back JDBC transaction on Connection [HikariProxyConnection@371637727 wrapping conn0: url=jdbc:h2:mem:testdb user=SA]
2025-11-11T15:10:30.006+09:00 DEBUG 56239 --- [    Test worker] o.s.jdbc.support.JdbcTransactionManager  : Releasing JDBC Connection [HikariProxyConnection@371637727 wrapping conn0: url=jdbc:h2:mem:testdb user=SA] after transaction
2025-11-11T15:10:30.009+09:00 DEBUG 56239 --- [    Test worker] o.s.jdbc.support.JdbcTransactionManager  : Creating new transaction with name [dev.devrunner.jdbc.bookmark.repository.BookmarkJdbcRepositoryTest.existsById_nonExistingId_returnsFalse]: PROPAGATION_REQUIRED,ISOLATION_DEFAULT
2025-11-11T15:10:30.009+09:00 DEBUG 56239 --- [    Test worker] o.s.jdbc.support.JdbcTransactionManager  : Acquired Connection [HikariProxyConnection@1567903868 wrapping conn0: url=jdbc:h2:mem:testdb user=SA] for JDBC transaction
2025-11-11T15:10:30.009+09:00 DEBUG 56239 --- [    Test worker] o.s.jdbc.support.JdbcTransactionManager  : Switching JDBC Connection [HikariProxyConnection@1567903868 wrapping conn0: url=jdbc:h2:mem:testdb user=SA] to manual commit
2025-11-11T15:10:30.010+09:00 DEBUG 56239 --- [    Test worker] o.s.jdbc.support.JdbcTransactionManager  : Participating in existing transaction
2025-11-11T15:10:30.015+09:00 DEBUG 56239 --- [    Test worker] o.s.jdbc.core.JdbcTemplate               : Executing prepared SQL query
2025-11-11T15:10:30.015+09:00 DEBUG 56239 --- [    Test worker] o.s.jdbc.core.JdbcTemplate               : Executing prepared SQL statement [SELECT COUNT("bookmarks"."ID") FROM "bookmarks" WHERE "bookmarks"."ID" = ?]
2025-11-11T15:10:30.022+09:00 DEBUG 56239 --- [    Test worker] o.s.jdbc.support.JdbcTransactionManager  : Initiating transaction rollback
2025-11-11T15:10:30.023+09:00 DEBUG 56239 --- [    Test worker] o.s.jdbc.support.JdbcTransactionManager  : Rolling back JDBC transaction on Connection [HikariProxyConnection@1567903868 wrapping conn0: url=jdbc:h2:mem:testdb user=SA]
2025-11-11T15:10:30.023+09:00 DEBUG 56239 --- [    Test worker] o.s.jdbc.support.JdbcTransactionManager  : Releasing JDBC Connection [HikariProxyConnection@1567903868 wrapping conn0: url=jdbc:h2:mem:testdb user=SA] after transaction
2025-11-11T15:10:30.024+09:00 DEBUG 56239 --- [    Test worker] o.s.jdbc.support.JdbcTransactionManager  : Creating new transaction with name [dev.devrunner.jdbc.bookmark.repository.BookmarkJdbcRepositoryTest.findById_nonExistingId_returnsEmpty]: PROPAGATION_REQUIRED,ISOLATION_DEFAULT
2025-11-11T15:10:30.025+09:00 DEBUG 56239 --- [    Test worker] o.s.jdbc.support.JdbcTransactionManager  : Acquired Connection [HikariProxyConnection@79297071 wrapping conn0: url=jdbc:h2:mem:testdb user=SA] for JDBC transaction
2025-11-11T15:10:30.025+09:00 DEBUG 56239 --- [    Test worker] o.s.jdbc.support.JdbcTransactionManager  : Switching JDBC Connection [HikariProxyConnection@79297071 wrapping conn0: url=jdbc:h2:mem:testdb user=SA] to manual commit
2025-11-11T15:10:30.026+09:00 DEBUG 56239 --- [    Test worker] o.s.jdbc.support.JdbcTransactionManager  : Participating in existing transaction
2025-11-11T15:10:30.026+09:00 DEBUG 56239 --- [    Test worker] o.s.jdbc.core.JdbcTemplate               : Executing prepared SQL query
2025-11-11T15:10:30.026+09:00 DEBUG 56239 --- [    Test worker] o.s.jdbc.core.JdbcTemplate               : Executing prepared SQL statement [SELECT "bookmarks"."ID" AS "ID", "bookmarks"."USER_ID" AS "USER_ID", "bookmarks"."TARGET_ID" AS "TARGET_ID", "bookmarks"."CREATED_AT" AS "CREATED_AT", "bookmarks"."UPDATED_AT" AS "UPDATED_AT", "bookmarks"."TARGET_TYPE" AS "TARGET_TYPE" FROM "bookmarks" WHERE "bookmarks"."ID" = ?]
2025-11-11T15:10:30.028+09:00 DEBUG 56239 --- [    Test worker] o.s.jdbc.support.JdbcTransactionManager  : Initiating transaction rollback
2025-11-11T15:10:30.028+09:00 DEBUG 56239 --- [    Test worker] o.s.jdbc.support.JdbcTransactionManager  : Rolling back JDBC transaction on Connection [HikariProxyConnection@79297071 wrapping conn0: url=jdbc:h2:mem:testdb user=SA]
2025-11-11T15:10:30.028+09:00 DEBUG 56239 --- [    Test worker] o.s.jdbc.support.JdbcTransactionManager  : Releasing JDBC Connection [HikariProxyConnection@79297071 wrapping conn0: url=jdbc:h2:mem:testdb user=SA] after transaction
2025-11-11T15:10:30.029+09:00 DEBUG 56239 --- [    Test worker] o.s.jdbc.support.JdbcTransactionManager  : Creating new transaction with name [dev.devrunner.jdbc.bookmark.repository.BookmarkJdbcRepositoryTest.countByUserId_existingUserId_returnsCount]: PROPAGATION_REQUIRED,ISOLATION_DEFAULT
2025-11-11T15:10:30.029+09:00 DEBUG 56239 --- [    Test worker] o.s.jdbc.support.JdbcTransactionManager  : Acquired Connection [HikariProxyConnection@642942956 wrapping conn0: url=jdbc:h2:mem:testdb user=SA] for JDBC transaction
2025-11-11T15:10:30.029+09:00 DEBUG 56239 --- [    Test worker] o.s.jdbc.support.JdbcTransactionManager  : Switching JDBC Connection [HikariProxyConnection@642942956 wrapping conn0: url=jdbc:h2:mem:testdb user=SA] to manual commit
2025-11-11T15:10:30.031+09:00 DEBUG 56239 --- [    Test worker] o.s.jdbc.support.JdbcTransactionManager  : Participating in existing transaction
2025-11-11T15:10:30.033+09:00 DEBUG 56239 --- [    Test worker] o.s.jdbc.core.JdbcTemplate               : Executing SQL update and returning generated keys
2025-11-11T15:10:30.033+09:00 DEBUG 56239 --- [    Test worker] o.s.jdbc.core.JdbcTemplate               : Executing prepared SQL statement [INSERT INTO "bookmarks" ("CREATED_AT", "TARGET_ID", "TARGET_TYPE", "UPDATED_AT", "USER_ID") VALUES (?, ?, ?, ?, ?)]
2025-11-11T15:10:30.033+09:00 DEBUG 56239 --- [    Test worker] o.s.jdbc.support.JdbcTransactionManager  : Participating in existing transaction
2025-11-11T15:10:30.034+09:00 DEBUG 56239 --- [    Test worker] o.s.jdbc.core.JdbcTemplate               : Executing SQL update and returning generated keys
2025-11-11T15:10:30.035+09:00 DEBUG 56239 --- [    Test worker] o.s.jdbc.core.JdbcTemplate               : Executing prepared SQL statement [INSERT INTO "bookmarks" ("CREATED_AT", "TARGET_ID", "TARGET_TYPE", "UPDATED_AT", "USER_ID") VALUES (?, ?, ?, ?, ?)]
2025-11-11T15:10:30.035+09:00 DEBUG 56239 --- [    Test worker] o.s.jdbc.support.JdbcTransactionManager  : Participating in existing transaction
2025-11-11T15:10:30.036+09:00 DEBUG 56239 --- [    Test worker] o.s.jdbc.core.JdbcTemplate               : Executing SQL update and returning generated keys
2025-11-11T15:10:30.037+09:00 DEBUG 56239 --- [    Test worker] o.s.jdbc.core.JdbcTemplate               : Executing prepared SQL statement [INSERT INTO "bookmarks" ("CREATED_AT", "TARGET_ID", "TARGET_TYPE", "UPDATED_AT", "USER_ID") VALUES (?, ?, ?, ?, ?)]
2025-11-11T15:10:30.040+09:00 DEBUG 56239 --- [    Test worker] o.s.jdbc.core.JdbcTemplate               : Executing prepared SQL query
2025-11-11T15:10:30.040+09:00 DEBUG 56239 --- [    Test worker] o.s.jdbc.core.JdbcTemplate               : Executing prepared SQL statement [SELECT COUNT(*) FROM "bookmarks" WHERE "bookmarks"."USER_ID" = ?]
2025-11-11T15:10:30.042+09:00 DEBUG 56239 --- [    Test worker] o.s.jdbc.support.JdbcTransactionManager  : Initiating transaction rollback
2025-11-11T15:10:30.042+09:00 DEBUG 56239 --- [    Test worker] o.s.jdbc.support.JdbcTransactionManager  : Rolling back JDBC transaction on Connection [HikariProxyConnection@642942956 wrapping conn0: url=jdbc:h2:mem:testdb user=SA]
2025-11-11T15:10:30.042+09:00 DEBUG 56239 --- [    Test worker] o.s.jdbc.support.JdbcTransactionManager  : Releasing JDBC Connection [HikariProxyConnection@642942956 wrapping conn0: url=jdbc:h2:mem:testdb user=SA] after transaction
2025-11-11T15:10:30.044+09:00 DEBUG 56239 --- [    Test worker] o.s.jdbc.support.JdbcTransactionManager  : Creating new transaction with name [dev.devrunner.jdbc.bookmark.repository.BookmarkJdbcRepositoryTest.deleteById_existingId_deletesSuccessfully]: PROPAGATION_REQUIRED,ISOLATION_DEFAULT
2025-11-11T15:10:30.044+09:00 DEBUG 56239 --- [    Test worker] o.s.jdbc.support.JdbcTransactionManager  : Acquired Connection [HikariProxyConnection@1363127070 wrapping conn0: url=jdbc:h2:mem:testdb user=SA] for JDBC transaction
2025-11-11T15:10:30.044+09:00 DEBUG 56239 --- [    Test worker] o.s.jdbc.support.JdbcTransactionManager  : Switching JDBC Connection [HikariProxyConnection@1363127070 wrapping conn0: url=jdbc:h2:mem:testdb user=SA] to manual commit
2025-11-11T15:10:30.045+09:00 DEBUG 56239 --- [    Test worker] o.s.jdbc.support.JdbcTransactionManager  : Participating in existing transaction
2025-11-11T15:10:30.045+09:00 DEBUG 56239 --- [    Test worker] o.s.jdbc.core.JdbcTemplate               : Executing SQL update and returning generated keys
2025-11-11T15:10:30.046+09:00 DEBUG 56239 --- [    Test worker] o.s.jdbc.core.JdbcTemplate               : Executing prepared SQL statement [INSERT INTO "bookmarks" ("CREATED_AT", "TARGET_ID", "TARGET_TYPE", "UPDATED_AT", "USER_ID") VALUES (?, ?, ?, ?, ?)]
2025-11-11T15:10:30.049+09:00 DEBUG 56239 --- [    Test worker] o.s.jdbc.support.JdbcTransactionManager  : Participating in existing transaction
2025-11-11T15:10:30.059+09:00 DEBUG 56239 --- [    Test worker] o.s.jdbc.core.JdbcTemplate               : Executing prepared SQL update
2025-11-11T15:10:30.059+09:00 DEBUG 56239 --- [    Test worker] o.s.jdbc.core.JdbcTemplate               : Executing prepared SQL statement [DELETE FROM "bookmarks" WHERE "bookmarks"."ID" = ?]
2025-11-11T15:10:30.062+09:00 DEBUG 56239 --- [    Test worker] o.s.jdbc.support.JdbcTransactionManager  : Participating in existing transaction
2025-11-11T15:10:30.063+09:00 DEBUG 56239 --- [    Test worker] o.s.jdbc.core.JdbcTemplate               : Executing prepared SQL query
2025-11-11T15:10:30.063+09:00 DEBUG 56239 --- [    Test worker] o.s.jdbc.core.JdbcTemplate               : Executing prepared SQL statement [SELECT COUNT("bookmarks"."ID") FROM "bookmarks" WHERE "bookmarks"."ID" = ?]
2025-11-11T15:10:30.065+09:00 DEBUG 56239 --- [    Test worker] o.s.jdbc.support.JdbcTransactionManager  : Initiating transaction rollback
2025-11-11T15:10:30.066+09:00 DEBUG 56239 --- [    Test worker] o.s.jdbc.support.JdbcTransactionManager  : Rolling back JDBC transaction on Connection [HikariProxyConnection@1363127070 wrapping conn0: url=jdbc:h2:mem:testdb user=SA]
2025-11-11T15:10:30.066+09:00 DEBUG 56239 --- [    Test worker] o.s.jdbc.support.JdbcTransactionManager  : Releasing JDBC Connection [HikariProxyConnection@1363127070 wrapping conn0: url=jdbc:h2:mem:testdb user=SA] after transaction
2025-11-11T15:10:30.070+09:00 DEBUG 56239 --- [    Test worker] o.s.jdbc.support.JdbcTransactionManager  : Creating new transaction with name [dev.devrunner.jdbc.bookmark.repository.BookmarkJdbcRepositoryTest.save_withNullId_generatesIdAndReturns]: PROPAGATION_REQUIRED,ISOLATION_DEFAULT
2025-11-11T15:10:30.070+09:00 DEBUG 56239 --- [    Test worker] o.s.jdbc.support.JdbcTransactionManager  : Acquired Connection [HikariProxyConnection@357532288 wrapping conn0: url=jdbc:h2:mem:testdb user=SA] for JDBC transaction
2025-11-11T15:10:30.070+09:00 DEBUG 56239 --- [    Test worker] o.s.jdbc.support.JdbcTransactionManager  : Switching JDBC Connection [HikariProxyConnection@357532288 wrapping conn0: url=jdbc:h2:mem:testdb user=SA] to manual commit
2025-11-11T15:10:30.072+09:00 DEBUG 56239 --- [    Test worker] o.s.jdbc.support.JdbcTransactionManager  : Participating in existing transaction
2025-11-11T15:10:30.074+09:00 DEBUG 56239 --- [    Test worker] o.s.jdbc.core.JdbcTemplate               : Executing SQL update and returning generated keys
2025-11-11T15:10:30.074+09:00 DEBUG 56239 --- [    Test worker] o.s.jdbc.core.JdbcTemplate               : Executing prepared SQL statement [INSERT INTO "bookmarks" ("CREATED_AT", "TARGET_ID", "TARGET_TYPE", "UPDATED_AT", "USER_ID") VALUES (?, ?, ?, ?, ?)]
2025-11-11T15:10:30.076+09:00 DEBUG 56239 --- [    Test worker] o.s.jdbc.support.JdbcTransactionManager  : Initiating transaction rollback
2025-11-11T15:10:30.076+09:00 DEBUG 56239 --- [    Test worker] o.s.jdbc.support.JdbcTransactionManager  : Rolling back JDBC transaction on Connection [HikariProxyConnection@357532288 wrapping conn0: url=jdbc:h2:mem:testdb user=SA]
2025-11-11T15:10:30.076+09:00 DEBUG 56239 --- [    Test worker] o.s.jdbc.support.JdbcTransactionManager  : Releasing JDBC Connection [HikariProxyConnection@357532288 wrapping conn0: url=jdbc:h2:mem:testdb user=SA] after transaction
2025-11-11T15:10:30.078+09:00 DEBUG 56239 --- [    Test worker] o.s.jdbc.support.JdbcTransactionManager  : Creating new transaction with name [dev.devrunner.jdbc.bookmark.repository.BookmarkJdbcRepositoryTest.save_withValidDomain_returnsConvertedDomain]: PROPAGATION_REQUIRED,ISOLATION_DEFAULT
2025-11-11T15:10:30.078+09:00 DEBUG 56239 --- [    Test worker] o.s.jdbc.support.JdbcTransactionManager  : Acquired Connection [HikariProxyConnection@636094094 wrapping conn0: url=jdbc:h2:mem:testdb user=SA] for JDBC transaction
2025-11-11T15:10:30.078+09:00 DEBUG 56239 --- [    Test worker] o.s.jdbc.support.JdbcTransactionManager  : Switching JDBC Connection [HikariProxyConnection@636094094 wrapping conn0: url=jdbc:h2:mem:testdb user=SA] to manual commit
2025-11-11T15:10:30.078+09:00 DEBUG 56239 --- [    Test worker] o.s.jdbc.support.JdbcTransactionManager  : Participating in existing transaction
2025-11-11T15:10:30.079+09:00 DEBUG 56239 --- [    Test worker] o.s.jdbc.core.JdbcTemplate               : Executing SQL update and returning generated keys
2025-11-11T15:10:30.079+09:00 DEBUG 56239 --- [    Test worker] o.s.jdbc.core.JdbcTemplate               : Executing prepared SQL statement [INSERT INTO "bookmarks" ("CREATED_AT", "TARGET_ID", "TARGET_TYPE", "UPDATED_AT", "USER_ID") VALUES (?, ?, ?, ?, ?)]
2025-11-11T15:10:30.081+09:00 DEBUG 56239 --- [    Test worker] o.s.jdbc.support.JdbcTransactionManager  : Initiating transaction rollback
2025-11-11T15:10:30.081+09:00 DEBUG 56239 --- [    Test worker] o.s.jdbc.support.JdbcTransactionManager  : Rolling back JDBC transaction on Connection [HikariProxyConnection@636094094 wrapping conn0: url=jdbc:h2:mem:testdb user=SA]
2025-11-11T15:10:30.081+09:00 DEBUG 56239 --- [    Test worker] o.s.jdbc.support.JdbcTransactionManager  : Releasing JDBC Connection [HikariProxyConnection@636094094 wrapping conn0: url=jdbc:h2:mem:testdb user=SA] after transaction
2025-11-11T15:10:30.083+09:00 DEBUG 56239 --- [    Test worker] o.s.jdbc.support.JdbcTransactionManager  : Creating new transaction with name [dev.devrunner.jdbc.bookmark.repository.BookmarkJdbcRepositoryTest.findByUserIdAndTargetTypeAndTargetId_existingData_returnsConvertedDomain]: PROPAGATION_REQUIRED,ISOLATION_DEFAULT
2025-11-11T15:10:30.083+09:00 DEBUG 56239 --- [    Test worker] o.s.jdbc.support.JdbcTransactionManager  : Acquired Connection [HikariProxyConnection@538611367 wrapping conn0: url=jdbc:h2:mem:testdb user=SA] for JDBC transaction
2025-11-11T15:10:30.083+09:00 DEBUG 56239 --- [    Test worker] o.s.jdbc.support.JdbcTransactionManager  : Switching JDBC Connection [HikariProxyConnection@538611367 wrapping conn0: url=jdbc:h2:mem:testdb user=SA] to manual commit
2025-11-11T15:10:30.084+09:00 DEBUG 56239 --- [    Test worker] o.s.jdbc.support.JdbcTransactionManager  : Participating in existing transaction
2025-11-11T15:10:30.085+09:00 DEBUG 56239 --- [    Test worker] o.s.jdbc.core.JdbcTemplate               : Executing SQL update and returning generated keys
2025-11-11T15:10:30.085+09:00 DEBUG 56239 --- [    Test worker] o.s.jdbc.core.JdbcTemplate               : Executing prepared SQL statement [INSERT INTO "bookmarks" ("CREATED_AT", "TARGET_ID", "TARGET_TYPE", "UPDATED_AT", "USER_ID") VALUES (?, ?, ?, ?, ?)]
2025-11-11T15:10:30.086+09:00 DEBUG 56239 --- [    Test worker] o.s.jdbc.core.JdbcTemplate               : Executing prepared SQL query
2025-11-11T15:10:30.086+09:00 DEBUG 56239 --- [    Test worker] o.s.jdbc.core.JdbcTemplate               : Executing prepared SQL statement [SELECT "bookmarks"."ID" AS "ID", "bookmarks"."USER_ID" AS "USER_ID", "bookmarks"."TARGET_ID" AS "TARGET_ID", "bookmarks"."CREATED_AT" AS "CREATED_AT", "bookmarks"."UPDATED_AT" AS "UPDATED_AT", "bookmarks"."TARGET_TYPE" AS "TARGET_TYPE" FROM "bookmarks" WHERE "bookmarks"."USER_ID" = ? AND ("bookmarks"."TARGET_TYPE" = ?) AND ("bookmarks"."TARGET_ID" = ?)]
2025-11-11T15:10:30.091+09:00 DEBUG 56239 --- [    Test worker] o.s.jdbc.support.JdbcTransactionManager  : Initiating transaction rollback
2025-11-11T15:10:30.091+09:00 DEBUG 56239 --- [    Test worker] o.s.jdbc.support.JdbcTransactionManager  : Rolling back JDBC transaction on Connection [HikariProxyConnection@538611367 wrapping conn0: url=jdbc:h2:mem:testdb user=SA]
2025-11-11T15:10:30.092+09:00 DEBUG 56239 --- [    Test worker] o.s.jdbc.support.JdbcTransactionManager  : Releasing JDBC Connection [HikariProxyConnection@538611367 wrapping conn0: url=jdbc:h2:mem:testdb user=SA] after transaction
2025-11-11T15:10:30.095+09:00 DEBUG 56239 --- [    Test worker] o.s.jdbc.support.JdbcTransactionManager  : Creating new transaction with name [dev.devrunner.jdbc.bookmark.repository.BookmarkJdbcRepositoryTest.findByUserId_nonExistingUserId_returnsEmptyList]: PROPAGATION_REQUIRED,ISOLATION_DEFAULT
2025-11-11T15:10:30.096+09:00 DEBUG 56239 --- [    Test worker] o.s.jdbc.support.JdbcTransactionManager  : Acquired Connection [HikariProxyConnection@1653925030 wrapping conn0: url=jdbc:h2:mem:testdb user=SA] for JDBC transaction
2025-11-11T15:10:30.096+09:00 DEBUG 56239 --- [    Test worker] o.s.jdbc.support.JdbcTransactionManager  : Switching JDBC Connection [HikariProxyConnection@1653925030 wrapping conn0: url=jdbc:h2:mem:testdb user=SA] to manual commit
2025-11-11T15:10:30.098+09:00 DEBUG 56239 --- [    Test worker] o.s.jdbc.core.JdbcTemplate               : Executing prepared SQL query
2025-11-11T15:10:30.098+09:00 DEBUG 56239 --- [    Test worker] o.s.jdbc.core.JdbcTemplate               : Executing prepared SQL statement [SELECT "bookmarks"."ID" AS "ID", "bookmarks"."USER_ID" AS "USER_ID", "bookmarks"."TARGET_ID" AS "TARGET_ID", "bookmarks"."CREATED_AT" AS "CREATED_AT", "bookmarks"."UPDATED_AT" AS "UPDATED_AT", "bookmarks"."TARGET_TYPE" AS "TARGET_TYPE" FROM "bookmarks" WHERE "bookmarks"."USER_ID" = ? OFFSET 0 ROWS FETCH FIRST 10 ROWS ONLY]
2025-11-11T15:10:30.099+09:00 DEBUG 56239 --- [    Test worker] o.s.jdbc.support.JdbcTransactionManager  : Initiating transaction rollback
2025-11-11T15:10:30.100+09:00 DEBUG 56239 --- [    Test worker] o.s.jdbc.support.JdbcTransactionManager  : Rolling back JDBC transaction on Connection [HikariProxyConnection@1653925030 wrapping conn0: url=jdbc:h2:mem:testdb user=SA]
2025-11-11T15:10:30.100+09:00 DEBUG 56239 --- [    Test worker] o.s.jdbc.support.JdbcTransactionManager  : Releasing JDBC Connection [HikariProxyConnection@1653925030 wrapping conn0: url=jdbc:h2:mem:testdb user=SA] after transaction
2025-11-11T15:10:30.104+09:00 DEBUG 56239 --- [    Test worker] o.s.jdbc.support.JdbcTransactionManager  : Creating new transaction with name [dev.devrunner.jdbc.bookmark.repository.BookmarkJdbcRepositoryTest.findByUserIdAndTargetTypeAndTargetId_nonExistingData_returnsEmpty]: PROPAGATION_REQUIRED,ISOLATION_DEFAULT
2025-11-11T15:10:30.104+09:00 DEBUG 56239 --- [    Test worker] o.s.jdbc.support.JdbcTransactionManager  : Acquired Connection [HikariProxyConnection@325461513 wrapping conn0: url=jdbc:h2:mem:testdb user=SA] for JDBC transaction
2025-11-11T15:10:30.105+09:00 DEBUG 56239 --- [    Test worker] o.s.jdbc.support.JdbcTransactionManager  : Switching JDBC Connection [HikariProxyConnection@325461513 wrapping conn0: url=jdbc:h2:mem:testdb user=SA] to manual commit
2025-11-11T15:10:30.106+09:00 DEBUG 56239 --- [    Test worker] o.s.jdbc.core.JdbcTemplate               : Executing prepared SQL query
2025-11-11T15:10:30.106+09:00 DEBUG 56239 --- [    Test worker] o.s.jdbc.core.JdbcTemplate               : Executing prepared SQL statement [SELECT "bookmarks"."ID" AS "ID", "bookmarks"."USER_ID" AS "USER_ID", "bookmarks"."TARGET_ID" AS "TARGET_ID", "bookmarks"."CREATED_AT" AS "CREATED_AT", "bookmarks"."UPDATED_AT" AS "UPDATED_AT", "bookmarks"."TARGET_TYPE" AS "TARGET_TYPE" FROM "bookmarks" WHERE "bookmarks"."USER_ID" = ? AND ("bookmarks"."TARGET_TYPE" = ?) AND ("bookmarks"."TARGET_ID" = ?)]
2025-11-11T15:10:30.108+09:00 DEBUG 56239 --- [    Test worker] o.s.jdbc.support.JdbcTransactionManager  : Initiating transaction rollback
2025-11-11T15:10:30.109+09:00 DEBUG 56239 --- [    Test worker] o.s.jdbc.support.JdbcTransactionManager  : Rolling back JDBC transaction on Connection [HikariProxyConnection@325461513 wrapping conn0: url=jdbc:h2:mem:testdb user=SA]
2025-11-11T15:10:30.109+09:00 DEBUG 56239 --- [    Test worker] o.s.jdbc.support.JdbcTransactionManager  : Releasing JDBC Connection [HikariProxyConnection@325461513 wrapping conn0: url=jdbc:h2:mem:testdb user=SA] after transaction
2025-11-11T15:10:30.110+09:00 DEBUG 56239 --- [    Test worker] o.s.jdbc.support.JdbcTransactionManager  : Creating new transaction with name [dev.devrunner.jdbc.bookmark.repository.BookmarkJdbcRepositoryTest.countByUserId_nonExistingUserId_returnsZero]: PROPAGATION_REQUIRED,ISOLATION_DEFAULT
2025-11-11T15:10:30.111+09:00 DEBUG 56239 --- [    Test worker] o.s.jdbc.support.JdbcTransactionManager  : Acquired Connection [HikariProxyConnection@1275071684 wrapping conn0: url=jdbc:h2:mem:testdb user=SA] for JDBC transaction
2025-11-11T15:10:30.111+09:00 DEBUG 56239 --- [    Test worker] o.s.jdbc.support.JdbcTransactionManager  : Switching JDBC Connection [HikariProxyConnection@1275071684 wrapping conn0: url=jdbc:h2:mem:testdb user=SA] to manual commit
2025-11-11T15:10:30.113+09:00 DEBUG 56239 --- [    Test worker] o.s.jdbc.core.JdbcTemplate               : Executing prepared SQL query
2025-11-11T15:10:30.113+09:00 DEBUG 56239 --- [    Test worker] o.s.jdbc.core.JdbcTemplate               : Executing prepared SQL statement [SELECT COUNT(*) FROM "bookmarks" WHERE "bookmarks"."USER_ID" = ?]
2025-11-11T15:10:30.116+09:00 DEBUG 56239 --- [    Test worker] o.s.jdbc.support.JdbcTransactionManager  : Initiating transaction rollback
2025-11-11T15:10:30.116+09:00 DEBUG 56239 --- [    Test worker] o.s.jdbc.support.JdbcTransactionManager  : Rolling back JDBC transaction on Connection [HikariProxyConnection@1275071684 wrapping conn0: url=jdbc:h2:mem:testdb user=SA]
2025-11-11T15:10:30.116+09:00 DEBUG 56239 --- [    Test worker] o.s.jdbc.support.JdbcTransactionManager  : Releasing JDBC Connection [HikariProxyConnection@1275071684 wrapping conn0: url=jdbc:h2:mem:testdb user=SA] after transaction
2025-11-11T15:10:30.118+09:00 DEBUG 56239 --- [    Test worker] o.s.jdbc.support.JdbcTransactionManager  : Creating new transaction with name [dev.devrunner.jdbc.bookmark.repository.BookmarkJdbcRepositoryTest.existsById_existingId_returnsTrue]: PROPAGATION_REQUIRED,ISOLATION_DEFAULT
2025-11-11T15:10:30.118+09:00 DEBUG 56239 --- [    Test worker] o.s.jdbc.support.JdbcTransactionManager  : Acquired Connection [HikariProxyConnection@1815479580 wrapping conn0: url=jdbc:h2:mem:testdb user=SA] for JDBC transaction
2025-11-11T15:10:30.118+09:00 DEBUG 56239 --- [    Test worker] o.s.jdbc.support.JdbcTransactionManager  : Switching JDBC Connection [HikariProxyConnection@1815479580 wrapping conn0: url=jdbc:h2:mem:testdb user=SA] to manual commit
2025-11-11T15:10:30.119+09:00 DEBUG 56239 --- [    Test worker] o.s.jdbc.support.JdbcTransactionManager  : Participating in existing transaction
2025-11-11T15:10:30.119+09:00 DEBUG 56239 --- [    Test worker] o.s.jdbc.core.JdbcTemplate               : Executing SQL update and returning generated keys
2025-11-11T15:10:30.120+09:00 DEBUG 56239 --- [    Test worker] o.s.jdbc.core.JdbcTemplate               : Executing prepared SQL statement [INSERT INTO "bookmarks" ("CREATED_AT", "TARGET_ID", "TARGET_TYPE", "UPDATED_AT", "USER_ID") VALUES (?, ?, ?, ?, ?)]
2025-11-11T15:10:30.121+09:00 DEBUG 56239 --- [    Test worker] o.s.jdbc.support.JdbcTransactionManager  : Participating in existing transaction
2025-11-11T15:10:30.122+09:00 DEBUG 56239 --- [    Test worker] o.s.jdbc.core.JdbcTemplate               : Executing prepared SQL query
2025-11-11T15:10:30.122+09:00 DEBUG 56239 --- [    Test worker] o.s.jdbc.core.JdbcTemplate               : Executing prepared SQL statement [SELECT COUNT("bookmarks"."ID") FROM "bookmarks" WHERE "bookmarks"."ID" = ?]
2025-11-11T15:10:30.124+09:00 DEBUG 56239 --- [    Test worker] o.s.jdbc.support.JdbcTransactionManager  : Initiating transaction rollback
2025-11-11T15:10:30.124+09:00 DEBUG 56239 --- [    Test worker] o.s.jdbc.support.JdbcTransactionManager  : Rolling back JDBC transaction on Connection [HikariProxyConnection@1815479580 wrapping conn0: url=jdbc:h2:mem:testdb user=SA]
2025-11-11T15:10:30.124+09:00 DEBUG 56239 --- [    Test worker] o.s.jdbc.support.JdbcTransactionManager  : Releasing JDBC Connection [HikariProxyConnection@1815479580 wrapping conn0: url=jdbc:h2:mem:testdb user=SA] after transaction
2025-11-11T15:10:30.125+09:00 DEBUG 56239 --- [    Test worker] o.s.jdbc.support.JdbcTransactionManager  : Creating new transaction with name [dev.devrunner.jdbc.bookmark.repository.BookmarkJdbcRepositoryTest.findByUserIdAndTargetType_existingData_returnsConvertedList]: PROPAGATION_REQUIRED,ISOLATION_DEFAULT
2025-11-11T15:10:30.125+09:00 DEBUG 56239 --- [    Test worker] o.s.jdbc.support.JdbcTransactionManager  : Acquired Connection [HikariProxyConnection@441236678 wrapping conn0: url=jdbc:h2:mem:testdb user=SA] for JDBC transaction
2025-11-11T15:10:30.125+09:00 DEBUG 56239 --- [    Test worker] o.s.jdbc.support.JdbcTransactionManager  : Switching JDBC Connection [HikariProxyConnection@441236678 wrapping conn0: url=jdbc:h2:mem:testdb user=SA] to manual commit
2025-11-11T15:10:30.127+09:00 DEBUG 56239 --- [    Test worker] o.s.jdbc.support.JdbcTransactionManager  : Participating in existing transaction
2025-11-11T15:10:30.129+09:00 DEBUG 56239 --- [    Test worker] o.s.jdbc.core.JdbcTemplate               : Executing SQL update and returning generated keys
2025-11-11T15:10:30.129+09:00 DEBUG 56239 --- [    Test worker] o.s.jdbc.core.JdbcTemplate               : Executing prepared SQL statement [INSERT INTO "bookmarks" ("CREATED_AT", "TARGET_ID", "TARGET_TYPE", "UPDATED_AT", "USER_ID") VALUES (?, ?, ?, ?, ?)]
2025-11-11T15:10:30.131+09:00 DEBUG 56239 --- [    Test worker] o.s.jdbc.support.JdbcTransactionManager  : Participating in existing transaction
2025-11-11T15:10:30.133+09:00 DEBUG 56239 --- [    Test worker] o.s.jdbc.core.JdbcTemplate               : Executing SQL update and returning generated keys
2025-11-11T15:10:30.133+09:00 DEBUG 56239 --- [    Test worker] o.s.jdbc.core.JdbcTemplate               : Executing prepared SQL statement [INSERT INTO "bookmarks" ("CREATED_AT", "TARGET_ID", "TARGET_TYPE", "UPDATED_AT", "USER_ID") VALUES (?, ?, ?, ?, ?)]
2025-11-11T15:10:30.134+09:00 DEBUG 56239 --- [    Test worker] o.s.jdbc.support.JdbcTransactionManager  : Participating in existing transaction
2025-11-11T15:10:30.136+09:00 DEBUG 56239 --- [    Test worker] o.s.jdbc.core.JdbcTemplate               : Executing SQL update and returning generated keys
2025-11-11T15:10:30.137+09:00 DEBUG 56239 --- [    Test worker] o.s.jdbc.core.JdbcTemplate               : Executing prepared SQL statement [INSERT INTO "bookmarks" ("CREATED_AT", "TARGET_ID", "TARGET_TYPE", "UPDATED_AT", "USER_ID") VALUES (?, ?, ?, ?, ?)]
2025-11-11T15:10:30.139+09:00 DEBUG 56239 --- [    Test worker] o.s.jdbc.core.JdbcTemplate               : Executing prepared SQL query
2025-11-11T15:10:30.139+09:00 DEBUG 56239 --- [    Test worker] o.s.jdbc.core.JdbcTemplate               : Executing prepared SQL statement [SELECT "bookmarks"."ID" AS "ID", "bookmarks"."USER_ID" AS "USER_ID", "bookmarks"."TARGET_ID" AS "TARGET_ID", "bookmarks"."CREATED_AT" AS "CREATED_AT", "bookmarks"."UPDATED_AT" AS "UPDATED_AT", "bookmarks"."TARGET_TYPE" AS "TARGET_TYPE" FROM "bookmarks" WHERE "bookmarks"."USER_ID" = ? AND ("bookmarks"."TARGET_TYPE" = ?) OFFSET 0 ROWS FETCH FIRST 10 ROWS ONLY]
2025-11-11T15:10:30.143+09:00 DEBUG 56239 --- [    Test worker] o.s.jdbc.support.JdbcTransactionManager  : Initiating transaction rollback
2025-11-11T15:10:30.143+09:00 DEBUG 56239 --- [    Test worker] o.s.jdbc.support.JdbcTransactionManager  : Rolling back JDBC transaction on Connection [HikariProxyConnection@441236678 wrapping conn0: url=jdbc:h2:mem:testdb user=SA]
2025-11-11T15:10:30.143+09:00 DEBUG 56239 --- [    Test worker] o.s.jdbc.support.JdbcTransactionManager  : Releasing JDBC Connection [HikariProxyConnection@441236678 wrapping conn0: url=jdbc:h2:mem:testdb user=SA] after transaction
]]></system-out>
  <system-err><![CDATA[WARNING: A Java agent has been loaded dynamically (/Users/dankim0124/.gradle/caches/modules-2/files-2.1/net.bytebuddy/byte-buddy-agent/1.14.10/90ed94ac044ea8953b224304c762316e91fd6b31/byte-buddy-agent-1.14.10.jar)
WARNING: If a serviceability tool is in use, please run with -XX:+EnableDynamicAgentLoading to hide this warning
WARNING: If a serviceability tool is not in use, please run with -Djdk.instrument.traceUsage for more information
WARNING: Dynamic loading of agents will be disallowed by default in a future release
]]></system-err>
</testsuite>
